<?xml version="1.0"?>
<testsuite name="Chrome Headless 96.0.4664.45 (Windows 10)" package="unit" timestamp="2021-11-30T02:03:49" id="0" hostname="Chin2" tests="154" errors="0" failures="96" time="1.611">
  <properties>
    <property name="browser.fullName" value="Mozilla/5.0 (Windows NT 10.0; Win64; x64) AppleWebKit/537.36 (KHTML, like Gecko) HeadlessChrome/96.0.4664.45 Safari/537.36"/>
  </properties>
  <testcase name="DataService regNewUser should return success status if user added successfully" time="0.012" classname=".DataService"/>
  <testcase name="DataService regNewUser status as failed if new user is not registered(username or email is already exists)" time="0.003" classname=".DataService"/>
  <testcase name="DataService getParticularPatient should return patient details on providing valid user id" time="0.003" classname=".DataService"/>
  <testcase name="DataService getAllPatientsList should return error on occurence of error" time="0.002" classname=".DataService"/>
  <testcase name="DataService getSinglePatientAppointments should return error on occurence of error" time="0.003" classname=".DataService"/>
  <testcase name="DataService getSinglePatientAppointments should return appointment details on providing valid appointment id" time="0.002" classname=".DataService"/>
  <testcase name="DataService scheduleAppointment should return error on occurence of error" time="0.003" classname=".DataService"/>
  <testcase name="DataService diseasesList should return list of diseases" time="0.001" classname=".DataService"/>
  <testcase name="DataService updateProfile should return false on occurence of error" time="0.002" classname=".DataService"/>
  <testcase name="DataService deleteAppointment should return error on occurence of error" time="0.01" classname=".DataService"/>
  <testcase name="DataService authenticateUser should store id, token in localStorage if auth success" time="0.002" classname=".DataService"/>
  <testcase name="DataService registerPatient should return patientDetails  on reporting with valid user id " time="0.002" classname=".DataService"/>
  <testcase name="DataService authenticateUser should return true if auth success" time="0.001" classname=".DataService"/>
  <testcase name="DataService getParticularPatient should return error on occurence of error" time="0.001" classname=".DataService"/>
  <testcase name="DataService registerPatient should return error on occurence of error " time="0.001" classname=".DataService"/>
  <testcase name="DataService doLogOut should store clear localStorage" time="0.001" classname=".DataService"/>
  <testcase name="DataService requestedAppointments should return all appointments booked by all patients" time="0.001" classname=".DataService"/>
  <testcase name="DataService getUserDetails should return user details on providing valid user id" time="0.002" classname=".DataService"/>
  <testcase name="DataService getAllPatientsList should return user details on providing valid user id" time="0.001" classname=".DataService"/>
  <testcase name="DataService getUserDetails should return error on occurence of error" time="0.005" classname=".DataService"/>
  <testcase name="DataService requestedAppointments should return error on occurence of error" time="0.001" classname=".DataService"/>
  <testcase name="DataService updateProfile should return true on providing valid user details" time="0.001" classname=".DataService"/>
  <testcase name="DataService scheduleAppointment should return success status on reporting with valid appointmentDetails " time="0.001" classname=".DataService"/>
  <testcase name="DataService diseasesList should return error on occurence of error" time="0.001" classname=".DataService"/>
  <testcase name="DataService authenticateUser should return false on occurence of error" time="0.002" classname=".DataService"/>
  <testcase name="DataService deleteAppointment should return success status on providing valid appointment id" time="0.001" classname=".DataService"/>
  <testcase name="AuthGuardService #canActivate should navigate to login if error occurs" time="0.07" classname=".AuthGuardService"/>
  <testcase name="AuthGuardService #canActivate should return false and navigate to login if user is not logged in" time="0.004" classname=".AuthGuardService"/>
  <testcase name="AuthGuardService #canActivate should return true for logged in users" time="0.006" classname=".AuthGuardService"/>
  <testcase name="AllRequestedAppointmentsComponent should navigate to patientList page with selected patientId" time="0.029" classname=".AllRequestedAppointmentsComponent"/>
  <testcase name="AllRequestedAppointmentsComponent should call view method with the id of selected patient" time="0.016" classname=".AllRequestedAppointmentsComponent"/>
  <testcase name="AllRequestedAppointmentsComponent should call cancelAppointment method with the id of selected patient" time="0.091" classname=".AllRequestedAppointmentsComponent">
    <failure type="">Expected spy cancelAppointment to have been called with:
  [ '6c57dfc5-2dce-4616-aa1d-9ac8bc510a3f' ]
but actual calls were:
  [ undefined ].

Call 0:
  Expected $[0] = undefined to equal '6c57dfc5-2dce-4616-aa1d-9ac8bc510a3f'.
    at &lt;Jasmine&gt;
    at UserContext.&lt;anonymous&gt; (http://localhost:9876/_karma_webpack_/src/app/component/all-requested-appointments/all-requested-appointments.component.spec.ts:138:41)
    at UserContext.&lt;anonymous&gt; (http://localhost:9876/_karma_webpack_/node_modules/zone.js/dist/zone-testing.js:1749:1)
    at ZoneDelegate.invoke (http://localhost:9876/_karma_webpack_/node_modules/zone.js/dist/zone-evergreen.js:364:1)
</failure>
  </testcase>
  <testcase name="AllRequestedAppointmentsComponent should call deleteAppointment method of dataService with the id of selected patient" time="0.013" classname=".AllRequestedAppointmentsComponent">
    <failure type="">Expected spy deleteAppointment to have been called with:
  [ '6c57dfc5-2dce-4616-aa1d-9ac8bc510a3f' ]
but actual calls were:
  [ undefined ].

Call 0:
  Expected $[0] = undefined to equal '6c57dfc5-2dce-4616-aa1d-9ac8bc510a3f'.
    at &lt;Jasmine&gt;
    at UserContext.&lt;anonymous&gt; (http://localhost:9876/_karma_webpack_/src/app/component/all-requested-appointments/all-requested-appointments.component.spec.ts:150:43)
    at UserContext.&lt;anonymous&gt; (http://localhost:9876/_karma_webpack_/node_modules/zone.js/dist/zone-testing.js:1749:1)
    at ZoneDelegate.invoke (http://localhost:9876/_karma_webpack_/node_modules/zone.js/dist/zone-evergreen.js:364:1)
</failure>
  </testcase>
  <testcase name="AllRequestedAppointmentsComponent should fetch all appointments after cancelling an appointment" time="0.013" classname=".AllRequestedAppointmentsComponent"/>
  <testcase name="AllRequestedAppointmentsComponent should call requestedAppointments method by default " time="0.016" classname=".AllRequestedAppointmentsComponent"/>
  <testcase name="ApiService login should return user details if auth success" time="0.004" classname=".ApiService">
    <failure type="">TypeError: Cannot read properties of undefined (reading 'subscribe')
    at &lt;Jasmine&gt;
    at UserContext.&lt;anonymous&gt; (http://localhost:9876/_karma_webpack_/src/app/services/api.service.spec.ts:143:47)
    at ZoneDelegate.invoke (http://localhost:9876/_karma_webpack_/node_modules/zone.js/dist/zone-evergreen.js:364:1)
    at ProxyZoneSpec.push../node_modules/zone.js/dist/zone-testing.js.ProxyZoneSpec.onInvoke (http://localhost:9876/_karma_webpack_/node_modules/zone.js/dist/zone-testing.js:292:1)
    at ZoneDelegate.invoke (http://localhost:9876/_karma_webpack_/node_modules/zone.js/dist/zone-evergreen.js:363:1)
    at Zone.run (http://localhost:9876/_karma_webpack_/node_modules/zone.js/dist/zone-evergreen.js:123:1)
    at runInTestZone (http://localhost:9876/_karma_webpack_/node_modules/zone.js/dist/zone-testing.js:542:1)
    at UserContext.&lt;anonymous&gt; (http://localhost:9876/_karma_webpack_/node_modules/zone.js/dist/zone-testing.js:558:1)
    at &lt;Jasmine&gt;
</failure>
  </testcase>
  <testcase name="ApiService getAllPatientsList should return all patient details" time="0.012" classname=".ApiService">
    <failure type="">TypeError: Cannot read properties of undefined (reading 'subscribe')
    at &lt;Jasmine&gt;
    at UserContext.&lt;anonymous&gt; (http://localhost:9876/_karma_webpack_/src/app/services/api.service.spec.ts:341:36)
    at ZoneDelegate.invoke (http://localhost:9876/_karma_webpack_/node_modules/zone.js/dist/zone-evergreen.js:364:1)
    at ProxyZoneSpec.push../node_modules/zone.js/dist/zone-testing.js.ProxyZoneSpec.onInvoke (http://localhost:9876/_karma_webpack_/node_modules/zone.js/dist/zone-testing.js:292:1)
    at ZoneDelegate.invoke (http://localhost:9876/_karma_webpack_/node_modules/zone.js/dist/zone-evergreen.js:363:1)
    at Zone.run (http://localhost:9876/_karma_webpack_/node_modules/zone.js/dist/zone-evergreen.js:123:1)
    at runInTestZone (http://localhost:9876/_karma_webpack_/node_modules/zone.js/dist/zone-testing.js:542:1)
    at UserContext.&lt;anonymous&gt; (http://localhost:9876/_karma_webpack_/node_modules/zone.js/dist/zone-testing.js:558:1)
    at &lt;Jasmine&gt;
</failure>
  </testcase>
  <testcase name="ApiService login should return error message if auth fails" time="0.004" classname=".ApiService">
    <failure type="">TypeError: Cannot read properties of undefined (reading 'subscribe')
    at &lt;Jasmine&gt;
    at UserContext.&lt;anonymous&gt; (http://localhost:9876/_karma_webpack_/src/app/services/api.service.spec.ts:159:47)
    at ZoneDelegate.invoke (http://localhost:9876/_karma_webpack_/node_modules/zone.js/dist/zone-evergreen.js:364:1)
    at ProxyZoneSpec.push../node_modules/zone.js/dist/zone-testing.js.ProxyZoneSpec.onInvoke (http://localhost:9876/_karma_webpack_/node_modules/zone.js/dist/zone-testing.js:292:1)
    at ZoneDelegate.invoke (http://localhost:9876/_karma_webpack_/node_modules/zone.js/dist/zone-evergreen.js:363:1)
    at Zone.run (http://localhost:9876/_karma_webpack_/node_modules/zone.js/dist/zone-evergreen.js:123:1)
    at runInTestZone (http://localhost:9876/_karma_webpack_/node_modules/zone.js/dist/zone-testing.js:542:1)
    at UserContext.&lt;anonymous&gt; (http://localhost:9876/_karma_webpack_/node_modules/zone.js/dist/zone-testing.js:558:1)
    at &lt;Jasmine&gt;
</failure>
  </testcase>
  <testcase name="ApiService getParticularPatient should return particular patient details" time="0.002" classname=".ApiService">
    <failure type="">TypeError: Cannot read properties of undefined (reading 'subscribe')
    at &lt;Jasmine&gt;
    at UserContext.&lt;anonymous&gt; (http://localhost:9876/_karma_webpack_/src/app/services/api.service.spec.ts:357:47)
    at ZoneDelegate.invoke (http://localhost:9876/_karma_webpack_/node_modules/zone.js/dist/zone-evergreen.js:364:1)
    at ProxyZoneSpec.push../node_modules/zone.js/dist/zone-testing.js.ProxyZoneSpec.onInvoke (http://localhost:9876/_karma_webpack_/node_modules/zone.js/dist/zone-testing.js:292:1)
    at ZoneDelegate.invoke (http://localhost:9876/_karma_webpack_/node_modules/zone.js/dist/zone-evergreen.js:363:1)
    at Zone.run (http://localhost:9876/_karma_webpack_/node_modules/zone.js/dist/zone-evergreen.js:123:1)
    at runInTestZone (http://localhost:9876/_karma_webpack_/node_modules/zone.js/dist/zone-testing.js:542:1)
    at UserContext.&lt;anonymous&gt; (http://localhost:9876/_karma_webpack_/node_modules/zone.js/dist/zone-testing.js:558:1)
    at &lt;Jasmine&gt;
</failure>
  </testcase>
  <testcase name="ApiService getSinglePatientAppointments should return requested appointments of particular patient" time="0.004" classname=".ApiService">
    <failure type="">TypeError: Cannot read properties of undefined (reading 'subscribe')
    at &lt;Jasmine&gt;
    at UserContext.&lt;anonymous&gt; (http://localhost:9876/_karma_webpack_/src/app/services/api.service.spec.ts:416:55)
    at ZoneDelegate.invoke (http://localhost:9876/_karma_webpack_/node_modules/zone.js/dist/zone-evergreen.js:364:1)
    at ProxyZoneSpec.push../node_modules/zone.js/dist/zone-testing.js.ProxyZoneSpec.onInvoke (http://localhost:9876/_karma_webpack_/node_modules/zone.js/dist/zone-testing.js:292:1)
    at ZoneDelegate.invoke (http://localhost:9876/_karma_webpack_/node_modules/zone.js/dist/zone-evergreen.js:363:1)
    at Zone.run (http://localhost:9876/_karma_webpack_/node_modules/zone.js/dist/zone-evergreen.js:123:1)
    at runInTestZone (http://localhost:9876/_karma_webpack_/node_modules/zone.js/dist/zone-testing.js:542:1)
    at UserContext.&lt;anonymous&gt; (http://localhost:9876/_karma_webpack_/node_modules/zone.js/dist/zone-testing.js:558:1)
    at &lt;Jasmine&gt;
</failure>
  </testcase>
  <testcase name="ApiService diseasesList should return the list of diseases" time="0.003" classname=".ApiService">
    <failure type="">TypeError: Cannot read properties of undefined (reading 'subscribe')
    at &lt;Jasmine&gt;
    at UserContext.&lt;anonymous&gt; (http://localhost:9876/_karma_webpack_/src/app/services/api.service.spec.ts:373:30)
    at ZoneDelegate.invoke (http://localhost:9876/_karma_webpack_/node_modules/zone.js/dist/zone-evergreen.js:364:1)
    at ProxyZoneSpec.push../node_modules/zone.js/dist/zone-testing.js.ProxyZoneSpec.onInvoke (http://localhost:9876/_karma_webpack_/node_modules/zone.js/dist/zone-testing.js:292:1)
    at ZoneDelegate.invoke (http://localhost:9876/_karma_webpack_/node_modules/zone.js/dist/zone-evergreen.js:363:1)
    at Zone.run (http://localhost:9876/_karma_webpack_/node_modules/zone.js/dist/zone-evergreen.js:123:1)
    at runInTestZone (http://localhost:9876/_karma_webpack_/node_modules/zone.js/dist/zone-testing.js:542:1)
    at UserContext.&lt;anonymous&gt; (http://localhost:9876/_karma_webpack_/node_modules/zone.js/dist/zone-testing.js:558:1)
    at &lt;Jasmine&gt;
</failure>
  </testcase>
  <testcase name="ApiService scheduleAppointment should return success message if POST method success" time="0.002" classname=".ApiService">
    <failure type="">TypeError: Cannot read properties of undefined (reading 'subscribe')
    at &lt;Jasmine&gt;
    at UserContext.&lt;anonymous&gt; (http://localhost:9876/_karma_webpack_/src/app/services/api.service.spec.ts:403:51)
    at ZoneDelegate.invoke (http://localhost:9876/_karma_webpack_/node_modules/zone.js/dist/zone-evergreen.js:364:1)
    at ProxyZoneSpec.push../node_modules/zone.js/dist/zone-testing.js.ProxyZoneSpec.onInvoke (http://localhost:9876/_karma_webpack_/node_modules/zone.js/dist/zone-testing.js:292:1)
    at ZoneDelegate.invoke (http://localhost:9876/_karma_webpack_/node_modules/zone.js/dist/zone-evergreen.js:363:1)
    at Zone.run (http://localhost:9876/_karma_webpack_/node_modules/zone.js/dist/zone-evergreen.js:123:1)
    at runInTestZone (http://localhost:9876/_karma_webpack_/node_modules/zone.js/dist/zone-testing.js:542:1)
    at UserContext.&lt;anonymous&gt; (http://localhost:9876/_karma_webpack_/node_modules/zone.js/dist/zone-testing.js:558:1)
    at &lt;Jasmine&gt;
</failure>
  </testcase>
  <testcase name="ApiService regNewUser should return status as success if new user registered successfully" time="0.005" classname=".ApiService">
    <failure type="">TypeError: Cannot read properties of undefined (reading 'subscribe')
    at &lt;Jasmine&gt;
    at UserContext.&lt;anonymous&gt; (http://localhost:9876/_karma_webpack_/src/app/services/api.service.spec.ts:181:39)
    at ZoneDelegate.invoke (http://localhost:9876/_karma_webpack_/node_modules/zone.js/dist/zone-evergreen.js:364:1)
    at ProxyZoneSpec.push../node_modules/zone.js/dist/zone-testing.js.ProxyZoneSpec.onInvoke (http://localhost:9876/_karma_webpack_/node_modules/zone.js/dist/zone-testing.js:292:1)
    at ZoneDelegate.invoke (http://localhost:9876/_karma_webpack_/node_modules/zone.js/dist/zone-evergreen.js:363:1)
    at Zone.run (http://localhost:9876/_karma_webpack_/node_modules/zone.js/dist/zone-evergreen.js:123:1)
    at runInTestZone (http://localhost:9876/_karma_webpack_/node_modules/zone.js/dist/zone-testing.js:542:1)
    at UserContext.&lt;anonymous&gt; (http://localhost:9876/_karma_webpack_/node_modules/zone.js/dist/zone-testing.js:558:1)
    at &lt;Jasmine&gt;
</failure>
  </testcase>
  <testcase name="ApiService updateDetails should return new user details after submitting the update" time="0.003" classname=".ApiService">
    <failure type="">TypeError: Cannot read properties of undefined (reading 'subscribe')
    at &lt;Jasmine&gt;
    at UserContext.&lt;anonymous&gt; (http://localhost:9876/_karma_webpack_/src/app/services/api.service.spec.ts:255:50)
    at ZoneDelegate.invoke (http://localhost:9876/_karma_webpack_/node_modules/zone.js/dist/zone-evergreen.js:364:1)
    at ProxyZoneSpec.push../node_modules/zone.js/dist/zone-testing.js.ProxyZoneSpec.onInvoke (http://localhost:9876/_karma_webpack_/node_modules/zone.js/dist/zone-testing.js:292:1)
    at ZoneDelegate.invoke (http://localhost:9876/_karma_webpack_/node_modules/zone.js/dist/zone-evergreen.js:363:1)
    at Zone.run (http://localhost:9876/_karma_webpack_/node_modules/zone.js/dist/zone-evergreen.js:123:1)
    at runInTestZone (http://localhost:9876/_karma_webpack_/node_modules/zone.js/dist/zone-testing.js:542:1)
    at UserContext.&lt;anonymous&gt; (http://localhost:9876/_karma_webpack_/node_modules/zone.js/dist/zone-testing.js:558:1)
    at &lt;Jasmine&gt;
</failure>
  </testcase>
  <testcase name="ApiService updateDetails should return status 500 if user details not updated" time="0.003" classname=".ApiService">
    <failure type="">TypeError: Cannot read properties of undefined (reading 'subscribe')
    at &lt;Jasmine&gt;
    at UserContext.&lt;anonymous&gt; (http://localhost:9876/_karma_webpack_/src/app/services/api.service.spec.ts:277:50)
    at ZoneDelegate.invoke (http://localhost:9876/_karma_webpack_/node_modules/zone.js/dist/zone-evergreen.js:364:1)
    at ProxyZoneSpec.push../node_modules/zone.js/dist/zone-testing.js.ProxyZoneSpec.onInvoke (http://localhost:9876/_karma_webpack_/node_modules/zone.js/dist/zone-testing.js:292:1)
    at ZoneDelegate.invoke (http://localhost:9876/_karma_webpack_/node_modules/zone.js/dist/zone-evergreen.js:363:1)
    at Zone.run (http://localhost:9876/_karma_webpack_/node_modules/zone.js/dist/zone-evergreen.js:123:1)
    at runInTestZone (http://localhost:9876/_karma_webpack_/node_modules/zone.js/dist/zone-testing.js:542:1)
    at UserContext.&lt;anonymous&gt; (http://localhost:9876/_karma_webpack_/node_modules/zone.js/dist/zone-testing.js:558:1)
    at &lt;Jasmine&gt;
</failure>
  </testcase>
  <testcase name="ApiService login should send user credentials in post request body" time="0.003" classname=".ApiService">
    <failure type="">TypeError: Cannot read properties of undefined (reading 'subscribe')
    at &lt;Jasmine&gt;
    at UserContext.&lt;anonymous&gt; (http://localhost:9876/_karma_webpack_/src/app/services/api.service.spec.ts:127:47)
    at ZoneDelegate.invoke (http://localhost:9876/_karma_webpack_/node_modules/zone.js/dist/zone-evergreen.js:364:1)
    at ProxyZoneSpec.push../node_modules/zone.js/dist/zone-testing.js.ProxyZoneSpec.onInvoke (http://localhost:9876/_karma_webpack_/node_modules/zone.js/dist/zone-testing.js:292:1)
    at ZoneDelegate.invoke (http://localhost:9876/_karma_webpack_/node_modules/zone.js/dist/zone-evergreen.js:363:1)
    at Zone.run (http://localhost:9876/_karma_webpack_/node_modules/zone.js/dist/zone-evergreen.js:123:1)
    at runInTestZone (http://localhost:9876/_karma_webpack_/node_modules/zone.js/dist/zone-testing.js:542:1)
    at UserContext.&lt;anonymous&gt; (http://localhost:9876/_karma_webpack_/node_modules/zone.js/dist/zone-testing.js:558:1)
    at &lt;Jasmine&gt;
</failure>
  </testcase>
  <testcase name="ApiService registerPatient should add patient details in post request body" time="0.007" classname=".ApiService">
    <failure type="">TypeError: Cannot read properties of undefined (reading 'subscribe')
    at &lt;Jasmine&gt;
    at UserContext.&lt;anonymous&gt; (http://localhost:9876/_karma_webpack_/src/app/services/api.service.spec.ts:305:47)
    at ZoneDelegate.invoke (http://localhost:9876/_karma_webpack_/node_modules/zone.js/dist/zone-evergreen.js:364:1)
    at ProxyZoneSpec.push../node_modules/zone.js/dist/zone-testing.js.ProxyZoneSpec.onInvoke (http://localhost:9876/_karma_webpack_/node_modules/zone.js/dist/zone-testing.js:292:1)
    at ZoneDelegate.invoke (http://localhost:9876/_karma_webpack_/node_modules/zone.js/dist/zone-evergreen.js:363:1)
    at Zone.run (http://localhost:9876/_karma_webpack_/node_modules/zone.js/dist/zone-evergreen.js:123:1)
    at runInTestZone (http://localhost:9876/_karma_webpack_/node_modules/zone.js/dist/zone-testing.js:542:1)
    at UserContext.&lt;anonymous&gt; (http://localhost:9876/_karma_webpack_/node_modules/zone.js/dist/zone-testing.js:558:1)
    at &lt;Jasmine&gt;
</failure>
  </testcase>
  <testcase name="ApiService regNewUser should return status as failed if new user is not registered(email is already exists) " time="0.002" classname=".ApiService">
    <failure type="">TypeError: Cannot read properties of undefined (reading 'subscribe')
    at &lt;Jasmine&gt;
    at UserContext.&lt;anonymous&gt; (http://localhost:9876/_karma_webpack_/src/app/services/api.service.spec.ts:203:39)
    at ZoneDelegate.invoke (http://localhost:9876/_karma_webpack_/node_modules/zone.js/dist/zone-evergreen.js:364:1)
    at ProxyZoneSpec.push../node_modules/zone.js/dist/zone-testing.js.ProxyZoneSpec.onInvoke (http://localhost:9876/_karma_webpack_/node_modules/zone.js/dist/zone-testing.js:292:1)
    at ZoneDelegate.invoke (http://localhost:9876/_karma_webpack_/node_modules/zone.js/dist/zone-evergreen.js:363:1)
    at Zone.run (http://localhost:9876/_karma_webpack_/node_modules/zone.js/dist/zone-evergreen.js:123:1)
    at runInTestZone (http://localhost:9876/_karma_webpack_/node_modules/zone.js/dist/zone-testing.js:542:1)
    at UserContext.&lt;anonymous&gt; (http://localhost:9876/_karma_webpack_/node_modules/zone.js/dist/zone-testing.js:558:1)
    at &lt;Jasmine&gt;
</failure>
  </testcase>
  <testcase name="ApiService registerPatient should return success if POST method success" time="0.005" classname=".ApiService">
    <failure type="">TypeError: Cannot read properties of undefined (reading 'subscribe')
    at &lt;Jasmine&gt;
    at UserContext.&lt;anonymous&gt; (http://localhost:9876/_karma_webpack_/src/app/services/api.service.spec.ts:330:47)
    at ZoneDelegate.invoke (http://localhost:9876/_karma_webpack_/node_modules/zone.js/dist/zone-evergreen.js:364:1)
    at ProxyZoneSpec.push../node_modules/zone.js/dist/zone-testing.js.ProxyZoneSpec.onInvoke (http://localhost:9876/_karma_webpack_/node_modules/zone.js/dist/zone-testing.js:292:1)
    at ZoneDelegate.invoke (http://localhost:9876/_karma_webpack_/node_modules/zone.js/dist/zone-evergreen.js:363:1)
    at Zone.run (http://localhost:9876/_karma_webpack_/node_modules/zone.js/dist/zone-evergreen.js:123:1)
    at runInTestZone (http://localhost:9876/_karma_webpack_/node_modules/zone.js/dist/zone-testing.js:542:1)
    at UserContext.&lt;anonymous&gt; (http://localhost:9876/_karma_webpack_/node_modules/zone.js/dist/zone-testing.js:558:1)
    at &lt;Jasmine&gt;
</failure>
  </testcase>
  <testcase name="ApiService should be created" time="0.003" classname=".ApiService"/>
  <testcase name="ApiService getUserDetails should return user details" time="0.004" classname=".ApiService">
    <failure type="">TypeError: Cannot read properties of undefined (reading 'subscribe')
    at &lt;Jasmine&gt;
    at UserContext.&lt;anonymous&gt; (http://localhost:9876/_karma_webpack_/src/app/services/api.service.spec.ts:218:38)
    at ZoneDelegate.invoke (http://localhost:9876/_karma_webpack_/node_modules/zone.js/dist/zone-evergreen.js:364:1)
    at ProxyZoneSpec.push../node_modules/zone.js/dist/zone-testing.js.ProxyZoneSpec.onInvoke (http://localhost:9876/_karma_webpack_/node_modules/zone.js/dist/zone-testing.js:292:1)
    at ZoneDelegate.invoke (http://localhost:9876/_karma_webpack_/node_modules/zone.js/dist/zone-evergreen.js:363:1)
    at Zone.run (http://localhost:9876/_karma_webpack_/node_modules/zone.js/dist/zone-evergreen.js:123:1)
    at runInTestZone (http://localhost:9876/_karma_webpack_/node_modules/zone.js/dist/zone-testing.js:542:1)
    at UserContext.&lt;anonymous&gt; (http://localhost:9876/_karma_webpack_/node_modules/zone.js/dist/zone-testing.js:558:1)
    at &lt;Jasmine&gt;
</failure>
  </testcase>
  <testcase name="ApiService requestedAppointments should return all appointments requested by all patients" time="0.006" classname=".ApiService">
    <failure type="">TypeError: Cannot read properties of undefined (reading 'subscribe')
    at &lt;Jasmine&gt;
    at UserContext.&lt;anonymous&gt; (http://localhost:9876/_karma_webpack_/src/app/services/api.service.spec.ts:448:39)
    at ZoneDelegate.invoke (http://localhost:9876/_karma_webpack_/node_modules/zone.js/dist/zone-evergreen.js:364:1)
    at ProxyZoneSpec.push../node_modules/zone.js/dist/zone-testing.js.ProxyZoneSpec.onInvoke (http://localhost:9876/_karma_webpack_/node_modules/zone.js/dist/zone-testing.js:292:1)
    at ZoneDelegate.invoke (http://localhost:9876/_karma_webpack_/node_modules/zone.js/dist/zone-evergreen.js:363:1)
    at Zone.run (http://localhost:9876/_karma_webpack_/node_modules/zone.js/dist/zone-evergreen.js:123:1)
    at runInTestZone (http://localhost:9876/_karma_webpack_/node_modules/zone.js/dist/zone-testing.js:542:1)
    at UserContext.&lt;anonymous&gt; (http://localhost:9876/_karma_webpack_/node_modules/zone.js/dist/zone-testing.js:558:1)
    at &lt;Jasmine&gt;
</failure>
  </testcase>
  <testcase name="ApiService getUserDetails should return false status if userId is not valid" time="0.005" classname=".ApiService">
    <failure type="">TypeError: Cannot read properties of undefined (reading 'subscribe')
    at &lt;Jasmine&gt;
    at UserContext.&lt;anonymous&gt; (http://localhost:9876/_karma_webpack_/src/app/services/api.service.spec.ts:235:38)
    at ZoneDelegate.invoke (http://localhost:9876/_karma_webpack_/node_modules/zone.js/dist/zone-evergreen.js:364:1)
    at ProxyZoneSpec.push../node_modules/zone.js/dist/zone-testing.js.ProxyZoneSpec.onInvoke (http://localhost:9876/_karma_webpack_/node_modules/zone.js/dist/zone-testing.js:292:1)
    at ZoneDelegate.invoke (http://localhost:9876/_karma_webpack_/node_modules/zone.js/dist/zone-evergreen.js:363:1)
    at Zone.run (http://localhost:9876/_karma_webpack_/node_modules/zone.js/dist/zone-evergreen.js:123:1)
    at runInTestZone (http://localhost:9876/_karma_webpack_/node_modules/zone.js/dist/zone-testing.js:542:1)
    at UserContext.&lt;anonymous&gt; (http://localhost:9876/_karma_webpack_/node_modules/zone.js/dist/zone-testing.js:558:1)
    at &lt;Jasmine&gt;
</failure>
  </testcase>
  <testcase name="ApiService deleteAppointment should return success status if appointment deleted" time="0.004" classname=".ApiService">
    <failure type="">TypeError: Cannot read properties of undefined (reading 'subscribe')
    at &lt;Jasmine&gt;
    at UserContext.&lt;anonymous&gt; (http://localhost:9876/_karma_webpack_/src/app/services/api.service.spec.ts:434:44)
    at ZoneDelegate.invoke (http://localhost:9876/_karma_webpack_/node_modules/zone.js/dist/zone-evergreen.js:364:1)
    at ProxyZoneSpec.push../node_modules/zone.js/dist/zone-testing.js.ProxyZoneSpec.onInvoke (http://localhost:9876/_karma_webpack_/node_modules/zone.js/dist/zone-testing.js:292:1)
    at ZoneDelegate.invoke (http://localhost:9876/_karma_webpack_/node_modules/zone.js/dist/zone-evergreen.js:363:1)
    at Zone.run (http://localhost:9876/_karma_webpack_/node_modules/zone.js/dist/zone-evergreen.js:123:1)
    at runInTestZone (http://localhost:9876/_karma_webpack_/node_modules/zone.js/dist/zone-testing.js:542:1)
    at UserContext.&lt;anonymous&gt; (http://localhost:9876/_karma_webpack_/node_modules/zone.js/dist/zone-testing.js:558:1)
    at &lt;Jasmine&gt;
</failure>
  </testcase>
  <testcase name="ApiService scheduleAppointment should add appointment details in post request body" time="0.004" classname=".ApiService">
    <failure type="">TypeError: Cannot read properties of undefined (reading 'subscribe')
    at &lt;Jasmine&gt;
    at UserContext.&lt;anonymous&gt; (http://localhost:9876/_karma_webpack_/src/app/services/api.service.spec.ts:387:51)
    at ZoneDelegate.invoke (http://localhost:9876/_karma_webpack_/node_modules/zone.js/dist/zone-evergreen.js:364:1)
    at ProxyZoneSpec.push../node_modules/zone.js/dist/zone-testing.js.ProxyZoneSpec.onInvoke (http://localhost:9876/_karma_webpack_/node_modules/zone.js/dist/zone-testing.js:292:1)
    at ZoneDelegate.invoke (http://localhost:9876/_karma_webpack_/node_modules/zone.js/dist/zone-evergreen.js:363:1)
    at Zone.run (http://localhost:9876/_karma_webpack_/node_modules/zone.js/dist/zone-evergreen.js:123:1)
    at runInTestZone (http://localhost:9876/_karma_webpack_/node_modules/zone.js/dist/zone-testing.js:542:1)
    at UserContext.&lt;anonymous&gt; (http://localhost:9876/_karma_webpack_/node_modules/zone.js/dist/zone-testing.js:558:1)
    at &lt;Jasmine&gt;
</failure>
  </testcase>
  <testcase name="FormComponent should navigate to PatientList page after successful registration" time="0.033" classname=".FormComponent">
    <failure type="">Error: Expected '' to be '/patientList'.
    at &lt;Jasmine&gt;
    at http://localhost:9876/_karma_webpack_/src/app/component/form/form.component.spec.ts:415:33
    at ZoneDelegate.invoke (http://localhost:9876/_karma_webpack_/node_modules/zone.js/dist/zone-evergreen.js:364:1)
    at FakeAsyncTestZoneSpec.push../node_modules/zone.js/dist/zone-testing.js.FakeAsyncTestZoneSpec.onInvoke (http://localhost:9876/_karma_webpack_/node_modules/zone.js/dist/zone-testing.js:1652:1)
</failure>
  </testcase>
  <testcase name="FormComponent should display no name validation error when the field kept as null(dirty)" time="0.014" classname=".FormComponent">
    <failure type="">Error: Expected true to be falsy.
    at &lt;Jasmine&gt;
    at http://localhost:9876/_karma_webpack_/src/app/component/form/form.component.spec.ts:139:43
    at ZoneDelegate.invoke (http://localhost:9876/_karma_webpack_/node_modules/zone.js/dist/zone-evergreen.js:364:1)
    at FakeAsyncTestZoneSpec.push../node_modules/zone.js/dist/zone-testing.js.FakeAsyncTestZoneSpec.onInvoke (http://localhost:9876/_karma_webpack_/node_modules/zone.js/dist/zone-testing.js:1652:1)
</failure>
    <failure type="">Error: Expected true to be falsy.
    at &lt;Jasmine&gt;
    at http://localhost:9876/_karma_webpack_/src/app/component/form/form.component.spec.ts:145:35
    at ZoneDelegate.invoke (http://localhost:9876/_karma_webpack_/node_modules/zone.js/dist/zone-evergreen.js:364:1)
    at FakeAsyncTestZoneSpec.push../node_modules/zone.js/dist/zone-testing.js.FakeAsyncTestZoneSpec.onInvoke (http://localhost:9876/_karma_webpack_/node_modules/zone.js/dist/zone-testing.js:1652:1)
</failure>
    <failure type="">Error: Expected &lt;div _ngcontent-a-c49 id="error-minlength-firstname" class="alert alert-danger error-msg"&gt;...&lt;/div&gt; to be falsy.
    at &lt;Jasmine&gt;
    at http://localhost:9876/_karma_webpack_/src/app/component/form/form.component.spec.ts:147:44
    at ZoneDelegate.invoke (http://localhost:9876/_karma_webpack_/node_modules/zone.js/dist/zone-evergreen.js:364:1)
    at FakeAsyncTestZoneSpec.push../node_modules/zone.js/dist/zone-testing.js.FakeAsyncTestZoneSpec.onInvoke (http://localhost:9876/_karma_webpack_/node_modules/zone.js/dist/zone-testing.js:1652:1)
</failure>
    <failure type="">Error: Expected &lt;div _ngcontent-a-c49 id="error-maxlength-firstname" class="alert alert-danger error-msg"&gt;...&lt;/div&gt; to be falsy.
    at &lt;Jasmine&gt;
    at http://localhost:9876/_karma_webpack_/src/app/component/form/form.component.spec.ts:148:44
    at ZoneDelegate.invoke (http://localhost:9876/_karma_webpack_/node_modules/zone.js/dist/zone-evergreen.js:364:1)
    at FakeAsyncTestZoneSpec.push../node_modules/zone.js/dist/zone-testing.js.FakeAsyncTestZoneSpec.onInvoke (http://localhost:9876/_karma_webpack_/node_modules/zone.js/dist/zone-testing.js:1652:1)
</failure>
  </testcase>
  <testcase name="FormComponent All validation errors should be hidden and form should be invalid by default" time="0.014" classname=".FormComponent">
    <failure type="">Error: Expected true to be falsy.
    at &lt;Jasmine&gt;
    at http://localhost:9876/_karma_webpack_/src/app/component/form/form.component.spec.ts:119:43
    at ZoneDelegate.invoke (http://localhost:9876/_karma_webpack_/node_modules/zone.js/dist/zone-evergreen.js:364:1)
    at FakeAsyncTestZoneSpec.push../node_modules/zone.js/dist/zone-testing.js.FakeAsyncTestZoneSpec.onInvoke (http://localhost:9876/_karma_webpack_/node_modules/zone.js/dist/zone-testing.js:1652:1)
</failure>
    <failure type="">Error: Expected &lt;div _ngcontent-a-c49 id="error-no-firstname" class="alert alert-danger error-msg"&gt;...&lt;/div&gt; to be falsy.
    at &lt;Jasmine&gt;
    at http://localhost:9876/_karma_webpack_/src/app/component/form/form.component.spec.ts:121:37
    at ZoneDelegate.invoke (http://localhost:9876/_karma_webpack_/node_modules/zone.js/dist/zone-evergreen.js:364:1)
    at FakeAsyncTestZoneSpec.push../node_modules/zone.js/dist/zone-testing.js.FakeAsyncTestZoneSpec.onInvoke (http://localhost:9876/_karma_webpack_/node_modules/zone.js/dist/zone-testing.js:1652:1)
</failure>
    <failure type="">Error: Expected &lt;div _ngcontent-a-c49 id="error-minlength-firstname" class="alert alert-danger error-msg"&gt;...&lt;/div&gt; to be falsy.
    at &lt;Jasmine&gt;
    at http://localhost:9876/_karma_webpack_/src/app/component/form/form.component.spec.ts:122:44
    at ZoneDelegate.invoke (http://localhost:9876/_karma_webpack_/node_modules/zone.js/dist/zone-evergreen.js:364:1)
    at FakeAsyncTestZoneSpec.push../node_modules/zone.js/dist/zone-testing.js.FakeAsyncTestZoneSpec.onInvoke (http://localhost:9876/_karma_webpack_/node_modules/zone.js/dist/zone-testing.js:1652:1)
</failure>
    <failure type="">Error: Expected &lt;div _ngcontent-a-c49 id="error-maxlength-firstname" class="alert alert-danger error-msg"&gt;...&lt;/div&gt; to be falsy.
    at &lt;Jasmine&gt;
    at http://localhost:9876/_karma_webpack_/src/app/component/form/form.component.spec.ts:123:44
    at ZoneDelegate.invoke (http://localhost:9876/_karma_webpack_/node_modules/zone.js/dist/zone-evergreen.js:364:1)
    at FakeAsyncTestZoneSpec.push../node_modules/zone.js/dist/zone-testing.js.FakeAsyncTestZoneSpec.onInvoke (http://localhost:9876/_karma_webpack_/node_modules/zone.js/dist/zone-testing.js:1652:1)
</failure>
    <failure type="">Error: Expected &lt;div _ngcontent-a-c49 id="error-no-gender" class="alert alert-danger error-msg"&gt;...&lt;/div&gt; to be falsy.
    at &lt;Jasmine&gt;
    at http://localhost:9876/_karma_webpack_/src/app/component/form/form.component.spec.ts:124:34
    at ZoneDelegate.invoke (http://localhost:9876/_karma_webpack_/node_modules/zone.js/dist/zone-evergreen.js:364:1)
    at FakeAsyncTestZoneSpec.push../node_modules/zone.js/dist/zone-testing.js.FakeAsyncTestZoneSpec.onInvoke (http://localhost:9876/_karma_webpack_/node_modules/zone.js/dist/zone-testing.js:1652:1)
</failure>
    <failure type="">Error: Expected &lt;div _ngcontent-a-c49 id="error-no-dob" class="alert alert-danger error-msg"&gt;...&lt;/div&gt; to be falsy.
    at &lt;Jasmine&gt;
    at http://localhost:9876/_karma_webpack_/src/app/component/form/form.component.spec.ts:125:31
    at ZoneDelegate.invoke (http://localhost:9876/_karma_webpack_/node_modules/zone.js/dist/zone-evergreen.js:364:1)
    at FakeAsyncTestZoneSpec.push../node_modules/zone.js/dist/zone-testing.js.FakeAsyncTestZoneSpec.onInvoke (http://localhost:9876/_karma_webpack_/node_modules/zone.js/dist/zone-testing.js:1652:1)
</failure>
    <failure type="">Error: Expected &lt;div _ngcontent-a-c49 id="error-no-mobile" class="alert alert-danger error-msg"&gt;...&lt;/div&gt; to be falsy.
    at &lt;Jasmine&gt;
    at http://localhost:9876/_karma_webpack_/src/app/component/form/form.component.spec.ts:126:34
    at ZoneDelegate.invoke (http://localhost:9876/_karma_webpack_/node_modules/zone.js/dist/zone-evergreen.js:364:1)
    at FakeAsyncTestZoneSpec.push../node_modules/zone.js/dist/zone-testing.js.FakeAsyncTestZoneSpec.onInvoke (http://localhost:9876/_karma_webpack_/node_modules/zone.js/dist/zone-testing.js:1652:1)
</failure>
    <failure type="">Error: Expected &lt;div _ngcontent-a-c49 id="error-number-mobile" class="alert alert-danger error-msg"&gt;...&lt;/div&gt; to be falsy.
    at &lt;Jasmine&gt;
    at http://localhost:9876/_karma_webpack_/src/app/component/form/form.component.spec.ts:127:38
    at ZoneDelegate.invoke (http://localhost:9876/_karma_webpack_/node_modules/zone.js/dist/zone-evergreen.js:364:1)
    at FakeAsyncTestZoneSpec.push../node_modules/zone.js/dist/zone-testing.js.FakeAsyncTestZoneSpec.onInvoke (http://localhost:9876/_karma_webpack_/node_modules/zone.js/dist/zone-testing.js:1652:1)
</failure>
    <failure type="">Error: Expected &lt;div _ngcontent-a-c49 id="error-maxlength-mobile" class="alert alert-danger error-msg"&gt;...&lt;/div&gt; to be falsy.
    at &lt;Jasmine&gt;
    at http://localhost:9876/_karma_webpack_/src/app/component/form/form.component.spec.ts:128:41
    at ZoneDelegate.invoke (http://localhost:9876/_karma_webpack_/node_modules/zone.js/dist/zone-evergreen.js:364:1)
    at FakeAsyncTestZoneSpec.push../node_modules/zone.js/dist/zone-testing.js.FakeAsyncTestZoneSpec.onInvoke (http://localhost:9876/_karma_webpack_/node_modules/zone.js/dist/zone-testing.js:1652:1)
</failure>
  </testcase>
  <testcase name="FormComponent should display email pattern validation error" time="0.01" classname=".FormComponent">
    <failure type="">Error: Expected true to be falsy.
    at &lt;Jasmine&gt;
    at http://localhost:9876/_karma_webpack_/src/app/component/form/form.component.spec.ts:361:43
    at ZoneDelegate.invoke (http://localhost:9876/_karma_webpack_/node_modules/zone.js/dist/zone-evergreen.js:364:1)
    at FakeAsyncTestZoneSpec.push../node_modules/zone.js/dist/zone-testing.js.FakeAsyncTestZoneSpec.onInvoke (http://localhost:9876/_karma_webpack_/node_modules/zone.js/dist/zone-testing.js:1652:1)
</failure>
    <failure type="">Error: Expected true to be falsy.
    at &lt;Jasmine&gt;
    at http://localhost:9876/_karma_webpack_/src/app/component/form/form.component.spec.ts:365:31
    at ZoneDelegate.invoke (http://localhost:9876/_karma_webpack_/node_modules/zone.js/dist/zone-evergreen.js:364:1)
    at FakeAsyncTestZoneSpec.push../node_modules/zone.js/dist/zone-testing.js.FakeAsyncTestZoneSpec.onInvoke (http://localhost:9876/_karma_webpack_/node_modules/zone.js/dist/zone-testing.js:1652:1)
</failure>
  </testcase>
  <testcase name="FormComponent should display no date of birth validation error when the field kept as null(dirty)" time="0.016" classname=".FormComponent">
    <failure type="">Error: Expected true to be falsy.
    at &lt;Jasmine&gt;
    at http://localhost:9876/_karma_webpack_/src/app/component/form/form.component.spec.ts:239:43
    at ZoneDelegate.invoke (http://localhost:9876/_karma_webpack_/node_modules/zone.js/dist/zone-evergreen.js:364:1)
    at FakeAsyncTestZoneSpec.push../node_modules/zone.js/dist/zone-testing.js.FakeAsyncTestZoneSpec.onInvoke (http://localhost:9876/_karma_webpack_/node_modules/zone.js/dist/zone-testing.js:1652:1)
</failure>
    <failure type="">Error: Expected true to be falsy.
    at &lt;Jasmine&gt;
    at http://localhost:9876/_karma_webpack_/src/app/component/form/form.component.spec.ts:243:29
    at ZoneDelegate.invoke (http://localhost:9876/_karma_webpack_/node_modules/zone.js/dist/zone-evergreen.js:364:1)
    at FakeAsyncTestZoneSpec.push../node_modules/zone.js/dist/zone-testing.js.FakeAsyncTestZoneSpec.onInvoke (http://localhost:9876/_karma_webpack_/node_modules/zone.js/dist/zone-testing.js:1652:1)
</failure>
  </testcase>
  <testcase name="FormComponent should not display email validation error when the email field is valid" time="0.013" classname=".FormComponent">
    <failure type="">Error: Expected true to be falsy.
    at &lt;Jasmine&gt;
    at http://localhost:9876/_karma_webpack_/src/app/component/form/form.component.spec.ts:377:43
    at ZoneDelegate.invoke (http://localhost:9876/_karma_webpack_/node_modules/zone.js/dist/zone-evergreen.js:364:1)
    at FakeAsyncTestZoneSpec.push../node_modules/zone.js/dist/zone-testing.js.FakeAsyncTestZoneSpec.onInvoke (http://localhost:9876/_karma_webpack_/node_modules/zone.js/dist/zone-testing.js:1652:1)
</failure>
    <failure type="">Error: Expected &lt;div _ngcontent-a-c49 id="error-pattern-email" class="alert alert-danger error-msg"&gt;...&lt;/div&gt; to be falsy.
    at &lt;Jasmine&gt;
    at http://localhost:9876/_karma_webpack_/src/app/component/form/form.component.spec.ts:382:38
    at ZoneDelegate.invoke (http://localhost:9876/_karma_webpack_/node_modules/zone.js/dist/zone-evergreen.js:364:1)
    at FakeAsyncTestZoneSpec.push../node_modules/zone.js/dist/zone-testing.js.FakeAsyncTestZoneSpec.onInvoke (http://localhost:9876/_karma_webpack_/node_modules/zone.js/dist/zone-testing.js:1652:1)
</failure>
  </testcase>
  <testcase name="FormComponent should call submitform method for valid form" time="0.013" classname=".FormComponent">
    <failure type="">Error: Expected spy submitForm to have been called.
    at &lt;Jasmine&gt;
    at http://localhost:9876/_karma_webpack_/src/app/component/form/form.component.spec.ts:399:36
    at ZoneDelegate.invoke (http://localhost:9876/_karma_webpack_/node_modules/zone.js/dist/zone-evergreen.js:364:1)
    at FakeAsyncTestZoneSpec.push../node_modules/zone.js/dist/zone-testing.js.FakeAsyncTestZoneSpec.onInvoke (http://localhost:9876/_karma_webpack_/node_modules/zone.js/dist/zone-testing.js:1652:1)
</failure>
  </testcase>
  <testcase name="FormComponent should display name minimum length validation error when the field has less than 3 length" time="0.014" classname=".FormComponent">
    <failure type="">Error: Expected true to be falsy.
    at &lt;Jasmine&gt;
    at http://localhost:9876/_karma_webpack_/src/app/component/form/form.component.spec.ts:159:43
    at ZoneDelegate.invoke (http://localhost:9876/_karma_webpack_/node_modules/zone.js/dist/zone-evergreen.js:364:1)
    at FakeAsyncTestZoneSpec.push../node_modules/zone.js/dist/zone-testing.js.FakeAsyncTestZoneSpec.onInvoke (http://localhost:9876/_karma_webpack_/node_modules/zone.js/dist/zone-testing.js:1652:1)
</failure>
    <failure type="">Error: Expected true to be falsy.
    at &lt;Jasmine&gt;
    at http://localhost:9876/_karma_webpack_/src/app/component/form/form.component.spec.ts:165:35
    at ZoneDelegate.invoke (http://localhost:9876/_karma_webpack_/node_modules/zone.js/dist/zone-evergreen.js:364:1)
    at FakeAsyncTestZoneSpec.push../node_modules/zone.js/dist/zone-testing.js.FakeAsyncTestZoneSpec.onInvoke (http://localhost:9876/_karma_webpack_/node_modules/zone.js/dist/zone-testing.js:1652:1)
</failure>
    <failure type="">Error: Expected &lt;div _ngcontent-a-c49 id="error-no-firstname" class="alert alert-danger error-msg"&gt;...&lt;/div&gt; to be falsy.
    at &lt;Jasmine&gt;
    at http://localhost:9876/_karma_webpack_/src/app/component/form/form.component.spec.ts:168:37
    at ZoneDelegate.invoke (http://localhost:9876/_karma_webpack_/node_modules/zone.js/dist/zone-evergreen.js:364:1)
    at FakeAsyncTestZoneSpec.push../node_modules/zone.js/dist/zone-testing.js.FakeAsyncTestZoneSpec.onInvoke (http://localhost:9876/_karma_webpack_/node_modules/zone.js/dist/zone-testing.js:1652:1)
</failure>
    <failure type="">Error: Expected &lt;div _ngcontent-a-c49 id="error-maxlength-firstname" class="alert alert-danger error-msg"&gt;...&lt;/div&gt; to be falsy.
    at &lt;Jasmine&gt;
    at http://localhost:9876/_karma_webpack_/src/app/component/form/form.component.spec.ts:169:44
    at ZoneDelegate.invoke (http://localhost:9876/_karma_webpack_/node_modules/zone.js/dist/zone-evergreen.js:364:1)
    at FakeAsyncTestZoneSpec.push../node_modules/zone.js/dist/zone-testing.js.FakeAsyncTestZoneSpec.onInvoke (http://localhost:9876/_karma_webpack_/node_modules/zone.js/dist/zone-testing.js:1652:1)
</failure>
  </testcase>
  <testcase name="FormComponent gender validation gets pass when clicking female radio button" time="0.016" classname=".FormComponent">
    <failure type="">Error: Expected &lt;div _ngcontent-a-c49 id="error-no-gender" class="alert alert-danger error-msg"&gt;...&lt;/div&gt; to be falsy.
    at &lt;Jasmine&gt;
    at http://localhost:9876/_karma_webpack_/src/app/component/form/form.component.spec.ts:229:34
    at ZoneDelegate.invoke (http://localhost:9876/_karma_webpack_/node_modules/zone.js/dist/zone-evergreen.js:364:1)
    at FakeAsyncTestZoneSpec.push../node_modules/zone.js/dist/zone-testing.js.FakeAsyncTestZoneSpec.onInvoke (http://localhost:9876/_karma_webpack_/node_modules/zone.js/dist/zone-testing.js:1652:1)
</failure>
  </testcase>
  <testcase name="FormComponent should display name maximum length validation error when the field has greater than 20 length" time="0.014" classname=".FormComponent">
    <failure type="">Error: Expected true to be falsy.
    at &lt;Jasmine&gt;
    at http://localhost:9876/_karma_webpack_/src/app/component/form/form.component.spec.ts:179:43
    at ZoneDelegate.invoke (http://localhost:9876/_karma_webpack_/node_modules/zone.js/dist/zone-evergreen.js:364:1)
    at FakeAsyncTestZoneSpec.push../node_modules/zone.js/dist/zone-testing.js.FakeAsyncTestZoneSpec.onInvoke (http://localhost:9876/_karma_webpack_/node_modules/zone.js/dist/zone-testing.js:1652:1)
</failure>
    <failure type="">Error: Expected true to be falsy.
    at &lt;Jasmine&gt;
    at http://localhost:9876/_karma_webpack_/src/app/component/form/form.component.spec.ts:185:35
    at ZoneDelegate.invoke (http://localhost:9876/_karma_webpack_/node_modules/zone.js/dist/zone-evergreen.js:364:1)
    at FakeAsyncTestZoneSpec.push../node_modules/zone.js/dist/zone-testing.js.FakeAsyncTestZoneSpec.onInvoke (http://localhost:9876/_karma_webpack_/node_modules/zone.js/dist/zone-testing.js:1652:1)
</failure>
    <failure type="">Error: Expected &lt;div _ngcontent-a-c49 id="error-minlength-firstname" class="alert alert-danger error-msg"&gt;...&lt;/div&gt; to be falsy.
    at &lt;Jasmine&gt;
    at http://localhost:9876/_karma_webpack_/src/app/component/form/form.component.spec.ts:186:44
    at ZoneDelegate.invoke (http://localhost:9876/_karma_webpack_/node_modules/zone.js/dist/zone-evergreen.js:364:1)
    at FakeAsyncTestZoneSpec.push../node_modules/zone.js/dist/zone-testing.js.FakeAsyncTestZoneSpec.onInvoke (http://localhost:9876/_karma_webpack_/node_modules/zone.js/dist/zone-testing.js:1652:1)
</failure>
    <failure type="">Error: Expected &lt;div _ngcontent-a-c49 id="error-no-firstname" class="alert alert-danger error-msg"&gt;...&lt;/div&gt; to be falsy.
    at &lt;Jasmine&gt;
    at http://localhost:9876/_karma_webpack_/src/app/component/form/form.component.spec.ts:187:37
    at ZoneDelegate.invoke (http://localhost:9876/_karma_webpack_/node_modules/zone.js/dist/zone-evergreen.js:364:1)
    at FakeAsyncTestZoneSpec.push../node_modules/zone.js/dist/zone-testing.js.FakeAsyncTestZoneSpec.onInvoke (http://localhost:9876/_karma_webpack_/node_modules/zone.js/dist/zone-testing.js:1652:1)
</failure>
  </testcase>
  <testcase name="FormComponent should display mobile number pattern validation error when the field has value" time="0.017" classname=".FormComponent">
    <failure type="">Error: Expected true to be falsy.
    at &lt;Jasmine&gt;
    at http://localhost:9876/_karma_webpack_/src/app/component/form/form.component.spec.ts:321:43
    at ZoneDelegate.invoke (http://localhost:9876/_karma_webpack_/node_modules/zone.js/dist/zone-evergreen.js:364:1)
    at FakeAsyncTestZoneSpec.push../node_modules/zone.js/dist/zone-testing.js.FakeAsyncTestZoneSpec.onInvoke (http://localhost:9876/_karma_webpack_/node_modules/zone.js/dist/zone-testing.js:1652:1)
</failure>
    <failure type="">Error: Expected true to be falsy.
    at &lt;Jasmine&gt;
    at http://localhost:9876/_karma_webpack_/src/app/component/form/form.component.spec.ts:327:32
    at ZoneDelegate.invoke (http://localhost:9876/_karma_webpack_/node_modules/zone.js/dist/zone-evergreen.js:364:1)
    at FakeAsyncTestZoneSpec.push../node_modules/zone.js/dist/zone-testing.js.FakeAsyncTestZoneSpec.onInvoke (http://localhost:9876/_karma_webpack_/node_modules/zone.js/dist/zone-testing.js:1652:1)
</failure>
    <failure type="">Error: Expected &lt;div _ngcontent-a-c49 id="error-no-mobile" class="alert alert-danger error-msg"&gt;...&lt;/div&gt; to be falsy.
    at &lt;Jasmine&gt;
    at http://localhost:9876/_karma_webpack_/src/app/component/form/form.component.spec.ts:328:34
    at ZoneDelegate.invoke (http://localhost:9876/_karma_webpack_/node_modules/zone.js/dist/zone-evergreen.js:364:1)
    at FakeAsyncTestZoneSpec.push../node_modules/zone.js/dist/zone-testing.js.FakeAsyncTestZoneSpec.onInvoke (http://localhost:9876/_karma_webpack_/node_modules/zone.js/dist/zone-testing.js:1652:1)
</failure>
    <failure type="">Error: Expected &lt;div _ngcontent-a-c49 id="error-maxlength-mobile" class="alert alert-danger error-msg"&gt;...&lt;/div&gt; to be falsy.
    at &lt;Jasmine&gt;
    at http://localhost:9876/_karma_webpack_/src/app/component/form/form.component.spec.ts:330:41
    at ZoneDelegate.invoke (http://localhost:9876/_karma_webpack_/node_modules/zone.js/dist/zone-evergreen.js:364:1)
    at FakeAsyncTestZoneSpec.push../node_modules/zone.js/dist/zone-testing.js.FakeAsyncTestZoneSpec.onInvoke (http://localhost:9876/_karma_webpack_/node_modules/zone.js/dist/zone-testing.js:1652:1)
</failure>
  </testcase>
  <testcase name="FormComponent Date of birth validation gets pass when the field has valid value" time="0.012" classname=".FormComponent">
    <failure type="">Error: Expected true to be falsy.
    at &lt;Jasmine&gt;
    at http://localhost:9876/_karma_webpack_/src/app/component/form/form.component.spec.ts:255:43
    at ZoneDelegate.invoke (http://localhost:9876/_karma_webpack_/node_modules/zone.js/dist/zone-evergreen.js:364:1)
    at FakeAsyncTestZoneSpec.push../node_modules/zone.js/dist/zone-testing.js.FakeAsyncTestZoneSpec.onInvoke (http://localhost:9876/_karma_webpack_/node_modules/zone.js/dist/zone-testing.js:1652:1)
</failure>
    <failure type="">Error: Expected &lt;div _ngcontent-a-c49 id="error-no-dob" class="alert alert-danger error-msg"&gt;...&lt;/div&gt; to be falsy.
    at &lt;Jasmine&gt;
    at http://localhost:9876/_karma_webpack_/src/app/component/form/form.component.spec.ts:260:31
    at ZoneDelegate.invoke (http://localhost:9876/_karma_webpack_/node_modules/zone.js/dist/zone-evergreen.js:364:1)
    at FakeAsyncTestZoneSpec.push../node_modules/zone.js/dist/zone-testing.js.FakeAsyncTestZoneSpec.onInvoke (http://localhost:9876/_karma_webpack_/node_modules/zone.js/dist/zone-testing.js:1652:1)
</failure>
  </testcase>
  <testcase name="FormComponent gender validation gets pass when clicking male radio button" time="0.009" classname=".FormComponent">
    <failure type="">Error: Expected &lt;div _ngcontent-a-c49 id="error-no-gender" class="alert alert-danger error-msg"&gt;...&lt;/div&gt; to be falsy.
    at &lt;Jasmine&gt;
    at http://localhost:9876/_karma_webpack_/src/app/component/form/form.component.spec.ts:215:34
    at ZoneDelegate.invoke (http://localhost:9876/_karma_webpack_/node_modules/zone.js/dist/zone-evergreen.js:364:1)
    at FakeAsyncTestZoneSpec.push../node_modules/zone.js/dist/zone-testing.js.FakeAsyncTestZoneSpec.onInvoke (http://localhost:9876/_karma_webpack_/node_modules/zone.js/dist/zone-testing.js:1652:1)
</failure>
  </testcase>
  <testcase name="FormComponent mobile field validity" time="0.008" classname=".FormComponent">
    <failure type="">Error: Expected true to be falsy.
    at &lt;Jasmine&gt;
    at UserContext.&lt;anonymous&gt; (http://localhost:9876/_karma_webpack_/src/app/component/form/form.component.spec.ts:268:30)
    at ZoneDelegate.invoke (http://localhost:9876/_karma_webpack_/node_modules/zone.js/dist/zone-evergreen.js:364:1)
    at ProxyZoneSpec.push../node_modules/zone.js/dist/zone-testing.js.ProxyZoneSpec.onInvoke (http://localhost:9876/_karma_webpack_/node_modules/zone.js/dist/zone-testing.js:292:1)
</failure>
    <failure type="">Error: Expected undefined to be truthy.
    at &lt;Jasmine&gt;
    at UserContext.&lt;anonymous&gt; (http://localhost:9876/_karma_webpack_/src/app/component/form/form.component.spec.ts:271:32)
    at ZoneDelegate.invoke (http://localhost:9876/_karma_webpack_/node_modules/zone.js/dist/zone-evergreen.js:364:1)
    at ProxyZoneSpec.push../node_modules/zone.js/dist/zone-testing.js.ProxyZoneSpec.onInvoke (http://localhost:9876/_karma_webpack_/node_modules/zone.js/dist/zone-testing.js:292:1)
</failure>
    <failure type="">Error: Expected undefined to be truthy.
    at &lt;Jasmine&gt;
    at UserContext.&lt;anonymous&gt; (http://localhost:9876/_karma_webpack_/src/app/component/form/form.component.spec.ts:276:31)
    at ZoneDelegate.invoke (http://localhost:9876/_karma_webpack_/node_modules/zone.js/dist/zone-evergreen.js:364:1)
    at ProxyZoneSpec.push../node_modules/zone.js/dist/zone-testing.js.ProxyZoneSpec.onInvoke (http://localhost:9876/_karma_webpack_/node_modules/zone.js/dist/zone-testing.js:292:1)
</failure>
    <failure type="">Error: Expected undefined to be truthy.
    at &lt;Jasmine&gt;
    at UserContext.&lt;anonymous&gt; (http://localhost:9876/_karma_webpack_/src/app/component/form/form.component.spec.ts:286:31)
    at ZoneDelegate.invoke (http://localhost:9876/_karma_webpack_/node_modules/zone.js/dist/zone-evergreen.js:364:1)
    at ProxyZoneSpec.push../node_modules/zone.js/dist/zone-testing.js.ProxyZoneSpec.onInvoke (http://localhost:9876/_karma_webpack_/node_modules/zone.js/dist/zone-testing.js:292:1)
</failure>
  </testcase>
  <testcase name="FormComponent gender field validity" time="0.01" classname=".FormComponent">
    <failure type="">Error: Expected true to be falsy.
    at &lt;Jasmine&gt;
    at UserContext.&lt;anonymous&gt; (http://localhost:9876/_karma_webpack_/src/app/component/form/form.component.spec.ts:196:30)
    at ZoneDelegate.invoke (http://localhost:9876/_karma_webpack_/node_modules/zone.js/dist/zone-evergreen.js:364:1)
    at ProxyZoneSpec.push../node_modules/zone.js/dist/zone-testing.js.ProxyZoneSpec.onInvoke (http://localhost:9876/_karma_webpack_/node_modules/zone.js/dist/zone-testing.js:292:1)
</failure>
    <failure type="">Error: Expected undefined to be truthy.
    at &lt;Jasmine&gt;
    at UserContext.&lt;anonymous&gt; (http://localhost:9876/_karma_webpack_/src/app/component/form/form.component.spec.ts:199:32)
    at ZoneDelegate.invoke (http://localhost:9876/_karma_webpack_/node_modules/zone.js/dist/zone-evergreen.js:364:1)
    at ProxyZoneSpec.push../node_modules/zone.js/dist/zone-testing.js.ProxyZoneSpec.onInvoke (http://localhost:9876/_karma_webpack_/node_modules/zone.js/dist/zone-testing.js:292:1)
</failure>
  </testcase>
  <testcase name="LoginComponent should display minlength 8 password validation error when the password length less than 8" time="0.014" classname=".LoginComponent"/>
  <testcase name="LoginComponent #dologin should return false if form is invalid" time="0.012" classname=".LoginComponent"/>
  <testcase name="LoginComponent should not display password error when the password field is valid" time="0.009" classname=".LoginComponent"/>
  <testcase name="LoginComponent should display password pattern validation error" time="0.019" classname=".LoginComponent"/>
  <testcase name="LoginComponent should display username pattern validation error" time="0.017" classname=".LoginComponent"/>
  <testcase name="LoginComponent should display maxlength 20 username validation error when the username length greater than 20" time="0.014" classname=".LoginComponent"/>
  <testcase name="LoginComponent clear localStorage if any, when login" time="0.015" classname=".LoginComponent"/>
  <testcase name="LoginComponent should display no password validation error when the field kept as null(dirty)" time="0.013" classname=".LoginComponent"/>
  <testcase name="LoginComponent should hide validation messages and call login method from authservice for valid credentials" time="0.013" classname=".LoginComponent"/>
  <testcase name="LoginComponent should not display any error when the username field is valid" time="0.011" classname=".LoginComponent"/>
  <testcase name="LoginComponent should not redirect to other pages on occurence of error" time="0.025" classname=".LoginComponent">
    <failure type="">Error: 1 timer(s) still in the queue.
    at UserContext.&lt;anonymous&gt; (http://localhost:9876/_karma_webpack_/node_modules/zone.js/dist/zone-testing.js:1760:1)
    at ZoneDelegate.invoke (http://localhost:9876/_karma_webpack_/node_modules/zone.js/dist/zone-evergreen.js:364:1)
    at ProxyZoneSpec.push../node_modules/zone.js/dist/zone-testing.js.ProxyZoneSpec.onInvoke (http://localhost:9876/_karma_webpack_/node_modules/zone.js/dist/zone-testing.js:292:1)
    at ZoneDelegate.invoke (http://localhost:9876/_karma_webpack_/node_modules/zone.js/dist/zone-evergreen.js:363:1)
    at Zone.run (http://localhost:9876/_karma_webpack_/node_modules/zone.js/dist/zone-evergreen.js:123:1)
    at runInTestZone (http://localhost:9876/_karma_webpack_/node_modules/zone.js/dist/zone-testing.js:545:1)
    at UserContext.&lt;anonymous&gt; (http://localhost:9876/_karma_webpack_/node_modules/zone.js/dist/zone-testing.js:560:1)
    at &lt;Jasmine&gt;
</failure>
  </testcase>
  <testcase name="LoginComponent should navigate to register-new-user page when clicked on &quot;sign up&quot; button" time="0.017" classname=".LoginComponent"/>
  <testcase name="LoginComponent should redirect to profile page on correct credentials" time="0.012" classname=".LoginComponent"/>
  <testcase name="LoginComponent should enable login button(form valid) when both field are valid" time="0.008" classname=".LoginComponent"/>
  <testcase name="LoginComponent should display minlength 3 username validation error when the username length less than 3" time="0.012" classname=".LoginComponent"/>
  <testcase name="LoginComponent should display no username validation error when the field kept as null(dirty)" time="0.009" classname=".LoginComponent"/>
  <testcase name="LoginComponent should not redirect to other pages on incorrect credentials" time="0.017" classname=".LoginComponent"/>
  <testcase name="LoginComponent should display maxlength password validation error when the password length exceeds 20" time="0.014" classname=".LoginComponent"/>
  <testcase name="LoginComponent All validation errors should be hidden and form should be invalid by default" time="0.013" classname=".LoginComponent"/>
  <testcase name="HeaderInterceptor should not add an Authorization header for regNewUser method" time="0.003" classname=".HeaderInterceptor">
    <failure type="">TypeError: Cannot read properties of undefined (reading 'subscribe')
    at &lt;Jasmine&gt;
    at UserContext.&lt;anonymous&gt; (http://localhost:9876/_karma_webpack_/src/app/interceptors/headerInterceptor.spec.ts:49:36)
    at ZoneDelegate.invoke (http://localhost:9876/_karma_webpack_/node_modules/zone.js/dist/zone-evergreen.js:364:1)
    at ProxyZoneSpec.push../node_modules/zone.js/dist/zone-testing.js.ProxyZoneSpec.onInvoke (http://localhost:9876/_karma_webpack_/node_modules/zone.js/dist/zone-testing.js:292:1)
    at ZoneDelegate.invoke (http://localhost:9876/_karma_webpack_/node_modules/zone.js/dist/zone-evergreen.js:363:1)
    at Zone.run (http://localhost:9876/_karma_webpack_/node_modules/zone.js/dist/zone-evergreen.js:123:1)
    at runInTestZone (http://localhost:9876/_karma_webpack_/node_modules/zone.js/dist/zone-testing.js:545:1)
    at UserContext.&lt;anonymous&gt; (http://localhost:9876/_karma_webpack_/node_modules/zone.js/dist/zone-testing.js:560:1)
    at &lt;Jasmine&gt;
</failure>
  </testcase>
  <testcase name="HeaderInterceptor should add an Authorization header for registerPatient method" time="0.005" classname=".HeaderInterceptor">
    <failure type="">TypeError: Cannot read properties of undefined (reading 'subscribe')
    at &lt;Jasmine&gt;
    at UserContext.&lt;anonymous&gt; (http://localhost:9876/_karma_webpack_/src/app/interceptors/headerInterceptor.spec.ts:90:44)
    at ZoneDelegate.invoke (http://localhost:9876/_karma_webpack_/node_modules/zone.js/dist/zone-evergreen.js:364:1)
    at ProxyZoneSpec.push../node_modules/zone.js/dist/zone-testing.js.ProxyZoneSpec.onInvoke (http://localhost:9876/_karma_webpack_/node_modules/zone.js/dist/zone-testing.js:292:1)
    at ZoneDelegate.invoke (http://localhost:9876/_karma_webpack_/node_modules/zone.js/dist/zone-evergreen.js:363:1)
    at Zone.run (http://localhost:9876/_karma_webpack_/node_modules/zone.js/dist/zone-evergreen.js:123:1)
    at runInTestZone (http://localhost:9876/_karma_webpack_/node_modules/zone.js/dist/zone-testing.js:545:1)
    at UserContext.&lt;anonymous&gt; (http://localhost:9876/_karma_webpack_/node_modules/zone.js/dist/zone-testing.js:560:1)
    at &lt;Jasmine&gt;
</failure>
  </testcase>
  <testcase name="HeaderInterceptor should add an Authorization header for getAllPatientsList method" time="0.003" classname=".HeaderInterceptor">
    <failure type="">TypeError: Cannot read properties of undefined (reading 'subscribe')
    at &lt;Jasmine&gt;
    at UserContext.&lt;anonymous&gt; (http://localhost:9876/_karma_webpack_/src/app/interceptors/headerInterceptor.spec.ts:99:33)
    at ZoneDelegate.invoke (http://localhost:9876/_karma_webpack_/node_modules/zone.js/dist/zone-evergreen.js:364:1)
    at ProxyZoneSpec.push../node_modules/zone.js/dist/zone-testing.js.ProxyZoneSpec.onInvoke (http://localhost:9876/_karma_webpack_/node_modules/zone.js/dist/zone-testing.js:292:1)
    at ZoneDelegate.invoke (http://localhost:9876/_karma_webpack_/node_modules/zone.js/dist/zone-evergreen.js:363:1)
    at Zone.run (http://localhost:9876/_karma_webpack_/node_modules/zone.js/dist/zone-evergreen.js:123:1)
    at runInTestZone (http://localhost:9876/_karma_webpack_/node_modules/zone.js/dist/zone-testing.js:545:1)
    at UserContext.&lt;anonymous&gt; (http://localhost:9876/_karma_webpack_/node_modules/zone.js/dist/zone-testing.js:560:1)
    at &lt;Jasmine&gt;
</failure>
  </testcase>
  <testcase name="HeaderInterceptor should not add an Authorization header for checkLogin method" time="0.003" classname=".HeaderInterceptor">
    <failure type="">TypeError: Cannot read properties of undefined (reading 'subscribe')
    at &lt;Jasmine&gt;
    at UserContext.&lt;anonymous&gt; (http://localhost:9876/_karma_webpack_/src/app/interceptors/headerInterceptor.spec.ts:32:50)
    at ZoneDelegate.invoke (http://localhost:9876/_karma_webpack_/node_modules/zone.js/dist/zone-evergreen.js:364:1)
    at ProxyZoneSpec.push../node_modules/zone.js/dist/zone-testing.js.ProxyZoneSpec.onInvoke (http://localhost:9876/_karma_webpack_/node_modules/zone.js/dist/zone-testing.js:292:1)
    at ZoneDelegate.invoke (http://localhost:9876/_karma_webpack_/node_modules/zone.js/dist/zone-evergreen.js:363:1)
    at Zone.run (http://localhost:9876/_karma_webpack_/node_modules/zone.js/dist/zone-evergreen.js:123:1)
    at runInTestZone (http://localhost:9876/_karma_webpack_/node_modules/zone.js/dist/zone-testing.js:545:1)
    at UserContext.&lt;anonymous&gt; (http://localhost:9876/_karma_webpack_/node_modules/zone.js/dist/zone-testing.js:560:1)
    at &lt;Jasmine&gt;
</failure>
  </testcase>
  <testcase name="HeaderInterceptor should add an Authorization header for getParticularPatient method" time="0.006" classname=".HeaderInterceptor">
    <failure type="">TypeError: Cannot read properties of undefined (reading 'subscribe')
    at &lt;Jasmine&gt;
    at UserContext.&lt;anonymous&gt; (http://localhost:9876/_karma_webpack_/src/app/interceptors/headerInterceptor.spec.ts:109:44)
    at ZoneDelegate.invoke (http://localhost:9876/_karma_webpack_/node_modules/zone.js/dist/zone-evergreen.js:364:1)
    at ProxyZoneSpec.push../node_modules/zone.js/dist/zone-testing.js.ProxyZoneSpec.onInvoke (http://localhost:9876/_karma_webpack_/node_modules/zone.js/dist/zone-testing.js:292:1)
    at ZoneDelegate.invoke (http://localhost:9876/_karma_webpack_/node_modules/zone.js/dist/zone-evergreen.js:363:1)
    at Zone.run (http://localhost:9876/_karma_webpack_/node_modules/zone.js/dist/zone-evergreen.js:123:1)
    at runInTestZone (http://localhost:9876/_karma_webpack_/node_modules/zone.js/dist/zone-testing.js:545:1)
    at UserContext.&lt;anonymous&gt; (http://localhost:9876/_karma_webpack_/node_modules/zone.js/dist/zone-testing.js:560:1)
    at &lt;Jasmine&gt;
</failure>
  </testcase>
  <testcase name="HeaderInterceptor should add an Authorization header for requestedAppointments method" time="0.002" classname=".HeaderInterceptor">
    <failure type="">TypeError: Cannot read properties of undefined (reading 'subscribe')
    at &lt;Jasmine&gt;
    at UserContext.&lt;anonymous&gt; (http://localhost:9876/_karma_webpack_/src/app/interceptors/headerInterceptor.spec.ts:162:36)
    at ZoneDelegate.invoke (http://localhost:9876/_karma_webpack_/node_modules/zone.js/dist/zone-evergreen.js:364:1)
    at ProxyZoneSpec.push../node_modules/zone.js/dist/zone-testing.js.ProxyZoneSpec.onInvoke (http://localhost:9876/_karma_webpack_/node_modules/zone.js/dist/zone-testing.js:292:1)
    at ZoneDelegate.invoke (http://localhost:9876/_karma_webpack_/node_modules/zone.js/dist/zone-evergreen.js:363:1)
    at Zone.run (http://localhost:9876/_karma_webpack_/node_modules/zone.js/dist/zone-evergreen.js:123:1)
    at runInTestZone (http://localhost:9876/_karma_webpack_/node_modules/zone.js/dist/zone-testing.js:545:1)
    at UserContext.&lt;anonymous&gt; (http://localhost:9876/_karma_webpack_/node_modules/zone.js/dist/zone-testing.js:560:1)
    at &lt;Jasmine&gt;
</failure>
  </testcase>
  <testcase name="HeaderInterceptor should add an Authorization header for deleteAppointment method" time="0.002" classname=".HeaderInterceptor">
    <failure type="">TypeError: Cannot read properties of undefined (reading 'subscribe')
    at &lt;Jasmine&gt;
    at UserContext.&lt;anonymous&gt; (http://localhost:9876/_karma_webpack_/src/app/interceptors/headerInterceptor.spec.ts:153:45)
    at ZoneDelegate.invoke (http://localhost:9876/_karma_webpack_/node_modules/zone.js/dist/zone-evergreen.js:364:1)
    at ProxyZoneSpec.push../node_modules/zone.js/dist/zone-testing.js.ProxyZoneSpec.onInvoke (http://localhost:9876/_karma_webpack_/node_modules/zone.js/dist/zone-testing.js:292:1)
    at ZoneDelegate.invoke (http://localhost:9876/_karma_webpack_/node_modules/zone.js/dist/zone-evergreen.js:363:1)
    at Zone.run (http://localhost:9876/_karma_webpack_/node_modules/zone.js/dist/zone-evergreen.js:123:1)
    at runInTestZone (http://localhost:9876/_karma_webpack_/node_modules/zone.js/dist/zone-testing.js:545:1)
    at UserContext.&lt;anonymous&gt; (http://localhost:9876/_karma_webpack_/node_modules/zone.js/dist/zone-testing.js:560:1)
    at &lt;Jasmine&gt;
</failure>
  </testcase>
  <testcase name="HeaderInterceptor should add an Authorization header for getUserDetails method" time="0.003" classname=".HeaderInterceptor">
    <failure type="">TypeError: Cannot read properties of undefined (reading 'subscribe')
    at &lt;Jasmine&gt;
    at UserContext.&lt;anonymous&gt; (http://localhost:9876/_karma_webpack_/src/app/interceptors/headerInterceptor.spec.ts:59:35)
    at ZoneDelegate.invoke (http://localhost:9876/_karma_webpack_/node_modules/zone.js/dist/zone-evergreen.js:364:1)
    at ProxyZoneSpec.push../node_modules/zone.js/dist/zone-testing.js.ProxyZoneSpec.onInvoke (http://localhost:9876/_karma_webpack_/node_modules/zone.js/dist/zone-testing.js:292:1)
    at ZoneDelegate.invoke (http://localhost:9876/_karma_webpack_/node_modules/zone.js/dist/zone-evergreen.js:363:1)
    at Zone.run (http://localhost:9876/_karma_webpack_/node_modules/zone.js/dist/zone-evergreen.js:123:1)
    at runInTestZone (http://localhost:9876/_karma_webpack_/node_modules/zone.js/dist/zone-testing.js:545:1)
    at UserContext.&lt;anonymous&gt; (http://localhost:9876/_karma_webpack_/node_modules/zone.js/dist/zone-testing.js:560:1)
    at &lt;Jasmine&gt;
</failure>
  </testcase>
  <testcase name="HeaderInterceptor should add an Authorization header for scheduleAppointment method" time="0.003" classname=".HeaderInterceptor">
    <failure type="">TypeError: Cannot read properties of undefined (reading 'subscribe')
    at &lt;Jasmine&gt;
    at UserContext.&lt;anonymous&gt; (http://localhost:9876/_karma_webpack_/src/app/interceptors/headerInterceptor.spec.ts:133:48)
    at ZoneDelegate.invoke (http://localhost:9876/_karma_webpack_/node_modules/zone.js/dist/zone-evergreen.js:364:1)
    at ProxyZoneSpec.push../node_modules/zone.js/dist/zone-testing.js.ProxyZoneSpec.onInvoke (http://localhost:9876/_karma_webpack_/node_modules/zone.js/dist/zone-testing.js:292:1)
    at ZoneDelegate.invoke (http://localhost:9876/_karma_webpack_/node_modules/zone.js/dist/zone-evergreen.js:363:1)
    at Zone.run (http://localhost:9876/_karma_webpack_/node_modules/zone.js/dist/zone-evergreen.js:123:1)
    at runInTestZone (http://localhost:9876/_karma_webpack_/node_modules/zone.js/dist/zone-testing.js:545:1)
    at UserContext.&lt;anonymous&gt; (http://localhost:9876/_karma_webpack_/node_modules/zone.js/dist/zone-testing.js:560:1)
    at &lt;Jasmine&gt;
</failure>
  </testcase>
  <testcase name="HeaderInterceptor should add an Authorization header for diseasesList method" time="0.003" classname=".HeaderInterceptor">
    <failure type="">TypeError: Cannot read properties of undefined (reading 'subscribe')
    at &lt;Jasmine&gt;
    at UserContext.&lt;anonymous&gt; (http://localhost:9876/_karma_webpack_/src/app/interceptors/headerInterceptor.spec.ts:118:27)
    at ZoneDelegate.invoke (http://localhost:9876/_karma_webpack_/node_modules/zone.js/dist/zone-evergreen.js:364:1)
    at ProxyZoneSpec.push../node_modules/zone.js/dist/zone-testing.js.ProxyZoneSpec.onInvoke (http://localhost:9876/_karma_webpack_/node_modules/zone.js/dist/zone-testing.js:292:1)
    at ZoneDelegate.invoke (http://localhost:9876/_karma_webpack_/node_modules/zone.js/dist/zone-evergreen.js:363:1)
    at Zone.run (http://localhost:9876/_karma_webpack_/node_modules/zone.js/dist/zone-evergreen.js:123:1)
    at runInTestZone (http://localhost:9876/_karma_webpack_/node_modules/zone.js/dist/zone-testing.js:545:1)
    at UserContext.&lt;anonymous&gt; (http://localhost:9876/_karma_webpack_/node_modules/zone.js/dist/zone-testing.js:560:1)
    at &lt;Jasmine&gt;
</failure>
  </testcase>
  <testcase name="HeaderInterceptor should add an Authorization header for updateDetails method" time="0.003" classname=".HeaderInterceptor">
    <failure type="">TypeError: Cannot read properties of undefined (reading 'subscribe')
    at &lt;Jasmine&gt;
    at UserContext.&lt;anonymous&gt; (http://localhost:9876/_karma_webpack_/src/app/interceptors/headerInterceptor.spec.ts:74:47)
    at ZoneDelegate.invoke (http://localhost:9876/_karma_webpack_/node_modules/zone.js/dist/zone-evergreen.js:364:1)
    at ProxyZoneSpec.push../node_modules/zone.js/dist/zone-testing.js.ProxyZoneSpec.onInvoke (http://localhost:9876/_karma_webpack_/node_modules/zone.js/dist/zone-testing.js:292:1)
    at ZoneDelegate.invoke (http://localhost:9876/_karma_webpack_/node_modules/zone.js/dist/zone-evergreen.js:363:1)
    at Zone.run (http://localhost:9876/_karma_webpack_/node_modules/zone.js/dist/zone-evergreen.js:123:1)
    at runInTestZone (http://localhost:9876/_karma_webpack_/node_modules/zone.js/dist/zone-testing.js:545:1)
    at UserContext.&lt;anonymous&gt; (http://localhost:9876/_karma_webpack_/node_modules/zone.js/dist/zone-testing.js:560:1)
    at &lt;Jasmine&gt;
</failure>
  </testcase>
  <testcase name="HeaderInterceptor should add an Authorization header for getSinglePatientAppointments method" time="0.003" classname=".HeaderInterceptor">
    <failure type="">TypeError: Cannot read properties of undefined (reading 'subscribe')
    at &lt;Jasmine&gt;
    at UserContext.&lt;anonymous&gt; (http://localhost:9876/_karma_webpack_/src/app/interceptors/headerInterceptor.spec.ts:143:52)
    at ZoneDelegate.invoke (http://localhost:9876/_karma_webpack_/node_modules/zone.js/dist/zone-evergreen.js:364:1)
    at ProxyZoneSpec.push../node_modules/zone.js/dist/zone-testing.js.ProxyZoneSpec.onInvoke (http://localhost:9876/_karma_webpack_/node_modules/zone.js/dist/zone-testing.js:292:1)
    at ZoneDelegate.invoke (http://localhost:9876/_karma_webpack_/node_modules/zone.js/dist/zone-evergreen.js:363:1)
    at Zone.run (http://localhost:9876/_karma_webpack_/node_modules/zone.js/dist/zone-evergreen.js:123:1)
    at runInTestZone (http://localhost:9876/_karma_webpack_/node_modules/zone.js/dist/zone-testing.js:545:1)
    at UserContext.&lt;anonymous&gt; (http://localhost:9876/_karma_webpack_/node_modules/zone.js/dist/zone-testing.js:560:1)
    at &lt;Jasmine&gt;
</failure>
  </testcase>
  <testcase name="HeaderComponent should get profile details by default(when page loads)" time="0.028" classname=".HeaderComponent">
    <failure type="">Error: Expected spy getProfileDetails to have been called.
    at &lt;Jasmine&gt;
    at http://localhost:9876/_karma_webpack_/src/app/component/header/header.component.spec.ts:93:42
    at ZoneDelegate.invoke (http://localhost:9876/_karma_webpack_/node_modules/zone.js/dist/zone-evergreen.js:364:1)
    at FakeAsyncTestZoneSpec.push../node_modules/zone.js/dist/zone-testing.js.FakeAsyncTestZoneSpec.onInvoke (http://localhost:9876/_karma_webpack_/node_modules/zone.js/dist/zone-testing.js:1652:1)
</failure>
  </testcase>
  <testcase name="HeaderComponent should get logged user details" time="0.009" classname=".HeaderComponent">
    <failure type="">Error: Expected spy getUserDetails to have been called.
    at &lt;Jasmine&gt;
    at http://localhost:9876/_karma_webpack_/src/app/component/header/header.component.spec.ts:104:41
    at ZoneDelegate.invoke (http://localhost:9876/_karma_webpack_/node_modules/zone.js/dist/zone-evergreen.js:364:1)
    at FakeAsyncTestZoneSpec.push../node_modules/zone.js/dist/zone-testing.js.FakeAsyncTestZoneSpec.onInvoke (http://localhost:9876/_karma_webpack_/node_modules/zone.js/dist/zone-testing.js:1652:1)
</failure>
    <failure type="">Error: Expected '' to be 'User2'.
    at &lt;Jasmine&gt;
    at http://localhost:9876/_karma_webpack_/src/app/component/header/header.component.spec.ts:106:37
    at ZoneDelegate.invoke (http://localhost:9876/_karma_webpack_/node_modules/zone.js/dist/zone-evergreen.js:364:1)
    at FakeAsyncTestZoneSpec.push../node_modules/zone.js/dist/zone-testing.js.FakeAsyncTestZoneSpec.onInvoke (http://localhost:9876/_karma_webpack_/node_modules/zone.js/dist/zone-testing.js:1652:1)
</failure>
  </testcase>
  <testcase name="HeaderComponent should get error on occurence of error" time="0.009" classname=".HeaderComponent"/>
  <testcase name="HeaderComponent should logout when clicked on &quot;logout&quot; menu" time="0.014" classname=".HeaderComponent">
    <failure type="">Error: Expected spy doLogOut to have been called.
    at &lt;Jasmine&gt;
    at UserContext.&lt;anonymous&gt; (http://localhost:9876/_karma_webpack_/src/app/component/header/header.component.spec.ts:131:34)
    at UserContext.&lt;anonymous&gt; (http://localhost:9876/_karma_webpack_/node_modules/zone.js/dist/zone-testing.js:1749:1)
    at ZoneDelegate.invoke (http://localhost:9876/_karma_webpack_/node_modules/zone.js/dist/zone-evergreen.js:364:1)
</failure>
  </testcase>
  <testcase name="RegisterNewUserComponent should display location validation error when the field kept as null(dirty)" time="0.011" classname=".RegisterNewUserComponent">
    <failure type="">Error: Expected true to be falsy.
    at &lt;Jasmine&gt;
    at http://localhost:9876/_karma_webpack_/src/app/component/register-new-user/register-new-user.component.spec.ts:422:34
    at ZoneDelegate.invoke (http://localhost:9876/_karma_webpack_/node_modules/zone.js/dist/zone-evergreen.js:364:1)
    at FakeAsyncTestZoneSpec.push../node_modules/zone.js/dist/zone-testing.js.FakeAsyncTestZoneSpec.onInvoke (http://localhost:9876/_karma_webpack_/node_modules/zone.js/dist/zone-testing.js:1652:1)
</failure>
  </testcase>
  <testcase name="RegisterNewUserComponent should display maxlength 20 username validation error when the username length greater than 20" time="0.016" classname=".RegisterNewUserComponent">
    <failure type="">Error: Expected true to be falsy.
    at &lt;Jasmine&gt;
    at http://localhost:9876/_karma_webpack_/src/app/component/register-new-user/register-new-user.component.spec.ts:194:42
    at ZoneDelegate.invoke (http://localhost:9876/_karma_webpack_/node_modules/zone.js/dist/zone-evergreen.js:364:1)
    at FakeAsyncTestZoneSpec.push../node_modules/zone.js/dist/zone-testing.js.FakeAsyncTestZoneSpec.onInvoke (http://localhost:9876/_karma_webpack_/node_modules/zone.js/dist/zone-testing.js:1652:1)
</failure>
    <failure type="">Error: Expected true to be falsy.
    at &lt;Jasmine&gt;
    at http://localhost:9876/_karma_webpack_/src/app/component/register-new-user/register-new-user.component.spec.ts:197:34
    at ZoneDelegate.invoke (http://localhost:9876/_karma_webpack_/node_modules/zone.js/dist/zone-evergreen.js:364:1)
    at FakeAsyncTestZoneSpec.push../node_modules/zone.js/dist/zone-testing.js.FakeAsyncTestZoneSpec.onInvoke (http://localhost:9876/_karma_webpack_/node_modules/zone.js/dist/zone-testing.js:1652:1)
</failure>
  </testcase>
  <testcase name="RegisterNewUserComponent navigate to login page when clicked on back button" time="0.012" classname=".RegisterNewUserComponent">
    <failure type="">Error: Expected '' to be '/login'.
    at &lt;Jasmine&gt;
    at http://localhost:9876/_karma_webpack_/src/app/component/register-new-user/register-new-user.component.spec.ts:636:33
    at ZoneDelegate.invoke (http://localhost:9876/_karma_webpack_/node_modules/zone.js/dist/zone-evergreen.js:364:1)
    at FakeAsyncTestZoneSpec.push../node_modules/zone.js/dist/zone-testing.js.FakeAsyncTestZoneSpec.onInvoke (http://localhost:9876/_karma_webpack_/node_modules/zone.js/dist/zone-testing.js:1652:1)
</failure>
  </testcase>
  <testcase name="RegisterNewUserComponent should display minlength 3 username validation error when the username length less than 3" time="0.01" classname=".RegisterNewUserComponent">
    <failure type="">Error: Expected true to be falsy.
    at &lt;Jasmine&gt;
    at http://localhost:9876/_karma_webpack_/src/app/component/register-new-user/register-new-user.component.spec.ts:174:42
    at ZoneDelegate.invoke (http://localhost:9876/_karma_webpack_/node_modules/zone.js/dist/zone-evergreen.js:364:1)
    at FakeAsyncTestZoneSpec.push../node_modules/zone.js/dist/zone-testing.js.FakeAsyncTestZoneSpec.onInvoke (http://localhost:9876/_karma_webpack_/node_modules/zone.js/dist/zone-testing.js:1652:1)
</failure>
    <failure type="">Error: Expected true to be falsy.
    at &lt;Jasmine&gt;
    at http://localhost:9876/_karma_webpack_/src/app/component/register-new-user/register-new-user.component.spec.ts:177:34
    at ZoneDelegate.invoke (http://localhost:9876/_karma_webpack_/node_modules/zone.js/dist/zone-evergreen.js:364:1)
    at FakeAsyncTestZoneSpec.push../node_modules/zone.js/dist/zone-testing.js.FakeAsyncTestZoneSpec.onInvoke (http://localhost:9876/_karma_webpack_/node_modules/zone.js/dist/zone-testing.js:1652:1)
</failure>
  </testcase>
  <testcase name="RegisterNewUserComponent should display username pattern validation error" time="0.01" classname=".RegisterNewUserComponent">
    <failure type="">Error: Expected true to be falsy.
    at &lt;Jasmine&gt;
    at http://localhost:9876/_karma_webpack_/src/app/component/register-new-user/register-new-user.component.spec.ts:214:42
    at ZoneDelegate.invoke (http://localhost:9876/_karma_webpack_/node_modules/zone.js/dist/zone-evergreen.js:364:1)
    at FakeAsyncTestZoneSpec.push../node_modules/zone.js/dist/zone-testing.js.FakeAsyncTestZoneSpec.onInvoke (http://localhost:9876/_karma_webpack_/node_modules/zone.js/dist/zone-testing.js:1652:1)
</failure>
    <failure type="">Error: Expected true to be falsy.
    at &lt;Jasmine&gt;
    at http://localhost:9876/_karma_webpack_/src/app/component/register-new-user/register-new-user.component.spec.ts:217:34
    at ZoneDelegate.invoke (http://localhost:9876/_karma_webpack_/node_modules/zone.js/dist/zone-evergreen.js:364:1)
    at FakeAsyncTestZoneSpec.push../node_modules/zone.js/dist/zone-testing.js.FakeAsyncTestZoneSpec.onInvoke (http://localhost:9876/_karma_webpack_/node_modules/zone.js/dist/zone-testing.js:1652:1)
</failure>
  </testcase>
  <testcase name="RegisterNewUserComponent should not display email validation error when the email field is valid" time="0.021" classname=".RegisterNewUserComponent">
    <failure type="">Error: Expected null to be truthy.
    at &lt;Jasmine&gt;
    at http://localhost:9876/_karma_webpack_/src/app/component/register-new-user/register-new-user.component.spec.ts:405:83
    at ZoneDelegate.invoke (http://localhost:9876/_karma_webpack_/node_modules/zone.js/dist/zone-evergreen.js:364:1)
    at FakeAsyncTestZoneSpec.push../node_modules/zone.js/dist/zone-testing.js.FakeAsyncTestZoneSpec.onInvoke (http://localhost:9876/_karma_webpack_/node_modules/zone.js/dist/zone-testing.js:1652:1)
</failure>
    <failure type="">Error: Expected &lt;div _ngcontent-a-c48 id="error-email" class="form-error-messages"&gt;...&lt;/div&gt; to be falsy.
    at &lt;Jasmine&gt;
    at http://localhost:9876/_karma_webpack_/src/app/component/register-new-user/register-new-user.component.spec.ts:407:27
    at ZoneDelegate.invoke (http://localhost:9876/_karma_webpack_/node_modules/zone.js/dist/zone-evergreen.js:364:1)
    at FakeAsyncTestZoneSpec.push../node_modules/zone.js/dist/zone-testing.js.FakeAsyncTestZoneSpec.onInvoke (http://localhost:9876/_karma_webpack_/node_modules/zone.js/dist/zone-testing.js:1652:1)
</failure>
  </testcase>
  <testcase name="RegisterNewUserComponent should not redirect to login page on occurence of error" time="0.007" classname=".RegisterNewUserComponent"/>
  <testcase name="RegisterNewUserComponent should display mobile pattern validation error" time="0.011" classname=".RegisterNewUserComponent">
    <failure type="">Error: Expected true to be falsy.
    at &lt;Jasmine&gt;
    at http://localhost:9876/_karma_webpack_/src/app/component/register-new-user/register-new-user.component.spec.ts:354:32
    at ZoneDelegate.invoke (http://localhost:9876/_karma_webpack_/node_modules/zone.js/dist/zone-evergreen.js:364:1)
    at FakeAsyncTestZoneSpec.push../node_modules/zone.js/dist/zone-testing.js.FakeAsyncTestZoneSpec.onInvoke (http://localhost:9876/_karma_webpack_/node_modules/zone.js/dist/zone-testing.js:1652:1)
</failure>
  </testcase>
  <testcase name="RegisterNewUserComponent should enable Create Account button(form valid) when all fields are valid" time="0.011" classname=".RegisterNewUserComponent">
    <failure type="">Error: Expected null to be truthy.
    at &lt;Jasmine&gt;
    at http://localhost:9876/_karma_webpack_/src/app/component/register-new-user/register-new-user.component.spec.ts:488:86
    at ZoneDelegate.invoke (http://localhost:9876/_karma_webpack_/node_modules/zone.js/dist/zone-evergreen.js:364:1)
    at FakeAsyncTestZoneSpec.push../node_modules/zone.js/dist/zone-testing.js.FakeAsyncTestZoneSpec.onInvoke (http://localhost:9876/_karma_webpack_/node_modules/zone.js/dist/zone-testing.js:1652:1)
</failure>
    <failure type="">Error: Expected &lt;div _ngcontent-a-c48 id="error-no-username" class="form-error-messages"&gt;...&lt;/div&gt; to be falsy.
    at &lt;Jasmine&gt;
    at http://localhost:9876/_karma_webpack_/src/app/component/register-new-user/register-new-user.component.spec.ts:490:36
    at ZoneDelegate.invoke (http://localhost:9876/_karma_webpack_/node_modules/zone.js/dist/zone-evergreen.js:364:1)
    at FakeAsyncTestZoneSpec.push../node_modules/zone.js/dist/zone-testing.js.FakeAsyncTestZoneSpec.onInvoke (http://localhost:9876/_karma_webpack_/node_modules/zone.js/dist/zone-testing.js:1652:1)
</failure>
    <failure type="">Error: Expected &lt;div _ngcontent-a-c48 id="error-minlength-username" class="form-error-messages"&gt;...&lt;/div&gt; to be falsy.
    at &lt;Jasmine&gt;
    at http://localhost:9876/_karma_webpack_/src/app/component/register-new-user/register-new-user.component.spec.ts:491:43
    at ZoneDelegate.invoke (http://localhost:9876/_karma_webpack_/node_modules/zone.js/dist/zone-evergreen.js:364:1)
    at FakeAsyncTestZoneSpec.push../node_modules/zone.js/dist/zone-testing.js.FakeAsyncTestZoneSpec.onInvoke (http://localhost:9876/_karma_webpack_/node_modules/zone.js/dist/zone-testing.js:1652:1)
</failure>
    <failure type="">Error: Expected &lt;div _ngcontent-a-c48 id="error-maxlength-username" class="form-error-messages"&gt;...&lt;/div&gt; to be falsy.
    at &lt;Jasmine&gt;
    at http://localhost:9876/_karma_webpack_/src/app/component/register-new-user/register-new-user.component.spec.ts:492:43
    at ZoneDelegate.invoke (http://localhost:9876/_karma_webpack_/node_modules/zone.js/dist/zone-evergreen.js:364:1)
    at FakeAsyncTestZoneSpec.push../node_modules/zone.js/dist/zone-testing.js.FakeAsyncTestZoneSpec.onInvoke (http://localhost:9876/_karma_webpack_/node_modules/zone.js/dist/zone-testing.js:1652:1)
</failure>
    <failure type="">Error: Expected &lt;div _ngcontent-a-c48 id="error-pattern-username" class="form-error-messages"&gt;...&lt;/div&gt; to be falsy.
    at &lt;Jasmine&gt;
    at http://localhost:9876/_karma_webpack_/src/app/component/register-new-user/register-new-user.component.spec.ts:493:41
    at ZoneDelegate.invoke (http://localhost:9876/_karma_webpack_/node_modules/zone.js/dist/zone-evergreen.js:364:1)
    at FakeAsyncTestZoneSpec.push../node_modules/zone.js/dist/zone-testing.js.FakeAsyncTestZoneSpec.onInvoke (http://localhost:9876/_karma_webpack_/node_modules/zone.js/dist/zone-testing.js:1652:1)
</failure>
    <failure type="">Error: Expected null to be truthy.
    at &lt;Jasmine&gt;
    at http://localhost:9876/_karma_webpack_/src/app/component/register-new-user/register-new-user.component.spec.ts:494:86
    at ZoneDelegate.invoke (http://localhost:9876/_karma_webpack_/node_modules/zone.js/dist/zone-evergreen.js:364:1)
    at FakeAsyncTestZoneSpec.push../node_modules/zone.js/dist/zone-testing.js.FakeAsyncTestZoneSpec.onInvoke (http://localhost:9876/_karma_webpack_/node_modules/zone.js/dist/zone-testing.js:1652:1)
</failure>
    <failure type="">Error: Expected &lt;div _ngcontent-a-c48 id="error-no-password" class="form-error-messages"&gt;...&lt;/div&gt; to be falsy.
    at &lt;Jasmine&gt;
    at http://localhost:9876/_karma_webpack_/src/app/component/register-new-user/register-new-user.component.spec.ts:496:36
    at ZoneDelegate.invoke (http://localhost:9876/_karma_webpack_/node_modules/zone.js/dist/zone-evergreen.js:364:1)
    at FakeAsyncTestZoneSpec.push../node_modules/zone.js/dist/zone-testing.js.FakeAsyncTestZoneSpec.onInvoke (http://localhost:9876/_karma_webpack_/node_modules/zone.js/dist/zone-testing.js:1652:1)
</failure>
    <failure type="">Error: Expected &lt;div _ngcontent-a-c48 id="error-minlength-password" class="form-error-messages"&gt;...&lt;/div&gt; to be falsy.
    at &lt;Jasmine&gt;
    at http://localhost:9876/_karma_webpack_/src/app/component/register-new-user/register-new-user.component.spec.ts:497:43
    at ZoneDelegate.invoke (http://localhost:9876/_karma_webpack_/node_modules/zone.js/dist/zone-evergreen.js:364:1)
    at FakeAsyncTestZoneSpec.push../node_modules/zone.js/dist/zone-testing.js.FakeAsyncTestZoneSpec.onInvoke (http://localhost:9876/_karma_webpack_/node_modules/zone.js/dist/zone-testing.js:1652:1)
</failure>
    <failure type="">Error: Expected &lt;div _ngcontent-a-c48 id="error-maxlength-username" class="form-error-messages"&gt;...&lt;/div&gt; to be falsy.
    at &lt;Jasmine&gt;
    at http://localhost:9876/_karma_webpack_/src/app/component/register-new-user/register-new-user.component.spec.ts:498:43
    at ZoneDelegate.invoke (http://localhost:9876/_karma_webpack_/node_modules/zone.js/dist/zone-evergreen.js:364:1)
    at FakeAsyncTestZoneSpec.push../node_modules/zone.js/dist/zone-testing.js.FakeAsyncTestZoneSpec.onInvoke (http://localhost:9876/_karma_webpack_/node_modules/zone.js/dist/zone-testing.js:1652:1)
</failure>
    <failure type="">Error: Expected &lt;div _ngcontent-a-c48 id="error-pattern-username" class="form-error-messages"&gt;...&lt;/div&gt; to be falsy.
    at &lt;Jasmine&gt;
    at http://localhost:9876/_karma_webpack_/src/app/component/register-new-user/register-new-user.component.spec.ts:499:41
    at ZoneDelegate.invoke (http://localhost:9876/_karma_webpack_/node_modules/zone.js/dist/zone-evergreen.js:364:1)
    at FakeAsyncTestZoneSpec.push../node_modules/zone.js/dist/zone-testing.js.FakeAsyncTestZoneSpec.onInvoke (http://localhost:9876/_karma_webpack_/node_modules/zone.js/dist/zone-testing.js:1652:1)
</failure>
    <failure type="">Error: Expected null to be truthy.
    at &lt;Jasmine&gt;
    at http://localhost:9876/_karma_webpack_/src/app/component/register-new-user/register-new-user.component.spec.ts:500:84
    at ZoneDelegate.invoke (http://localhost:9876/_karma_webpack_/node_modules/zone.js/dist/zone-evergreen.js:364:1)
    at FakeAsyncTestZoneSpec.push../node_modules/zone.js/dist/zone-testing.js.FakeAsyncTestZoneSpec.onInvoke (http://localhost:9876/_karma_webpack_/node_modules/zone.js/dist/zone-testing.js:1652:1)
</failure>
    <failure type="">Error: Expected &lt;div _ngcontent-a-c48 id="error-mobile" class="form-error-messages"&gt;...&lt;/div&gt; to be falsy.
    at &lt;Jasmine&gt;
    at http://localhost:9876/_karma_webpack_/src/app/component/register-new-user/register-new-user.component.spec.ts:502:28
    at ZoneDelegate.invoke (http://localhost:9876/_karma_webpack_/node_modules/zone.js/dist/zone-evergreen.js:364:1)
    at FakeAsyncTestZoneSpec.push../node_modules/zone.js/dist/zone-testing.js.FakeAsyncTestZoneSpec.onInvoke (http://localhost:9876/_karma_webpack_/node_modules/zone.js/dist/zone-testing.js:1652:1)
</failure>
    <failure type="">Error: Expected null to be truthy.
    at &lt;Jasmine&gt;
    at http://localhost:9876/_karma_webpack_/src/app/component/register-new-user/register-new-user.component.spec.ts:503:83
    at ZoneDelegate.invoke (http://localhost:9876/_karma_webpack_/node_modules/zone.js/dist/zone-evergreen.js:364:1)
    at FakeAsyncTestZoneSpec.push../node_modules/zone.js/dist/zone-testing.js.FakeAsyncTestZoneSpec.onInvoke (http://localhost:9876/_karma_webpack_/node_modules/zone.js/dist/zone-testing.js:1652:1)
</failure>
    <failure type="">Error: Expected &lt;div _ngcontent-a-c48 id="error-email" class="form-error-messages"&gt;...&lt;/div&gt; to be falsy.
    at &lt;Jasmine&gt;
    at http://localhost:9876/_karma_webpack_/src/app/component/register-new-user/register-new-user.component.spec.ts:505:27
    at ZoneDelegate.invoke (http://localhost:9876/_karma_webpack_/node_modules/zone.js/dist/zone-evergreen.js:364:1)
    at FakeAsyncTestZoneSpec.push../node_modules/zone.js/dist/zone-testing.js.FakeAsyncTestZoneSpec.onInvoke (http://localhost:9876/_karma_webpack_/node_modules/zone.js/dist/zone-testing.js:1652:1)
</failure>
    <failure type="">Error: Expected null to be truthy.
    at &lt;Jasmine&gt;
    at http://localhost:9876/_karma_webpack_/src/app/component/register-new-user/register-new-user.component.spec.ts:506:86
    at ZoneDelegate.invoke (http://localhost:9876/_karma_webpack_/node_modules/zone.js/dist/zone-evergreen.js:364:1)
    at FakeAsyncTestZoneSpec.push../node_modules/zone.js/dist/zone-testing.js.FakeAsyncTestZoneSpec.onInvoke (http://localhost:9876/_karma_webpack_/node_modules/zone.js/dist/zone-testing.js:1652:1)
</failure>
    <failure type="">Error: Expected &lt;div _ngcontent-a-c48 id="error-location" class="form-error-messages"&gt;...&lt;/div&gt; to be falsy.
    at &lt;Jasmine&gt;
    at http://localhost:9876/_karma_webpack_/src/app/component/register-new-user/register-new-user.component.spec.ts:508:30
    at ZoneDelegate.invoke (http://localhost:9876/_karma_webpack_/node_modules/zone.js/dist/zone-evergreen.js:364:1)
    at FakeAsyncTestZoneSpec.push../node_modules/zone.js/dist/zone-testing.js.FakeAsyncTestZoneSpec.onInvoke (http://localhost:9876/_karma_webpack_/node_modules/zone.js/dist/zone-testing.js:1652:1)
</failure>
  </testcase>
  <testcase name="RegisterNewUserComponent should not display password error when the password field is valid" time="0.02" classname=".RegisterNewUserComponent">
    <failure type="">Error: Expected null to be truthy.
    at &lt;Jasmine&gt;
    at http://localhost:9876/_karma_webpack_/src/app/component/register-new-user/register-new-user.component.spec.ts:334:86
    at ZoneDelegate.invoke (http://localhost:9876/_karma_webpack_/node_modules/zone.js/dist/zone-evergreen.js:364:1)
    at FakeAsyncTestZoneSpec.push../node_modules/zone.js/dist/zone-testing.js.FakeAsyncTestZoneSpec.onInvoke (http://localhost:9876/_karma_webpack_/node_modules/zone.js/dist/zone-testing.js:1652:1)
</failure>
    <failure type="">Error: Expected &lt;div _ngcontent-a-c48 id="error-no-password" class="form-error-messages"&gt;...&lt;/div&gt; to be falsy.
    at &lt;Jasmine&gt;
    at http://localhost:9876/_karma_webpack_/src/app/component/register-new-user/register-new-user.component.spec.ts:336:36
    at ZoneDelegate.invoke (http://localhost:9876/_karma_webpack_/node_modules/zone.js/dist/zone-evergreen.js:364:1)
    at FakeAsyncTestZoneSpec.push../node_modules/zone.js/dist/zone-testing.js.FakeAsyncTestZoneSpec.onInvoke (http://localhost:9876/_karma_webpack_/node_modules/zone.js/dist/zone-testing.js:1652:1)
</failure>
    <failure type="">Error: Expected &lt;div _ngcontent-a-c48 id="error-minlength-password" class="form-error-messages"&gt;...&lt;/div&gt; to be falsy.
    at &lt;Jasmine&gt;
    at http://localhost:9876/_karma_webpack_/src/app/component/register-new-user/register-new-user.component.spec.ts:337:43
    at ZoneDelegate.invoke (http://localhost:9876/_karma_webpack_/node_modules/zone.js/dist/zone-evergreen.js:364:1)
    at FakeAsyncTestZoneSpec.push../node_modules/zone.js/dist/zone-testing.js.FakeAsyncTestZoneSpec.onInvoke (http://localhost:9876/_karma_webpack_/node_modules/zone.js/dist/zone-testing.js:1652:1)
</failure>
    <failure type="">Error: Expected &lt;div _ngcontent-a-c48 id="error-maxlength-password" class="form-error-messages"&gt;...&lt;/div&gt; to be falsy.
    at &lt;Jasmine&gt;
    at http://localhost:9876/_karma_webpack_/src/app/component/register-new-user/register-new-user.component.spec.ts:338:43
    at ZoneDelegate.invoke (http://localhost:9876/_karma_webpack_/node_modules/zone.js/dist/zone-evergreen.js:364:1)
    at FakeAsyncTestZoneSpec.push../node_modules/zone.js/dist/zone-testing.js.FakeAsyncTestZoneSpec.onInvoke (http://localhost:9876/_karma_webpack_/node_modules/zone.js/dist/zone-testing.js:1652:1)
</failure>
    <failure type="">Error: Expected &lt;div _ngcontent-a-c48 id="error-pattern-password" class="form-error-messages"&gt;...&lt;/div&gt; to be falsy.
    at &lt;Jasmine&gt;
    at http://localhost:9876/_karma_webpack_/src/app/component/register-new-user/register-new-user.component.spec.ts:339:41
    at ZoneDelegate.invoke (http://localhost:9876/_karma_webpack_/node_modules/zone.js/dist/zone-evergreen.js:364:1)
    at FakeAsyncTestZoneSpec.push../node_modules/zone.js/dist/zone-testing.js.FakeAsyncTestZoneSpec.onInvoke (http://localhost:9876/_karma_webpack_/node_modules/zone.js/dist/zone-testing.js:1652:1)
</failure>
  </testcase>
  <testcase name="RegisterNewUserComponent should display password pattern validation error" time="0.015" classname=".RegisterNewUserComponent">
    <failure type="">Error: Expected true to be falsy.
    at &lt;Jasmine&gt;
    at http://localhost:9876/_karma_webpack_/src/app/component/register-new-user/register-new-user.component.spec.ts:314:34
    at ZoneDelegate.invoke (http://localhost:9876/_karma_webpack_/node_modules/zone.js/dist/zone-evergreen.js:364:1)
    at FakeAsyncTestZoneSpec.push../node_modules/zone.js/dist/zone-testing.js.FakeAsyncTestZoneSpec.onInvoke (http://localhost:9876/_karma_webpack_/node_modules/zone.js/dist/zone-testing.js:1652:1)
</failure>
  </testcase>
  <testcase name="RegisterNewUserComponent should not display location validation error when the location field is valid" time="0.007" classname=".RegisterNewUserComponent">
    <failure type="">Error: Expected null to be truthy.
    at &lt;Jasmine&gt;
    at http://localhost:9876/_karma_webpack_/src/app/component/register-new-user/register-new-user.component.spec.ts:439:86
    at ZoneDelegate.invoke (http://localhost:9876/_karma_webpack_/node_modules/zone.js/dist/zone-evergreen.js:364:1)
    at FakeAsyncTestZoneSpec.push../node_modules/zone.js/dist/zone-testing.js.FakeAsyncTestZoneSpec.onInvoke (http://localhost:9876/_karma_webpack_/node_modules/zone.js/dist/zone-testing.js:1652:1)
</failure>
    <failure type="">Error: Expected &lt;div _ngcontent-a-c48 id="error-location" class="form-error-messages"&gt;...&lt;/div&gt; to be falsy.
    at &lt;Jasmine&gt;
    at http://localhost:9876/_karma_webpack_/src/app/component/register-new-user/register-new-user.component.spec.ts:441:30
    at ZoneDelegate.invoke (http://localhost:9876/_karma_webpack_/node_modules/zone.js/dist/zone-evergreen.js:364:1)
    at FakeAsyncTestZoneSpec.push../node_modules/zone.js/dist/zone-testing.js.FakeAsyncTestZoneSpec.onInvoke (http://localhost:9876/_karma_webpack_/node_modules/zone.js/dist/zone-testing.js:1652:1)
</failure>
  </testcase>
  <testcase name="RegisterNewUserComponent should navigate to login when clicked on back button" time="0.012" classname=".RegisterNewUserComponent">
    <failure type="">Error: Expected spy goBack to have been called.
    at &lt;Jasmine&gt;
    at UserContext.&lt;anonymous&gt; (http://localhost:9876/_karma_webpack_/src/app/component/register-new-user/register-new-user.component.spec.ts:121:30)
    at UserContext.&lt;anonymous&gt; (http://localhost:9876/_karma_webpack_/node_modules/zone.js/dist/zone-testing.js:1749:1)
    at ZoneDelegate.invoke (http://localhost:9876/_karma_webpack_/node_modules/zone.js/dist/zone-evergreen.js:364:1)
</failure>
    <failure type="">Error: Expected '' to be '/login'.
    at &lt;Jasmine&gt;
    at UserContext.&lt;anonymous&gt; (http://localhost:9876/_karma_webpack_/src/app/component/register-new-user/register-new-user.component.spec.ts:122:29)
    at UserContext.&lt;anonymous&gt; (http://localhost:9876/_karma_webpack_/node_modules/zone.js/dist/zone-testing.js:1749:1)
    at ZoneDelegate.invoke (http://localhost:9876/_karma_webpack_/node_modules/zone.js/dist/zone-evergreen.js:364:1)
</failure>
  </testcase>
  <testcase name="RegisterNewUserComponent should not display any error when the username field is valid" time="0.016" classname=".RegisterNewUserComponent">
    <failure type="">Error: Expected null to be truthy.
    at &lt;Jasmine&gt;
    at http://localhost:9876/_karma_webpack_/src/app/component/register-new-user/register-new-user.component.spec.ts:240:86
    at ZoneDelegate.invoke (http://localhost:9876/_karma_webpack_/node_modules/zone.js/dist/zone-evergreen.js:364:1)
    at FakeAsyncTestZoneSpec.push../node_modules/zone.js/dist/zone-testing.js.FakeAsyncTestZoneSpec.onInvoke (http://localhost:9876/_karma_webpack_/node_modules/zone.js/dist/zone-testing.js:1652:1)
</failure>
    <failure type="">Error: Expected &lt;div _ngcontent-a-c48 id="error-no-username" class="form-error-messages"&gt;...&lt;/div&gt; to be falsy.
    at &lt;Jasmine&gt;
    at http://localhost:9876/_karma_webpack_/src/app/component/register-new-user/register-new-user.component.spec.ts:242:36
    at ZoneDelegate.invoke (http://localhost:9876/_karma_webpack_/node_modules/zone.js/dist/zone-evergreen.js:364:1)
    at FakeAsyncTestZoneSpec.push../node_modules/zone.js/dist/zone-testing.js.FakeAsyncTestZoneSpec.onInvoke (http://localhost:9876/_karma_webpack_/node_modules/zone.js/dist/zone-testing.js:1652:1)
</failure>
    <failure type="">Error: Expected &lt;div _ngcontent-a-c48 id="error-minlength-username" class="form-error-messages"&gt;...&lt;/div&gt; to be falsy.
    at &lt;Jasmine&gt;
    at http://localhost:9876/_karma_webpack_/src/app/component/register-new-user/register-new-user.component.spec.ts:243:43
    at ZoneDelegate.invoke (http://localhost:9876/_karma_webpack_/node_modules/zone.js/dist/zone-evergreen.js:364:1)
    at FakeAsyncTestZoneSpec.push../node_modules/zone.js/dist/zone-testing.js.FakeAsyncTestZoneSpec.onInvoke (http://localhost:9876/_karma_webpack_/node_modules/zone.js/dist/zone-testing.js:1652:1)
</failure>
    <failure type="">Error: Expected &lt;div _ngcontent-a-c48 id="error-maxlength-username" class="form-error-messages"&gt;...&lt;/div&gt; to be falsy.
    at &lt;Jasmine&gt;
    at http://localhost:9876/_karma_webpack_/src/app/component/register-new-user/register-new-user.component.spec.ts:244:43
    at ZoneDelegate.invoke (http://localhost:9876/_karma_webpack_/node_modules/zone.js/dist/zone-evergreen.js:364:1)
    at FakeAsyncTestZoneSpec.push../node_modules/zone.js/dist/zone-testing.js.FakeAsyncTestZoneSpec.onInvoke (http://localhost:9876/_karma_webpack_/node_modules/zone.js/dist/zone-testing.js:1652:1)
</failure>
    <failure type="">Error: Expected &lt;div _ngcontent-a-c48 id="error-pattern-username" class="form-error-messages"&gt;...&lt;/div&gt; to be falsy.
    at &lt;Jasmine&gt;
    at http://localhost:9876/_karma_webpack_/src/app/component/register-new-user/register-new-user.component.spec.ts:245:41
    at ZoneDelegate.invoke (http://localhost:9876/_karma_webpack_/node_modules/zone.js/dist/zone-evergreen.js:364:1)
    at FakeAsyncTestZoneSpec.push../node_modules/zone.js/dist/zone-testing.js.FakeAsyncTestZoneSpec.onInvoke (http://localhost:9876/_karma_webpack_/node_modules/zone.js/dist/zone-testing.js:1652:1)
</failure>
  </testcase>
  <testcase name="RegisterNewUserComponent should call signUp method when all fields are valid" time="0.015" classname=".RegisterNewUserComponent">
    <failure type="">Error: Expected spy signUp to have been called.
    at &lt;Jasmine&gt;
    at http://localhost:9876/_karma_webpack_/src/app/component/register-new-user/register-new-user.component.spec.ts:549:34
    at ZoneDelegate.invoke (http://localhost:9876/_karma_webpack_/node_modules/zone.js/dist/zone-evergreen.js:364:1)
    at FakeAsyncTestZoneSpec.push../node_modules/zone.js/dist/zone-testing.js.FakeAsyncTestZoneSpec.onInvoke (http://localhost:9876/_karma_webpack_/node_modules/zone.js/dist/zone-testing.js:1652:1)
</failure>
    <failure type="">Error: Expected spy regNewUser to have been called.
    at &lt;Jasmine&gt;
    at http://localhost:9876/_karma_webpack_/src/app/component/register-new-user/register-new-user.component.spec.ts:550:40
    at ZoneDelegate.invoke (http://localhost:9876/_karma_webpack_/node_modules/zone.js/dist/zone-evergreen.js:364:1)
    at FakeAsyncTestZoneSpec.push../node_modules/zone.js/dist/zone-testing.js.FakeAsyncTestZoneSpec.onInvoke (http://localhost:9876/_karma_webpack_/node_modules/zone.js/dist/zone-testing.js:1652:1)
</failure>
  </testcase>
  <testcase name="RegisterNewUserComponent All validation errors should be hidden and form should be invalid by default" time="0.018" classname=".RegisterNewUserComponent">
    <failure type="">Error: Expected true to be falsy.
    at &lt;Jasmine&gt;
    at http://localhost:9876/_karma_webpack_/src/app/component/register-new-user/register-new-user.component.spec.ts:130:42
    at ZoneDelegate.invoke (http://localhost:9876/_karma_webpack_/node_modules/zone.js/dist/zone-evergreen.js:364:1)
    at FakeAsyncTestZoneSpec.push../node_modules/zone.js/dist/zone-testing.js.FakeAsyncTestZoneSpec.onInvoke (http://localhost:9876/_karma_webpack_/node_modules/zone.js/dist/zone-testing.js:1652:1)
</failure>
    <failure type="">Error: Expected &lt;div _ngcontent-a-c48 id="error-no-username" class="form-error-messages"&gt;...&lt;/div&gt; to be falsy.
    at &lt;Jasmine&gt;
    at http://localhost:9876/_karma_webpack_/src/app/component/register-new-user/register-new-user.component.spec.ts:132:36
    at ZoneDelegate.invoke (http://localhost:9876/_karma_webpack_/node_modules/zone.js/dist/zone-evergreen.js:364:1)
    at FakeAsyncTestZoneSpec.push../node_modules/zone.js/dist/zone-testing.js.FakeAsyncTestZoneSpec.onInvoke (http://localhost:9876/_karma_webpack_/node_modules/zone.js/dist/zone-testing.js:1652:1)
</failure>
    <failure type="">Error: Expected &lt;div _ngcontent-a-c48 id="error-minlength-username" class="form-error-messages"&gt;...&lt;/div&gt; to be falsy.
    at &lt;Jasmine&gt;
    at http://localhost:9876/_karma_webpack_/src/app/component/register-new-user/register-new-user.component.spec.ts:133:43
    at ZoneDelegate.invoke (http://localhost:9876/_karma_webpack_/node_modules/zone.js/dist/zone-evergreen.js:364:1)
    at FakeAsyncTestZoneSpec.push../node_modules/zone.js/dist/zone-testing.js.FakeAsyncTestZoneSpec.onInvoke (http://localhost:9876/_karma_webpack_/node_modules/zone.js/dist/zone-testing.js:1652:1)
</failure>
    <failure type="">Error: Expected &lt;div _ngcontent-a-c48 id="error-maxlength-username" class="form-error-messages"&gt;...&lt;/div&gt; to be falsy.
    at &lt;Jasmine&gt;
    at http://localhost:9876/_karma_webpack_/src/app/component/register-new-user/register-new-user.component.spec.ts:134:43
    at ZoneDelegate.invoke (http://localhost:9876/_karma_webpack_/node_modules/zone.js/dist/zone-evergreen.js:364:1)
    at FakeAsyncTestZoneSpec.push../node_modules/zone.js/dist/zone-testing.js.FakeAsyncTestZoneSpec.onInvoke (http://localhost:9876/_karma_webpack_/node_modules/zone.js/dist/zone-testing.js:1652:1)
</failure>
    <failure type="">Error: Expected &lt;div _ngcontent-a-c48 id="error-pattern-username" class="form-error-messages"&gt;...&lt;/div&gt; to be falsy.
    at &lt;Jasmine&gt;
    at http://localhost:9876/_karma_webpack_/src/app/component/register-new-user/register-new-user.component.spec.ts:135:41
    at ZoneDelegate.invoke (http://localhost:9876/_karma_webpack_/node_modules/zone.js/dist/zone-evergreen.js:364:1)
    at FakeAsyncTestZoneSpec.push../node_modules/zone.js/dist/zone-testing.js.FakeAsyncTestZoneSpec.onInvoke (http://localhost:9876/_karma_webpack_/node_modules/zone.js/dist/zone-testing.js:1652:1)
</failure>
    <failure type="">Error: Expected &lt;div _ngcontent-a-c48 id="error-no-password" class="form-error-messages"&gt;...&lt;/div&gt; to be falsy.
    at &lt;Jasmine&gt;
    at http://localhost:9876/_karma_webpack_/src/app/component/register-new-user/register-new-user.component.spec.ts:137:36
    at ZoneDelegate.invoke (http://localhost:9876/_karma_webpack_/node_modules/zone.js/dist/zone-evergreen.js:364:1)
    at FakeAsyncTestZoneSpec.push../node_modules/zone.js/dist/zone-testing.js.FakeAsyncTestZoneSpec.onInvoke (http://localhost:9876/_karma_webpack_/node_modules/zone.js/dist/zone-testing.js:1652:1)
</failure>
    <failure type="">Error: Expected &lt;div _ngcontent-a-c48 id="error-minlength-password" class="form-error-messages"&gt;...&lt;/div&gt; to be falsy.
    at &lt;Jasmine&gt;
    at http://localhost:9876/_karma_webpack_/src/app/component/register-new-user/register-new-user.component.spec.ts:138:43
    at ZoneDelegate.invoke (http://localhost:9876/_karma_webpack_/node_modules/zone.js/dist/zone-evergreen.js:364:1)
    at FakeAsyncTestZoneSpec.push../node_modules/zone.js/dist/zone-testing.js.FakeAsyncTestZoneSpec.onInvoke (http://localhost:9876/_karma_webpack_/node_modules/zone.js/dist/zone-testing.js:1652:1)
</failure>
    <failure type="">Error: Expected &lt;div _ngcontent-a-c48 id="error-maxlength-username" class="form-error-messages"&gt;...&lt;/div&gt; to be falsy.
    at &lt;Jasmine&gt;
    at http://localhost:9876/_karma_webpack_/src/app/component/register-new-user/register-new-user.component.spec.ts:139:43
    at ZoneDelegate.invoke (http://localhost:9876/_karma_webpack_/node_modules/zone.js/dist/zone-evergreen.js:364:1)
    at FakeAsyncTestZoneSpec.push../node_modules/zone.js/dist/zone-testing.js.FakeAsyncTestZoneSpec.onInvoke (http://localhost:9876/_karma_webpack_/node_modules/zone.js/dist/zone-testing.js:1652:1)
</failure>
    <failure type="">Error: Expected &lt;div _ngcontent-a-c48 id="error-pattern-username" class="form-error-messages"&gt;...&lt;/div&gt; to be falsy.
    at &lt;Jasmine&gt;
    at http://localhost:9876/_karma_webpack_/src/app/component/register-new-user/register-new-user.component.spec.ts:140:41
    at ZoneDelegate.invoke (http://localhost:9876/_karma_webpack_/node_modules/zone.js/dist/zone-evergreen.js:364:1)
    at FakeAsyncTestZoneSpec.push../node_modules/zone.js/dist/zone-testing.js.FakeAsyncTestZoneSpec.onInvoke (http://localhost:9876/_karma_webpack_/node_modules/zone.js/dist/zone-testing.js:1652:1)
</failure>
    <failure type="">Error: Expected &lt;div _ngcontent-a-c48 id="error-mobile" class="form-error-messages"&gt;...&lt;/div&gt; to be falsy.
    at &lt;Jasmine&gt;
    at http://localhost:9876/_karma_webpack_/src/app/component/register-new-user/register-new-user.component.spec.ts:142:28
    at ZoneDelegate.invoke (http://localhost:9876/_karma_webpack_/node_modules/zone.js/dist/zone-evergreen.js:364:1)
    at FakeAsyncTestZoneSpec.push../node_modules/zone.js/dist/zone-testing.js.FakeAsyncTestZoneSpec.onInvoke (http://localhost:9876/_karma_webpack_/node_modules/zone.js/dist/zone-testing.js:1652:1)
</failure>
    <failure type="">Error: Expected &lt;div _ngcontent-a-c48 id="error-email" class="form-error-messages"&gt;...&lt;/div&gt; to be falsy.
    at &lt;Jasmine&gt;
    at http://localhost:9876/_karma_webpack_/src/app/component/register-new-user/register-new-user.component.spec.ts:143:27
    at ZoneDelegate.invoke (http://localhost:9876/_karma_webpack_/node_modules/zone.js/dist/zone-evergreen.js:364:1)
    at FakeAsyncTestZoneSpec.push../node_modules/zone.js/dist/zone-testing.js.FakeAsyncTestZoneSpec.onInvoke (http://localhost:9876/_karma_webpack_/node_modules/zone.js/dist/zone-testing.js:1652:1)
</failure>
    <failure type="">Error: Expected &lt;div _ngcontent-a-c48 id="error-location" class="form-error-messages"&gt;...&lt;/div&gt; to be falsy.
    at &lt;Jasmine&gt;
    at http://localhost:9876/_karma_webpack_/src/app/component/register-new-user/register-new-user.component.spec.ts:144:30
    at ZoneDelegate.invoke (http://localhost:9876/_karma_webpack_/node_modules/zone.js/dist/zone-evergreen.js:364:1)
    at FakeAsyncTestZoneSpec.push../node_modules/zone.js/dist/zone-testing.js.FakeAsyncTestZoneSpec.onInvoke (http://localhost:9876/_karma_webpack_/node_modules/zone.js/dist/zone-testing.js:1652:1)
</failure>
  </testcase>
  <testcase name="RegisterNewUserComponent should redirect to login page after successful registration" time="0.011" classname=".RegisterNewUserComponent">
    <failure type="">Error: Expected '' to be '/login'.
    at &lt;Jasmine&gt;
    at http://localhost:9876/_karma_webpack_/src/app/component/register-new-user/register-new-user.component.spec.ts:588:33
    at ZoneDelegate.invoke (http://localhost:9876/_karma_webpack_/node_modules/zone.js/dist/zone-evergreen.js:364:1)
    at FakeAsyncTestZoneSpec.push../node_modules/zone.js/dist/zone-testing.js.FakeAsyncTestZoneSpec.onInvoke (http://localhost:9876/_karma_webpack_/node_modules/zone.js/dist/zone-testing.js:1652:1)
</failure>
  </testcase>
  <testcase name="RegisterNewUserComponent should display minlength 8 password validation error when the password length less than 8" time="0.014" classname=".RegisterNewUserComponent">
    <failure type="">Error: Expected true to be falsy.
    at &lt;Jasmine&gt;
    at http://localhost:9876/_karma_webpack_/src/app/component/register-new-user/register-new-user.component.spec.ts:278:34
    at ZoneDelegate.invoke (http://localhost:9876/_karma_webpack_/node_modules/zone.js/dist/zone-evergreen.js:364:1)
    at FakeAsyncTestZoneSpec.push../node_modules/zone.js/dist/zone-testing.js.FakeAsyncTestZoneSpec.onInvoke (http://localhost:9876/_karma_webpack_/node_modules/zone.js/dist/zone-testing.js:1652:1)
</failure>
  </testcase>
  <testcase name="RegisterNewUserComponent should not display mobile error when the mobile field is valid" time="0.008" classname=".RegisterNewUserComponent">
    <failure type="">Error: Expected null to be truthy.
    at &lt;Jasmine&gt;
    at http://localhost:9876/_karma_webpack_/src/app/component/register-new-user/register-new-user.component.spec.ts:371:84
    at ZoneDelegate.invoke (http://localhost:9876/_karma_webpack_/node_modules/zone.js/dist/zone-evergreen.js:364:1)
    at FakeAsyncTestZoneSpec.push../node_modules/zone.js/dist/zone-testing.js.FakeAsyncTestZoneSpec.onInvoke (http://localhost:9876/_karma_webpack_/node_modules/zone.js/dist/zone-testing.js:1652:1)
</failure>
    <failure type="">Error: Expected &lt;div _ngcontent-a-c48 id="error-mobile" class="form-error-messages"&gt;...&lt;/div&gt; to be falsy.
    at &lt;Jasmine&gt;
    at http://localhost:9876/_karma_webpack_/src/app/component/register-new-user/register-new-user.component.spec.ts:373:28
    at ZoneDelegate.invoke (http://localhost:9876/_karma_webpack_/node_modules/zone.js/dist/zone-evergreen.js:364:1)
    at FakeAsyncTestZoneSpec.push../node_modules/zone.js/dist/zone-testing.js.FakeAsyncTestZoneSpec.onInvoke (http://localhost:9876/_karma_webpack_/node_modules/zone.js/dist/zone-testing.js:1652:1)
</failure>
  </testcase>
  <testcase name="RegisterNewUserComponent should display no password validation error when the field kept as null(dirty)" time="0.015" classname=".RegisterNewUserComponent">
    <failure type="">Error: Expected true to be falsy.
    at &lt;Jasmine&gt;
    at http://localhost:9876/_karma_webpack_/src/app/component/register-new-user/register-new-user.component.spec.ts:257:42
    at ZoneDelegate.invoke (http://localhost:9876/_karma_webpack_/node_modules/zone.js/dist/zone-evergreen.js:364:1)
    at FakeAsyncTestZoneSpec.push../node_modules/zone.js/dist/zone-testing.js.FakeAsyncTestZoneSpec.onInvoke (http://localhost:9876/_karma_webpack_/node_modules/zone.js/dist/zone-testing.js:1652:1)
</failure>
    <failure type="">Error: Expected true to be falsy.
    at &lt;Jasmine&gt;
    at http://localhost:9876/_karma_webpack_/src/app/component/register-new-user/register-new-user.component.spec.ts:261:34
    at ZoneDelegate.invoke (http://localhost:9876/_karma_webpack_/node_modules/zone.js/dist/zone-evergreen.js:364:1)
    at FakeAsyncTestZoneSpec.push../node_modules/zone.js/dist/zone-testing.js.FakeAsyncTestZoneSpec.onInvoke (http://localhost:9876/_karma_webpack_/node_modules/zone.js/dist/zone-testing.js:1652:1)
</failure>
  </testcase>
  <testcase name="RegisterNewUserComponent should display email pattern validation error" time="0.011" classname=".RegisterNewUserComponent">
    <failure type="">Error: Expected true to be falsy.
    at &lt;Jasmine&gt;
    at http://localhost:9876/_karma_webpack_/src/app/component/register-new-user/register-new-user.component.spec.ts:388:31
    at ZoneDelegate.invoke (http://localhost:9876/_karma_webpack_/node_modules/zone.js/dist/zone-evergreen.js:364:1)
    at FakeAsyncTestZoneSpec.push../node_modules/zone.js/dist/zone-testing.js.FakeAsyncTestZoneSpec.onInvoke (http://localhost:9876/_karma_webpack_/node_modules/zone.js/dist/zone-testing.js:1652:1)
</failure>
  </testcase>
  <testcase name="RegisterNewUserComponent should display no username validation error when the field kept as null(dirty)" time="0.012" classname=".RegisterNewUserComponent">
    <failure type="">Error: Expected true to be falsy.
    at &lt;Jasmine&gt;
    at http://localhost:9876/_karma_webpack_/src/app/component/register-new-user/register-new-user.component.spec.ts:156:42
    at ZoneDelegate.invoke (http://localhost:9876/_karma_webpack_/node_modules/zone.js/dist/zone-evergreen.js:364:1)
    at FakeAsyncTestZoneSpec.push../node_modules/zone.js/dist/zone-testing.js.FakeAsyncTestZoneSpec.onInvoke (http://localhost:9876/_karma_webpack_/node_modules/zone.js/dist/zone-testing.js:1652:1)
</failure>
    <failure type="">Error: Expected true to be falsy.
    at &lt;Jasmine&gt;
    at http://localhost:9876/_karma_webpack_/src/app/component/register-new-user/register-new-user.component.spec.ts:160:34
    at ZoneDelegate.invoke (http://localhost:9876/_karma_webpack_/node_modules/zone.js/dist/zone-evergreen.js:364:1)
    at FakeAsyncTestZoneSpec.push../node_modules/zone.js/dist/zone-testing.js.FakeAsyncTestZoneSpec.onInvoke (http://localhost:9876/_karma_webpack_/node_modules/zone.js/dist/zone-testing.js:1652:1)
</failure>
  </testcase>
  <testcase name="RegisterNewUserComponent should display maxlength 20 password validation error when the password length greater less than 20" time="0.013" classname=".RegisterNewUserComponent">
    <failure type="">Error: Expected true to be falsy.
    at &lt;Jasmine&gt;
    at http://localhost:9876/_karma_webpack_/src/app/component/register-new-user/register-new-user.component.spec.ts:296:34
    at ZoneDelegate.invoke (http://localhost:9876/_karma_webpack_/node_modules/zone.js/dist/zone-evergreen.js:364:1)
    at FakeAsyncTestZoneSpec.push../node_modules/zone.js/dist/zone-testing.js.FakeAsyncTestZoneSpec.onInvoke (http://localhost:9876/_karma_webpack_/node_modules/zone.js/dist/zone-testing.js:1652:1)
</failure>
  </testcase>
  <testcase name="AllPatientsListComponent should navigate to patientList page with selected patientId : case 2" time="0.022" classname=".AllPatientsListComponent">
    <failure type="">Expected spy view to have been called with:
  [ '5d8fb22e1d9d0652ef4781ad' ]
but actual calls were:
  [ undefined ].

Call 0:
  Expected $[0] = undefined to equal '5d8fb22e1d9d0652ef4781ad'.
    at &lt;Jasmine&gt;
    at UserContext.&lt;anonymous&gt; (http://localhost:9876/_karma_webpack_/src/app/component/all-patients-list/all-patients-list.component.spec.ts:146:28)
    at UserContext.&lt;anonymous&gt; (http://localhost:9876/_karma_webpack_/node_modules/zone.js/dist/zone-testing.js:1749:1)
    at ZoneDelegate.invoke (http://localhost:9876/_karma_webpack_/node_modules/zone.js/dist/zone-evergreen.js:364:1)
</failure>
    <failure type="">Error: Expected '' to be '/patientList/5d8fb22e1d9d0652ef4781ad'.
    at &lt;Jasmine&gt;
    at http://localhost:9876/_karma_webpack_/src/app/component/all-patients-list/all-patients-list.component.spec.ts:148:31
    at ZoneDelegate.invoke (http://localhost:9876/_karma_webpack_/node_modules/zone.js/dist/zone-evergreen.js:364:1)
    at FakeAsyncTestZoneSpec.push../node_modules/zone.js/dist/zone-testing.js.FakeAsyncTestZoneSpec.onInvoke (http://localhost:9876/_karma_webpack_/node_modules/zone.js/dist/zone-testing.js:1652:1)
</failure>
  </testcase>
  <testcase name="AllPatientsListComponent should navigate to patientList page with selected patientId : case 1" time="0.01" classname=".AllPatientsListComponent">
    <failure type="">Expected spy view to have been called with:
  [ '5fedcf3f-72aa-48fb-927a-492003779e07' ]
but actual calls were:
  [ undefined ].

Call 0:
  Expected $[0] = undefined to equal '5fedcf3f-72aa-48fb-927a-492003779e07'.
    at &lt;Jasmine&gt;
    at UserContext.&lt;anonymous&gt; (http://localhost:9876/_karma_webpack_/src/app/component/all-patients-list/all-patients-list.component.spec.ts:132:28)
    at UserContext.&lt;anonymous&gt; (http://localhost:9876/_karma_webpack_/node_modules/zone.js/dist/zone-testing.js:1749:1)
    at ZoneDelegate.invoke (http://localhost:9876/_karma_webpack_/node_modules/zone.js/dist/zone-evergreen.js:364:1)
</failure>
    <failure type="">Error: Expected '' to be '/patientList/5fedcf3f-72aa-48fb-927a-492003779e07'.
    at &lt;Jasmine&gt;
    at http://localhost:9876/_karma_webpack_/src/app/component/all-patients-list/all-patients-list.component.spec.ts:134:31
    at ZoneDelegate.invoke (http://localhost:9876/_karma_webpack_/node_modules/zone.js/dist/zone-evergreen.js:364:1)
    at FakeAsyncTestZoneSpec.push../node_modules/zone.js/dist/zone-testing.js.FakeAsyncTestZoneSpec.onInvoke (http://localhost:9876/_karma_webpack_/node_modules/zone.js/dist/zone-testing.js:1652:1)
</failure>
  </testcase>
  <testcase name="AllPatientsListComponent should call view method with the id of selected patient" time="0.008" classname=".AllPatientsListComponent">
    <failure type="">Expected spy view to have been called with:
  [ '5fedcf3f-72aa-48fb-927a-492003779e07' ]
but actual calls were:
  [ undefined ].

Call 0:
  Expected $[0] = undefined to equal '5fedcf3f-72aa-48fb-927a-492003779e07'.
    at &lt;Jasmine&gt;
    at UserContext.&lt;anonymous&gt; (http://localhost:9876/_karma_webpack_/src/app/component/all-patients-list/all-patients-list.component.spec.ts:121:28)
    at UserContext.&lt;anonymous&gt; (http://localhost:9876/_karma_webpack_/node_modules/zone.js/dist/zone-testing.js:1749:1)
    at ZoneDelegate.invoke (http://localhost:9876/_karma_webpack_/node_modules/zone.js/dist/zone-evergreen.js:364:1)
</failure>
  </testcase>
  <testcase name="AllPatientsListComponent should call getAllPatientsList method when page loads " time="0.004" classname=".AllPatientsListComponent"/>
  <testcase name="ProfileComponent should display edit profile form on edit profile button click" time="0.015" classname=".ProfileComponent">
    <failure type="">Error: Expected spy editMyProfile to have been called.
    at &lt;Jasmine&gt;
    at UserContext.&lt;anonymous&gt; (http://localhost:9876/_karma_webpack_/src/app/component/profile/profile.component.spec.ts:143:37)
    at ZoneDelegate.invoke (http://localhost:9876/_karma_webpack_/node_modules/zone.js/dist/zone-evergreen.js:364:1)
    at ProxyZoneSpec.push../node_modules/zone.js/dist/zone-testing.js.ProxyZoneSpec.onInvoke (http://localhost:9876/_karma_webpack_/node_modules/zone.js/dist/zone-testing.js:292:1)
</failure>
    <failure type="">Error: Expected false to be true.
    at &lt;Jasmine&gt;
    at UserContext.&lt;anonymous&gt; (http://localhost:9876/_karma_webpack_/src/app/component/profile/profile.component.spec.ts:145:35)
    at ZoneDelegate.invoke (http://localhost:9876/_karma_webpack_/node_modules/zone.js/dist/zone-evergreen.js:364:1)
    at ProxyZoneSpec.push../node_modules/zone.js/dist/zone-testing.js.ProxyZoneSpec.onInvoke (http://localhost:9876/_karma_webpack_/node_modules/zone.js/dist/zone-testing.js:292:1)
</failure>
    <failure type="">Error: Expected &lt;ul _ngcontent-a-c53 id="profileDetails" class="profile-details"&gt;...&lt;/ul&gt; to be null.
    at &lt;Jasmine&gt;
    at UserContext.&lt;anonymous&gt; (http://localhost:9876/_karma_webpack_/src/app/component/profile/profile.component.spec.ts:150:32)
    at ZoneDelegate.invoke (http://localhost:9876/_karma_webpack_/node_modules/zone.js/dist/zone-evergreen.js:364:1)
    at ProxyZoneSpec.push../node_modules/zone.js/dist/zone-testing.js.ProxyZoneSpec.onInvoke (http://localhost:9876/_karma_webpack_/node_modules/zone.js/dist/zone-testing.js:292:1)
</failure>
  </testcase>
  <testcase name="ProfileComponent should display profile details on clicking discard button" time="0.009" classname=".ProfileComponent">
    <failure type="">Error: Expected &lt;button _ngcontent-a-c53 id="editProfileBtn" class="prompt-btn btn"&gt;...&lt;/button&gt; to be null.
    at &lt;Jasmine&gt;
    at UserContext.&lt;anonymous&gt; (http://localhost:9876/_karma_webpack_/src/app/component/profile/profile.component.spec.ts:159:32)
    at ZoneDelegate.invoke (http://localhost:9876/_karma_webpack_/node_modules/zone.js/dist/zone-evergreen.js:364:1)
    at ProxyZoneSpec.push../node_modules/zone.js/dist/zone-testing.js.ProxyZoneSpec.onInvoke (http://localhost:9876/_karma_webpack_/node_modules/zone.js/dist/zone-testing.js:292:1)
</failure>
    <failure type="">Error: Expected spy discardEdit to have been called.
    at &lt;Jasmine&gt;
    at UserContext.&lt;anonymous&gt; (http://localhost:9876/_karma_webpack_/src/app/component/profile/profile.component.spec.ts:164:35)
    at ZoneDelegate.invoke (http://localhost:9876/_karma_webpack_/node_modules/zone.js/dist/zone-evergreen.js:364:1)
    at ProxyZoneSpec.push../node_modules/zone.js/dist/zone-testing.js.ProxyZoneSpec.onInvoke (http://localhost:9876/_karma_webpack_/node_modules/zone.js/dist/zone-testing.js:292:1)
</failure>
    <failure type="">Error: Expected true to be false.
    at &lt;Jasmine&gt;
    at UserContext.&lt;anonymous&gt; (http://localhost:9876/_karma_webpack_/src/app/component/profile/profile.component.spec.ts:167:35)
    at ZoneDelegate.invoke (http://localhost:9876/_karma_webpack_/node_modules/zone.js/dist/zone-evergreen.js:364:1)
    at ProxyZoneSpec.push../node_modules/zone.js/dist/zone-testing.js.ProxyZoneSpec.onInvoke (http://localhost:9876/_karma_webpack_/node_modules/zone.js/dist/zone-testing.js:292:1)
</failure>
    <failure type="">Error: Expected &lt;form _ngcontent-a-c53 novalidate id="editProfileForm" class="ro-form profile-form ng-untouched ng-pristine ng-valid"&gt;...&lt;/form&gt; to be null.
    at &lt;Jasmine&gt;
    at UserContext.&lt;anonymous&gt; (http://localhost:9876/_karma_webpack_/src/app/component/profile/profile.component.spec.ts:172:33)
    at ZoneDelegate.invoke (http://localhost:9876/_karma_webpack_/node_modules/zone.js/dist/zone-evergreen.js:364:1)
    at ProxyZoneSpec.push../node_modules/zone.js/dist/zone-testing.js.ProxyZoneSpec.onInvoke (http://localhost:9876/_karma_webpack_/node_modules/zone.js/dist/zone-testing.js:292:1)
</failure>
  </testcase>
  <testcase name="ProfileComponent getUserDetails should return error on occurence of error" time="0.018" classname=".ProfileComponent"/>
  <testcase name="ProfileComponent updateProfile should return error on occurence of error" time="0.022" classname=".ProfileComponent"/>
  <testcase name="ProfileComponent should get getUserDetails method error on occurence of error" time="0.015" classname=".ProfileComponent">
    <failure type="">Error: Expected spy getProfileDetails to have been called.
    at &lt;Jasmine&gt;
    at http://localhost:9876/_karma_webpack_/src/app/component/profile/profile.component.spec.ts:130:43
    at ZoneDelegate.invoke (http://localhost:9876/_karma_webpack_/node_modules/zone.js/dist/zone-evergreen.js:364:1)
    at FakeAsyncTestZoneSpec.push../node_modules/zone.js/dist/zone-testing.js.FakeAsyncTestZoneSpec.onInvoke (http://localhost:9876/_karma_webpack_/node_modules/zone.js/dist/zone-testing.js:1652:1)
</failure>
  </testcase>
  <testcase name="ProfileComponent should validate the edit profile form" time="0.014" classname=".ProfileComponent">
    <failure type="">Error: Expected &lt;button _ngcontent-a-c53 id="editProfileBtn" class="prompt-btn btn"&gt;...&lt;/button&gt; to be null.
    at &lt;Jasmine&gt;
    at UserContext.&lt;anonymous&gt; (http://localhost:9876/_karma_webpack_/src/app/component/profile/profile.component.spec.ts:185:32)
    at ZoneDelegate.invoke (http://localhost:9876/_karma_webpack_/node_modules/zone.js/dist/zone-evergreen.js:364:1)
    at ProxyZoneSpec.push../node_modules/zone.js/dist/zone-testing.js.ProxyZoneSpec.onInvoke (http://localhost:9876/_karma_webpack_/node_modules/zone.js/dist/zone-testing.js:292:1)
</failure>
    <failure type="">Error: Expected &lt;ul _ngcontent-a-c53 id="profileDetails" class="profile-details"&gt;...&lt;/ul&gt; to be null.
    at &lt;Jasmine&gt;
    at UserContext.&lt;anonymous&gt; (http://localhost:9876/_karma_webpack_/src/app/component/profile/profile.component.spec.ts:189:32)
    at ZoneDelegate.invoke (http://localhost:9876/_karma_webpack_/node_modules/zone.js/dist/zone-evergreen.js:364:1)
    at ProxyZoneSpec.push../node_modules/zone.js/dist/zone-testing.js.ProxyZoneSpec.onInvoke (http://localhost:9876/_karma_webpack_/node_modules/zone.js/dist/zone-testing.js:292:1)
</failure>
    <failure type="">Error: Expected true to be falsy.
    at &lt;Jasmine&gt;
    at UserContext.&lt;anonymous&gt; (http://localhost:9876/_karma_webpack_/src/app/component/profile/profile.component.spec.ts:199:45)
    at ZoneDelegate.invoke (http://localhost:9876/_karma_webpack_/node_modules/zone.js/dist/zone-evergreen.js:364:1)
    at ProxyZoneSpec.push../node_modules/zone.js/dist/zone-testing.js.ProxyZoneSpec.onInvoke (http://localhost:9876/_karma_webpack_/node_modules/zone.js/dist/zone-testing.js:292:1)
</failure>
    <failure type="">Error: Expected true to be falsy.
    at &lt;Jasmine&gt;
    at UserContext.&lt;anonymous&gt; (http://localhost:9876/_karma_webpack_/src/app/component/profile/profile.component.spec.ts:202:45)
    at ZoneDelegate.invoke (http://localhost:9876/_karma_webpack_/node_modules/zone.js/dist/zone-evergreen.js:364:1)
    at ProxyZoneSpec.push../node_modules/zone.js/dist/zone-testing.js.ProxyZoneSpec.onInvoke (http://localhost:9876/_karma_webpack_/node_modules/zone.js/dist/zone-testing.js:292:1)
</failure>
    <failure type="">Error: Expected true to be falsy.
    at &lt;Jasmine&gt;
    at UserContext.&lt;anonymous&gt; (http://localhost:9876/_karma_webpack_/src/app/component/profile/profile.component.spec.ts:206:45)
    at ZoneDelegate.invoke (http://localhost:9876/_karma_webpack_/node_modules/zone.js/dist/zone-evergreen.js:364:1)
    at ProxyZoneSpec.push../node_modules/zone.js/dist/zone-testing.js.ProxyZoneSpec.onInvoke (http://localhost:9876/_karma_webpack_/node_modules/zone.js/dist/zone-testing.js:292:1)
</failure>
    <failure type="">Error: Expected true to be falsy.
    at &lt;Jasmine&gt;
    at UserContext.&lt;anonymous&gt; (http://localhost:9876/_karma_webpack_/src/app/component/profile/profile.component.spec.ts:209:45)
    at ZoneDelegate.invoke (http://localhost:9876/_karma_webpack_/node_modules/zone.js/dist/zone-evergreen.js:364:1)
    at ProxyZoneSpec.push../node_modules/zone.js/dist/zone-testing.js.ProxyZoneSpec.onInvoke (http://localhost:9876/_karma_webpack_/node_modules/zone.js/dist/zone-testing.js:292:1)
</failure>
  </testcase>
  <testcase name="ProfileComponent should display profile details on load" time="0.019" classname=".ProfileComponent">
    <failure type="">Error: Expected spy getProfileDetails to have been called.
    at &lt;Jasmine&gt;
    at http://localhost:9876/_karma_webpack_/src/app/component/profile/profile.component.spec.ts:96:43
    at ZoneDelegate.invoke (http://localhost:9876/_karma_webpack_/node_modules/zone.js/dist/zone-evergreen.js:364:1)
    at FakeAsyncTestZoneSpec.push../node_modules/zone.js/dist/zone-testing.js.FakeAsyncTestZoneSpec.onInvoke (http://localhost:9876/_karma_webpack_/node_modules/zone.js/dist/zone-testing.js:1652:1)
</failure>
    <failure type="">Error: Expected '' to equal 'test'.
    at &lt;Jasmine&gt;
    at http://localhost:9876/_karma_webpack_/src/app/component/profile/profile.component.spec.ts:109:45
    at ZoneDelegate.invoke (http://localhost:9876/_karma_webpack_/node_modules/zone.js/dist/zone-evergreen.js:364:1)
    at FakeAsyncTestZoneSpec.push../node_modules/zone.js/dist/zone-testing.js.FakeAsyncTestZoneSpec.onInvoke (http://localhost:9876/_karma_webpack_/node_modules/zone.js/dist/zone-testing.js:1652:1)
</failure>
    <failure type="">Error: Expected '' to equal '1234567890'.
    at &lt;Jasmine&gt;
    at http://localhost:9876/_karma_webpack_/src/app/component/profile/profile.component.spec.ts:110:43
    at ZoneDelegate.invoke (http://localhost:9876/_karma_webpack_/node_modules/zone.js/dist/zone-evergreen.js:364:1)
    at FakeAsyncTestZoneSpec.push../node_modules/zone.js/dist/zone-testing.js.FakeAsyncTestZoneSpec.onInvoke (http://localhost:9876/_karma_webpack_/node_modules/zone.js/dist/zone-testing.js:1652:1)
</failure>
    <failure type="">Error: Expected '' to equal 'test@test.com'.
    at &lt;Jasmine&gt;
    at http://localhost:9876/_karma_webpack_/src/app/component/profile/profile.component.spec.ts:111:42
    at ZoneDelegate.invoke (http://localhost:9876/_karma_webpack_/node_modules/zone.js/dist/zone-evergreen.js:364:1)
    at FakeAsyncTestZoneSpec.push../node_modules/zone.js/dist/zone-testing.js.FakeAsyncTestZoneSpec.onInvoke (http://localhost:9876/_karma_webpack_/node_modules/zone.js/dist/zone-testing.js:1652:1)
</failure>
    <failure type="">Error: Expected '' to equal 'testLocation'.
    at &lt;Jasmine&gt;
    at http://localhost:9876/_karma_webpack_/src/app/component/profile/profile.component.spec.ts:112:45
    at ZoneDelegate.invoke (http://localhost:9876/_karma_webpack_/node_modules/zone.js/dist/zone-evergreen.js:364:1)
    at FakeAsyncTestZoneSpec.push../node_modules/zone.js/dist/zone-testing.js.FakeAsyncTestZoneSpec.onInvoke (http://localhost:9876/_karma_webpack_/node_modules/zone.js/dist/zone-testing.js:1652:1)
</failure>
  </testcase>
  <testcase name="ProfileComponent should populate form fields with values on edit profile button click" time="0.015" classname=".ProfileComponent">
    <failure type="">Error: Expected '' to equal 'test'.
    at &lt;Jasmine&gt;
    at http://localhost:9876/_karma_webpack_/src/app/component/profile/profile.component.spec.ts:230:68
    at ZoneDelegate.invoke (http://localhost:9876/_karma_webpack_/node_modules/zone.js/dist/zone-evergreen.js:364:1)
    at FakeAsyncTestZoneSpec.push../node_modules/zone.js/dist/zone-testing.js.FakeAsyncTestZoneSpec.onInvoke (http://localhost:9876/_karma_webpack_/node_modules/zone.js/dist/zone-testing.js:1652:1)
</failure>
    <failure type="">Error: Expected '' to equal 1234567890.
    at &lt;Jasmine&gt;
    at http://localhost:9876/_karma_webpack_/src/app/component/profile/profile.component.spec.ts:231:66
    at ZoneDelegate.invoke (http://localhost:9876/_karma_webpack_/node_modules/zone.js/dist/zone-evergreen.js:364:1)
    at FakeAsyncTestZoneSpec.push../node_modules/zone.js/dist/zone-testing.js.FakeAsyncTestZoneSpec.onInvoke (http://localhost:9876/_karma_webpack_/node_modules/zone.js/dist/zone-testing.js:1652:1)
</failure>
    <failure type="">Error: Expected '' to equal 'test@test.com'.
    at &lt;Jasmine&gt;
    at http://localhost:9876/_karma_webpack_/src/app/component/profile/profile.component.spec.ts:232:65
    at ZoneDelegate.invoke (http://localhost:9876/_karma_webpack_/node_modules/zone.js/dist/zone-evergreen.js:364:1)
    at FakeAsyncTestZoneSpec.push../node_modules/zone.js/dist/zone-testing.js.FakeAsyncTestZoneSpec.onInvoke (http://localhost:9876/_karma_webpack_/node_modules/zone.js/dist/zone-testing.js:1652:1)
</failure>
    <failure type="">Error: Expected '' to equal 'testLocation'.
    at &lt;Jasmine&gt;
    at http://localhost:9876/_karma_webpack_/src/app/component/profile/profile.component.spec.ts:233:68
    at ZoneDelegate.invoke (http://localhost:9876/_karma_webpack_/node_modules/zone.js/dist/zone-evergreen.js:364:1)
    at FakeAsyncTestZoneSpec.push../node_modules/zone.js/dist/zone-testing.js.FakeAsyncTestZoneSpec.onInvoke (http://localhost:9876/_karma_webpack_/node_modules/zone.js/dist/zone-testing.js:1652:1)
</failure>
  </testcase>
  <testcase name="ProfileComponent should submit profile changes with validation" time="0.009" classname=".ProfileComponent">
    <failure type="">Error: Expected spy changeMyProfile to have been called.
    at &lt;Jasmine&gt;
    at http://localhost:9876/_karma_webpack_/src/app/component/profile/profile.component.spec.ts:267:41
    at ZoneDelegate.invoke (http://localhost:9876/_karma_webpack_/node_modules/zone.js/dist/zone-evergreen.js:364:1)
    at FakeAsyncTestZoneSpec.push../node_modules/zone.js/dist/zone-testing.js.FakeAsyncTestZoneSpec.onInvoke (http://localhost:9876/_karma_webpack_/node_modules/zone.js/dist/zone-testing.js:1652:1)
</failure>
    <failure type="">Error: Expected spy getProfileDetails to have been called.
    at &lt;Jasmine&gt;
    at http://localhost:9876/_karma_webpack_/src/app/component/profile/profile.component.spec.ts:271:45
    at ZoneDelegate.invoke (http://localhost:9876/_karma_webpack_/node_modules/zone.js/dist/zone-evergreen.js:364:1)
    at FakeAsyncTestZoneSpec.push../node_modules/zone.js/dist/zone-testing.js.FakeAsyncTestZoneSpec.onInvoke (http://localhost:9876/_karma_webpack_/node_modules/zone.js/dist/zone-testing.js:1652:1)
</failure>
    <failure type="">Error: Expected spy discardEdit to have been called.
    at &lt;Jasmine&gt;
    at http://localhost:9876/_karma_webpack_/src/app/component/profile/profile.component.spec.ts:272:39
    at ZoneDelegate.invoke (http://localhost:9876/_karma_webpack_/node_modules/zone.js/dist/zone-evergreen.js:364:1)
    at FakeAsyncTestZoneSpec.push../node_modules/zone.js/dist/zone-testing.js.FakeAsyncTestZoneSpec.onInvoke (http://localhost:9876/_karma_webpack_/node_modules/zone.js/dist/zone-testing.js:1652:1)
</failure>
  </testcase>
  <testcase name="ProfileComponent should not call getProfileDetails if profile is not updated" time="0.012" classname=".ProfileComponent"/>
  <testcase name="ViewPatientComponent should call cancelAppointment method with selected appointment id" time="0.014" classname=".ViewPatientComponent">
    <failure type="">Error: Uncaught (in promise): TypeError: Cannot read properties of null (reading 'click')
TypeError: Cannot read properties of null (reading 'click')
    at http://localhost:9876/_karma_webpack_/src/app/component/view-patient/view-patient.component.spec.ts:275:68
    at ZoneDelegate.invoke (http://localhost:9876/_karma_webpack_/node_modules/zone.js/dist/zone-evergreen.js:364:1)
    at FakeAsyncTestZoneSpec.push../node_modules/zone.js/dist/zone-testing.js.FakeAsyncTestZoneSpec.onInvoke (http://localhost:9876/_karma_webpack_/node_modules/zone.js/dist/zone-testing.js:1652:1)
    at ProxyZoneSpec.push../node_modules/zone.js/dist/zone-testing.js.ProxyZoneSpec.onInvoke (http://localhost:9876/_karma_webpack_/node_modules/zone.js/dist/zone-testing.js:289:1)
    at ZoneDelegate.invoke (http://localhost:9876/_karma_webpack_/node_modules/zone.js/dist/zone-evergreen.js:363:1)
    at Zone.run (http://localhost:9876/_karma_webpack_/node_modules/zone.js/dist/zone-evergreen.js:123:1)
    at http://localhost:9876/_karma_webpack_/node_modules/zone.js/dist/zone-evergreen.js:857:1
    at ZoneDelegate.invokeTask (http://localhost:9876/_karma_webpack_/node_modules/zone.js/dist/zone-evergreen.js:399:1)
    at ProxyZoneSpec.push../node_modules/zone.js/dist/zone-testing.js.ProxyZoneSpec.onInvokeTask (http://localhost:9876/_karma_webpack_/node_modules/zone.js/dist/zone-testing.js:323:1)
    at ZoneDelegate.invokeTask (http://localhost:9876/_karma_webpack_/node_modules/zone.js/dist/zone-evergreen.js:398:1)
error properties: Object({ rejection: TypeError: Cannot read properties of null (reading 'click'), promise: [object Promise], zone: Zone({ _parent: Zone({ _parent: null, _name: '&lt;root&gt;', _properties: Object({  }), _zoneDelegate: ZoneDelegate({ _taskCounts: Object({ microTask: 0, macroTask: 0, eventTask: 0 }), zone: &lt;circular reference: Object&gt;, _parentDelegate: null, _forkZS: null, _forkDlgt: null, _forkCurrZone: null, _interceptZS: null, _interceptDlgt: null, _interceptCurrZone: null, _invokeZS: null, _invokeDlgt: null, _invokeCurrZone: null, _handleErrorZS: null, _handleErrorDlgt: null, _handleErrorCurrZone: null, _scheduleTaskZS: null, _scheduleTaskDlgt: null, _scheduleTaskCurrZone: null, _invokeTaskZS: null, _invokeTaskDlgt: null, _invokeTaskCurrZone: null, _cancelTaskZS: null, _cancelTaskDlgt: null, _cancelTaskCurrZone: null, _hasTaskZS: null, _hasTaskDlgt: null, _hasTaskDlgtOwner: null, _hasTaskCurrZone: null }) }), _name: 'ProxyZone', _properties: Object({ ProxyZoneSpec: ProxyZoneSpec({ defau ...
Error: Uncaught (in promise): TypeError: Cannot read properties of null (reading 'click')
TypeError: Cannot read properties of null (reading 'click')
    at http://localhost:9876/_karma_webpack_/src/app/component/view-patient/view-patient.component.spec.ts:275:68
    at ZoneDelegate.invoke (http://localhost:9876/_karma_webpack_/node_modules/zone.js/dist/zone-evergreen.js:364:1)
    at FakeAsyncTestZoneSpec.push../node_modules/zone.js/dist/zone-testing.js.FakeAsyncTestZoneSpec.onInvoke (http://localhost:9876/_karma_webpack_/node_modules/zone.js/dist/zone-testing.js:1652:1)
    at ProxyZoneSpec.push../node_modules/zone.js/dist/zone-testing.js.ProxyZoneSpec.onInvoke (http://localhost:9876/_karma_webpack_/node_modules/zone.js/dist/zone-testing.js:289:1)
    at ZoneDelegate.invoke (http://localhost:9876/_karma_webpack_/node_modules/zone.js/dist/zone-evergreen.js:363:1)
    at Zone.run (http://localhost:9876/_karma_webpack_/node_modules/zone.js/dist/zone-evergreen.js:123:1)
    at http://localhost:9876/_karma_webpack_/node_modules/zone.js/dist/zone-evergreen.js:857:1
    at ZoneDelegate.invokeTask (http://localhost:9876/_karma_webpack_/node_modules/zone.js/dist/zone-evergreen.js:399:1)
    at ProxyZoneSpec.push../node_modules/zone.js/dist/zone-testing.js.ProxyZoneSpec.onInvokeTask (http://localhost:9876/_karma_webpack_/node_modules/zone.js/dist/zone-testing.js:323:1)
    at ZoneDelegate.invokeTask (http://localhost:9876/_karma_webpack_/node_modules/zone.js/dist/zone-evergreen.js:398:1)
    at resolvePromise (http://localhost:9876/_karma_webpack_/node_modules/zone.js/dist/zone-evergreen.js:798:1)
    at http://localhost:9876/_karma_webpack_/node_modules/zone.js/dist/zone-evergreen.js:864:1
    at ZoneDelegate.invokeTask (http://localhost:9876/_karma_webpack_/node_modules/zone.js/dist/zone-evergreen.js:399:1)
    at ProxyZoneSpec.push../node_modules/zone.js/dist/zone-testing.js.ProxyZoneSpec.onInvokeTask (http://localhost:9876/_karma_webpack_/node_modules/zone.js/dist/zone-testing.js:323:1)
    at ZoneDelegate.invokeTask (http://localhost:9876/_karma_webpack_/node_modules/zone.js/dist/zone-evergreen.js:398:1)
    at Zone.runTask (http://localhost:9876/_karma_webpack_/node_modules/zone.js/dist/zone-evergreen.js:167:1)
    at invokeTask (http://localhost:9876/_karma_webpack_/node_modules/zone.js/dist/zone-evergreen.js:480:1)
    at ZoneTask.invoke (http://localhost:9876/_karma_webpack_/node_modules/zone.js/dist/zone-evergreen.js:469:1)
    at FakeAsyncTestZoneSpec.push../node_modules/zone.js/dist/zone-testing.js.FakeAsyncTestZoneSpec.flushMicrotasks (http://localhost:9876/_karma_webpack_/node_modules/zone.js/dist/zone-testing.js:1546:1)
    at flushMicrotasks (http://localhost:9876/_karma_webpack_/node_modules/zone.js/dist/zone-testing.js:1821:37)
</failure>
  </testcase>
  <testcase name="ViewPatientComponent should call scheduleAppointment method for valid form input&quot;" time="0.012" classname=".ViewPatientComponent">
    <failure type="">Error: Uncaught (in promise): TypeError: Cannot read properties of null (reading 'click')
TypeError: Cannot read properties of null (reading 'click')
    at http://localhost:9876/_karma_webpack_/src/app/component/view-patient/view-patient.component.spec.ts:216:63
    at ZoneDelegate.invoke (http://localhost:9876/_karma_webpack_/node_modules/zone.js/dist/zone-evergreen.js:364:1)
    at FakeAsyncTestZoneSpec.push../node_modules/zone.js/dist/zone-testing.js.FakeAsyncTestZoneSpec.onInvoke (http://localhost:9876/_karma_webpack_/node_modules/zone.js/dist/zone-testing.js:1652:1)
    at ProxyZoneSpec.push../node_modules/zone.js/dist/zone-testing.js.ProxyZoneSpec.onInvoke (http://localhost:9876/_karma_webpack_/node_modules/zone.js/dist/zone-testing.js:289:1)
    at ZoneDelegate.invoke (http://localhost:9876/_karma_webpack_/node_modules/zone.js/dist/zone-evergreen.js:363:1)
    at Zone.run (http://localhost:9876/_karma_webpack_/node_modules/zone.js/dist/zone-evergreen.js:123:1)
    at http://localhost:9876/_karma_webpack_/node_modules/zone.js/dist/zone-evergreen.js:857:1
    at ZoneDelegate.invokeTask (http://localhost:9876/_karma_webpack_/node_modules/zone.js/dist/zone-evergreen.js:399:1)
    at ProxyZoneSpec.push../node_modules/zone.js/dist/zone-testing.js.ProxyZoneSpec.onInvokeTask (http://localhost:9876/_karma_webpack_/node_modules/zone.js/dist/zone-testing.js:323:1)
    at ZoneDelegate.invokeTask (http://localhost:9876/_karma_webpack_/node_modules/zone.js/dist/zone-evergreen.js:398:1)
error properties: Object({ rejection: TypeError: Cannot read properties of null (reading 'click'), promise: [object Promise], zone: Zone({ _parent: Zone({ _parent: null, _name: '&lt;root&gt;', _properties: Object({  }), _zoneDelegate: ZoneDelegate({ _taskCounts: Object({ microTask: 0, macroTask: 0, eventTask: 0 }), zone: &lt;circular reference: Object&gt;, _parentDelegate: null, _forkZS: null, _forkDlgt: null, _forkCurrZone: null, _interceptZS: null, _interceptDlgt: null, _interceptCurrZone: null, _invokeZS: null, _invokeDlgt: null, _invokeCurrZone: null, _handleErrorZS: null, _handleErrorDlgt: null, _handleErrorCurrZone: null, _scheduleTaskZS: null, _scheduleTaskDlgt: null, _scheduleTaskCurrZone: null, _invokeTaskZS: null, _invokeTaskDlgt: null, _invokeTaskCurrZone: null, _cancelTaskZS: null, _cancelTaskDlgt: null, _cancelTaskCurrZone: null, _hasTaskZS: null, _hasTaskDlgt: null, _hasTaskDlgtOwner: null, _hasTaskCurrZone: null }) }), _name: 'ProxyZone', _properties: Object({ ProxyZoneSpec: ProxyZoneSpec({ defau ...
Error: Uncaught (in promise): TypeError: Cannot read properties of null (reading 'click')
TypeError: Cannot read properties of null (reading 'click')
    at http://localhost:9876/_karma_webpack_/src/app/component/view-patient/view-patient.component.spec.ts:216:63
    at ZoneDelegate.invoke (http://localhost:9876/_karma_webpack_/node_modules/zone.js/dist/zone-evergreen.js:364:1)
    at FakeAsyncTestZoneSpec.push../node_modules/zone.js/dist/zone-testing.js.FakeAsyncTestZoneSpec.onInvoke (http://localhost:9876/_karma_webpack_/node_modules/zone.js/dist/zone-testing.js:1652:1)
    at ProxyZoneSpec.push../node_modules/zone.js/dist/zone-testing.js.ProxyZoneSpec.onInvoke (http://localhost:9876/_karma_webpack_/node_modules/zone.js/dist/zone-testing.js:289:1)
    at ZoneDelegate.invoke (http://localhost:9876/_karma_webpack_/node_modules/zone.js/dist/zone-evergreen.js:363:1)
    at Zone.run (http://localhost:9876/_karma_webpack_/node_modules/zone.js/dist/zone-evergreen.js:123:1)
    at http://localhost:9876/_karma_webpack_/node_modules/zone.js/dist/zone-evergreen.js:857:1
    at ZoneDelegate.invokeTask (http://localhost:9876/_karma_webpack_/node_modules/zone.js/dist/zone-evergreen.js:399:1)
    at ProxyZoneSpec.push../node_modules/zone.js/dist/zone-testing.js.ProxyZoneSpec.onInvokeTask (http://localhost:9876/_karma_webpack_/node_modules/zone.js/dist/zone-testing.js:323:1)
    at ZoneDelegate.invokeTask (http://localhost:9876/_karma_webpack_/node_modules/zone.js/dist/zone-evergreen.js:398:1)
    at resolvePromise (http://localhost:9876/_karma_webpack_/node_modules/zone.js/dist/zone-evergreen.js:798:1)
    at http://localhost:9876/_karma_webpack_/node_modules/zone.js/dist/zone-evergreen.js:864:1
    at ZoneDelegate.invokeTask (http://localhost:9876/_karma_webpack_/node_modules/zone.js/dist/zone-evergreen.js:399:1)
    at ProxyZoneSpec.push../node_modules/zone.js/dist/zone-testing.js.ProxyZoneSpec.onInvokeTask (http://localhost:9876/_karma_webpack_/node_modules/zone.js/dist/zone-testing.js:323:1)
    at ZoneDelegate.invokeTask (http://localhost:9876/_karma_webpack_/node_modules/zone.js/dist/zone-evergreen.js:398:1)
    at Zone.runTask (http://localhost:9876/_karma_webpack_/node_modules/zone.js/dist/zone-evergreen.js:167:1)
    at invokeTask (http://localhost:9876/_karma_webpack_/node_modules/zone.js/dist/zone-evergreen.js:480:1)
    at ZoneTask.invoke (http://localhost:9876/_karma_webpack_/node_modules/zone.js/dist/zone-evergreen.js:469:1)
    at FakeAsyncTestZoneSpec.push../node_modules/zone.js/dist/zone-testing.js.FakeAsyncTestZoneSpec.flushMicrotasks (http://localhost:9876/_karma_webpack_/node_modules/zone.js/dist/zone-testing.js:1546:1)
    at flushMicrotasks (http://localhost:9876/_karma_webpack_/node_modules/zone.js/dist/zone-testing.js:1821:37)
</failure>
  </testcase>
  <testcase name="ViewPatientComponent should get diseasesList when clicking on &quot;Book Appointment&quot;" time="0.011" classname=".ViewPatientComponent">
    <failure type="">Error: Uncaught (in promise): TypeError: Cannot read properties of null (reading 'click')
TypeError: Cannot read properties of null (reading 'click')
    at http://localhost:9876/_karma_webpack_/src/app/component/view-patient/view-patient.component.spec.ts:203:63
    at ZoneDelegate.invoke (http://localhost:9876/_karma_webpack_/node_modules/zone.js/dist/zone-evergreen.js:364:1)
    at FakeAsyncTestZoneSpec.push../node_modules/zone.js/dist/zone-testing.js.FakeAsyncTestZoneSpec.onInvoke (http://localhost:9876/_karma_webpack_/node_modules/zone.js/dist/zone-testing.js:1652:1)
    at ProxyZoneSpec.push../node_modules/zone.js/dist/zone-testing.js.ProxyZoneSpec.onInvoke (http://localhost:9876/_karma_webpack_/node_modules/zone.js/dist/zone-testing.js:289:1)
    at ZoneDelegate.invoke (http://localhost:9876/_karma_webpack_/node_modules/zone.js/dist/zone-evergreen.js:363:1)
    at Zone.run (http://localhost:9876/_karma_webpack_/node_modules/zone.js/dist/zone-evergreen.js:123:1)
    at http://localhost:9876/_karma_webpack_/node_modules/zone.js/dist/zone-evergreen.js:857:1
    at ZoneDelegate.invokeTask (http://localhost:9876/_karma_webpack_/node_modules/zone.js/dist/zone-evergreen.js:399:1)
    at ProxyZoneSpec.push../node_modules/zone.js/dist/zone-testing.js.ProxyZoneSpec.onInvokeTask (http://localhost:9876/_karma_webpack_/node_modules/zone.js/dist/zone-testing.js:323:1)
    at ZoneDelegate.invokeTask (http://localhost:9876/_karma_webpack_/node_modules/zone.js/dist/zone-evergreen.js:398:1)
error properties: Object({ rejection: TypeError: Cannot read properties of null (reading 'click'), promise: [object Promise], zone: Zone({ _parent: Zone({ _parent: null, _name: '&lt;root&gt;', _properties: Object({  }), _zoneDelegate: ZoneDelegate({ _taskCounts: Object({ microTask: 0, macroTask: 0, eventTask: 0 }), zone: &lt;circular reference: Object&gt;, _parentDelegate: null, _forkZS: null, _forkDlgt: null, _forkCurrZone: null, _interceptZS: null, _interceptDlgt: null, _interceptCurrZone: null, _invokeZS: null, _invokeDlgt: null, _invokeCurrZone: null, _handleErrorZS: null, _handleErrorDlgt: null, _handleErrorCurrZone: null, _scheduleTaskZS: null, _scheduleTaskDlgt: null, _scheduleTaskCurrZone: null, _invokeTaskZS: null, _invokeTaskDlgt: null, _invokeTaskCurrZone: null, _cancelTaskZS: null, _cancelTaskDlgt: null, _cancelTaskCurrZone: null, _hasTaskZS: null, _hasTaskDlgt: null, _hasTaskDlgtOwner: null, _hasTaskCurrZone: null }) }), _name: 'ProxyZone', _properties: Object({ ProxyZoneSpec: ProxyZoneSpec({ defau ...
Error: Uncaught (in promise): TypeError: Cannot read properties of null (reading 'click')
TypeError: Cannot read properties of null (reading 'click')
    at http://localhost:9876/_karma_webpack_/src/app/component/view-patient/view-patient.component.spec.ts:203:63
    at ZoneDelegate.invoke (http://localhost:9876/_karma_webpack_/node_modules/zone.js/dist/zone-evergreen.js:364:1)
    at FakeAsyncTestZoneSpec.push../node_modules/zone.js/dist/zone-testing.js.FakeAsyncTestZoneSpec.onInvoke (http://localhost:9876/_karma_webpack_/node_modules/zone.js/dist/zone-testing.js:1652:1)
    at ProxyZoneSpec.push../node_modules/zone.js/dist/zone-testing.js.ProxyZoneSpec.onInvoke (http://localhost:9876/_karma_webpack_/node_modules/zone.js/dist/zone-testing.js:289:1)
    at ZoneDelegate.invoke (http://localhost:9876/_karma_webpack_/node_modules/zone.js/dist/zone-evergreen.js:363:1)
    at Zone.run (http://localhost:9876/_karma_webpack_/node_modules/zone.js/dist/zone-evergreen.js:123:1)
    at http://localhost:9876/_karma_webpack_/node_modules/zone.js/dist/zone-evergreen.js:857:1
    at ZoneDelegate.invokeTask (http://localhost:9876/_karma_webpack_/node_modules/zone.js/dist/zone-evergreen.js:399:1)
    at ProxyZoneSpec.push../node_modules/zone.js/dist/zone-testing.js.ProxyZoneSpec.onInvokeTask (http://localhost:9876/_karma_webpack_/node_modules/zone.js/dist/zone-testing.js:323:1)
    at ZoneDelegate.invokeTask (http://localhost:9876/_karma_webpack_/node_modules/zone.js/dist/zone-evergreen.js:398:1)
    at resolvePromise (http://localhost:9876/_karma_webpack_/node_modules/zone.js/dist/zone-evergreen.js:798:1)
    at http://localhost:9876/_karma_webpack_/node_modules/zone.js/dist/zone-evergreen.js:864:1
    at ZoneDelegate.invokeTask (http://localhost:9876/_karma_webpack_/node_modules/zone.js/dist/zone-evergreen.js:399:1)
    at ProxyZoneSpec.push../node_modules/zone.js/dist/zone-testing.js.ProxyZoneSpec.onInvokeTask (http://localhost:9876/_karma_webpack_/node_modules/zone.js/dist/zone-testing.js:323:1)
    at ZoneDelegate.invokeTask (http://localhost:9876/_karma_webpack_/node_modules/zone.js/dist/zone-evergreen.js:398:1)
    at Zone.runTask (http://localhost:9876/_karma_webpack_/node_modules/zone.js/dist/zone-evergreen.js:167:1)
    at invokeTask (http://localhost:9876/_karma_webpack_/node_modules/zone.js/dist/zone-evergreen.js:480:1)
    at ZoneTask.invoke (http://localhost:9876/_karma_webpack_/node_modules/zone.js/dist/zone-evergreen.js:469:1)
    at FakeAsyncTestZoneSpec.push../node_modules/zone.js/dist/zone-testing.js.FakeAsyncTestZoneSpec.flushMicrotasks (http://localhost:9876/_karma_webpack_/node_modules/zone.js/dist/zone-testing.js:1546:1)
    at flushMicrotasks (http://localhost:9876/_karma_webpack_/node_modules/zone.js/dist/zone-testing.js:1821:37)
</failure>
  </testcase>
  <testcase name="ViewPatientComponent should call deleteAppointment method of DataService with selected appointment id" time="0.01" classname=".ViewPatientComponent">
    <failure type="">Error: Uncaught (in promise): TypeError: Cannot read properties of null (reading 'click')
TypeError: Cannot read properties of null (reading 'click')
    at http://localhost:9876/_karma_webpack_/src/app/component/view-patient/view-patient.component.spec.ts:290:68
    at ZoneDelegate.invoke (http://localhost:9876/_karma_webpack_/node_modules/zone.js/dist/zone-evergreen.js:364:1)
    at FakeAsyncTestZoneSpec.push../node_modules/zone.js/dist/zone-testing.js.FakeAsyncTestZoneSpec.onInvoke (http://localhost:9876/_karma_webpack_/node_modules/zone.js/dist/zone-testing.js:1652:1)
    at ProxyZoneSpec.push../node_modules/zone.js/dist/zone-testing.js.ProxyZoneSpec.onInvoke (http://localhost:9876/_karma_webpack_/node_modules/zone.js/dist/zone-testing.js:289:1)
    at ZoneDelegate.invoke (http://localhost:9876/_karma_webpack_/node_modules/zone.js/dist/zone-evergreen.js:363:1)
    at Zone.run (http://localhost:9876/_karma_webpack_/node_modules/zone.js/dist/zone-evergreen.js:123:1)
    at http://localhost:9876/_karma_webpack_/node_modules/zone.js/dist/zone-evergreen.js:857:1
    at ZoneDelegate.invokeTask (http://localhost:9876/_karma_webpack_/node_modules/zone.js/dist/zone-evergreen.js:399:1)
    at ProxyZoneSpec.push../node_modules/zone.js/dist/zone-testing.js.ProxyZoneSpec.onInvokeTask (http://localhost:9876/_karma_webpack_/node_modules/zone.js/dist/zone-testing.js:323:1)
    at ZoneDelegate.invokeTask (http://localhost:9876/_karma_webpack_/node_modules/zone.js/dist/zone-evergreen.js:398:1)
error properties: Object({ rejection: TypeError: Cannot read properties of null (reading 'click'), promise: [object Promise], zone: Zone({ _parent: Zone({ _parent: null, _name: '&lt;root&gt;', _properties: Object({  }), _zoneDelegate: ZoneDelegate({ _taskCounts: Object({ microTask: 0, macroTask: 0, eventTask: 0 }), zone: &lt;circular reference: Object&gt;, _parentDelegate: null, _forkZS: null, _forkDlgt: null, _forkCurrZone: null, _interceptZS: null, _interceptDlgt: null, _interceptCurrZone: null, _invokeZS: null, _invokeDlgt: null, _invokeCurrZone: null, _handleErrorZS: null, _handleErrorDlgt: null, _handleErrorCurrZone: null, _scheduleTaskZS: null, _scheduleTaskDlgt: null, _scheduleTaskCurrZone: null, _invokeTaskZS: null, _invokeTaskDlgt: null, _invokeTaskCurrZone: null, _cancelTaskZS: null, _cancelTaskDlgt: null, _cancelTaskCurrZone: null, _hasTaskZS: null, _hasTaskDlgt: null, _hasTaskDlgtOwner: null, _hasTaskCurrZone: null }) }), _name: 'ProxyZone', _properties: Object({ ProxyZoneSpec: ProxyZoneSpec({ defau ...
Error: Uncaught (in promise): TypeError: Cannot read properties of null (reading 'click')
TypeError: Cannot read properties of null (reading 'click')
    at http://localhost:9876/_karma_webpack_/src/app/component/view-patient/view-patient.component.spec.ts:290:68
    at ZoneDelegate.invoke (http://localhost:9876/_karma_webpack_/node_modules/zone.js/dist/zone-evergreen.js:364:1)
    at FakeAsyncTestZoneSpec.push../node_modules/zone.js/dist/zone-testing.js.FakeAsyncTestZoneSpec.onInvoke (http://localhost:9876/_karma_webpack_/node_modules/zone.js/dist/zone-testing.js:1652:1)
    at ProxyZoneSpec.push../node_modules/zone.js/dist/zone-testing.js.ProxyZoneSpec.onInvoke (http://localhost:9876/_karma_webpack_/node_modules/zone.js/dist/zone-testing.js:289:1)
    at ZoneDelegate.invoke (http://localhost:9876/_karma_webpack_/node_modules/zone.js/dist/zone-evergreen.js:363:1)
    at Zone.run (http://localhost:9876/_karma_webpack_/node_modules/zone.js/dist/zone-evergreen.js:123:1)
    at http://localhost:9876/_karma_webpack_/node_modules/zone.js/dist/zone-evergreen.js:857:1
    at ZoneDelegate.invokeTask (http://localhost:9876/_karma_webpack_/node_modules/zone.js/dist/zone-evergreen.js:399:1)
    at ProxyZoneSpec.push../node_modules/zone.js/dist/zone-testing.js.ProxyZoneSpec.onInvokeTask (http://localhost:9876/_karma_webpack_/node_modules/zone.js/dist/zone-testing.js:323:1)
    at ZoneDelegate.invokeTask (http://localhost:9876/_karma_webpack_/node_modules/zone.js/dist/zone-evergreen.js:398:1)
    at resolvePromise (http://localhost:9876/_karma_webpack_/node_modules/zone.js/dist/zone-evergreen.js:798:1)
    at http://localhost:9876/_karma_webpack_/node_modules/zone.js/dist/zone-evergreen.js:864:1
    at ZoneDelegate.invokeTask (http://localhost:9876/_karma_webpack_/node_modules/zone.js/dist/zone-evergreen.js:399:1)
    at ProxyZoneSpec.push../node_modules/zone.js/dist/zone-testing.js.ProxyZoneSpec.onInvokeTask (http://localhost:9876/_karma_webpack_/node_modules/zone.js/dist/zone-testing.js:323:1)
    at ZoneDelegate.invokeTask (http://localhost:9876/_karma_webpack_/node_modules/zone.js/dist/zone-evergreen.js:398:1)
    at Zone.runTask (http://localhost:9876/_karma_webpack_/node_modules/zone.js/dist/zone-evergreen.js:167:1)
    at invokeTask (http://localhost:9876/_karma_webpack_/node_modules/zone.js/dist/zone-evergreen.js:480:1)
    at ZoneTask.invoke (http://localhost:9876/_karma_webpack_/node_modules/zone.js/dist/zone-evergreen.js:469:1)
    at FakeAsyncTestZoneSpec.push../node_modules/zone.js/dist/zone-testing.js.FakeAsyncTestZoneSpec.flushMicrotasks (http://localhost:9876/_karma_webpack_/node_modules/zone.js/dist/zone-testing.js:1546:1)
    at flushMicrotasks (http://localhost:9876/_karma_webpack_/node_modules/zone.js/dist/zone-testing.js:1821:37)
</failure>
  </testcase>
  <testcase name="ViewPatientComponent should call getParticularPatient method of DataService by default" time="0.01" classname=".ViewPatientComponent">
    <failure type="">Error: Expected spy getParticularPatient to have been called.
    at &lt;Jasmine&gt;
    at UserContext.&lt;anonymous&gt; (http://localhost:9876/_karma_webpack_/src/app/component/view-patient/view-patient.component.spec.ts:163:46)
    at UserContext.&lt;anonymous&gt; (http://localhost:9876/_karma_webpack_/node_modules/zone.js/dist/zone-testing.js:1749:1)
    at ZoneDelegate.invoke (http://localhost:9876/_karma_webpack_/node_modules/zone.js/dist/zone-evergreen.js:364:1)
</failure>
  </testcase>
  <testcase name="ViewPatientComponent should navigate to requested_appointments page after booking an appointment" time="0.018" classname=".ViewPatientComponent">
    <failure type="">Error: Uncaught (in promise): TypeError: Cannot read properties of null (reading 'click')
TypeError: Cannot read properties of null (reading 'click')
    at http://localhost:9876/_karma_webpack_/src/app/component/view-patient/view-patient.component.spec.ts:256:63
    at ZoneDelegate.invoke (http://localhost:9876/_karma_webpack_/node_modules/zone.js/dist/zone-evergreen.js:364:1)
    at FakeAsyncTestZoneSpec.push../node_modules/zone.js/dist/zone-testing.js.FakeAsyncTestZoneSpec.onInvoke (http://localhost:9876/_karma_webpack_/node_modules/zone.js/dist/zone-testing.js:1652:1)
    at ProxyZoneSpec.push../node_modules/zone.js/dist/zone-testing.js.ProxyZoneSpec.onInvoke (http://localhost:9876/_karma_webpack_/node_modules/zone.js/dist/zone-testing.js:289:1)
    at ZoneDelegate.invoke (http://localhost:9876/_karma_webpack_/node_modules/zone.js/dist/zone-evergreen.js:363:1)
    at Zone.run (http://localhost:9876/_karma_webpack_/node_modules/zone.js/dist/zone-evergreen.js:123:1)
    at http://localhost:9876/_karma_webpack_/node_modules/zone.js/dist/zone-evergreen.js:857:1
    at ZoneDelegate.invokeTask (http://localhost:9876/_karma_webpack_/node_modules/zone.js/dist/zone-evergreen.js:399:1)
    at ProxyZoneSpec.push../node_modules/zone.js/dist/zone-testing.js.ProxyZoneSpec.onInvokeTask (http://localhost:9876/_karma_webpack_/node_modules/zone.js/dist/zone-testing.js:323:1)
    at ZoneDelegate.invokeTask (http://localhost:9876/_karma_webpack_/node_modules/zone.js/dist/zone-evergreen.js:398:1)
error properties: Object({ rejection: TypeError: Cannot read properties of null (reading 'click'), promise: [object Promise], zone: Zone({ _parent: Zone({ _parent: null, _name: '&lt;root&gt;', _properties: Object({  }), _zoneDelegate: ZoneDelegate({ _taskCounts: Object({ microTask: 0, macroTask: 0, eventTask: 0 }), zone: &lt;circular reference: Object&gt;, _parentDelegate: null, _forkZS: null, _forkDlgt: null, _forkCurrZone: null, _interceptZS: null, _interceptDlgt: null, _interceptCurrZone: null, _invokeZS: null, _invokeDlgt: null, _invokeCurrZone: null, _handleErrorZS: null, _handleErrorDlgt: null, _handleErrorCurrZone: null, _scheduleTaskZS: null, _scheduleTaskDlgt: null, _scheduleTaskCurrZone: null, _invokeTaskZS: null, _invokeTaskDlgt: null, _invokeTaskCurrZone: null, _cancelTaskZS: null, _cancelTaskDlgt: null, _cancelTaskCurrZone: null, _hasTaskZS: null, _hasTaskDlgt: null, _hasTaskDlgtOwner: null, _hasTaskCurrZone: null }) }), _name: 'ProxyZone', _properties: Object({ ProxyZoneSpec: ProxyZoneSpec({ defau ...
Error: Uncaught (in promise): TypeError: Cannot read properties of null (reading 'click')
TypeError: Cannot read properties of null (reading 'click')
    at http://localhost:9876/_karma_webpack_/src/app/component/view-patient/view-patient.component.spec.ts:256:63
    at ZoneDelegate.invoke (http://localhost:9876/_karma_webpack_/node_modules/zone.js/dist/zone-evergreen.js:364:1)
    at FakeAsyncTestZoneSpec.push../node_modules/zone.js/dist/zone-testing.js.FakeAsyncTestZoneSpec.onInvoke (http://localhost:9876/_karma_webpack_/node_modules/zone.js/dist/zone-testing.js:1652:1)
    at ProxyZoneSpec.push../node_modules/zone.js/dist/zone-testing.js.ProxyZoneSpec.onInvoke (http://localhost:9876/_karma_webpack_/node_modules/zone.js/dist/zone-testing.js:289:1)
    at ZoneDelegate.invoke (http://localhost:9876/_karma_webpack_/node_modules/zone.js/dist/zone-evergreen.js:363:1)
    at Zone.run (http://localhost:9876/_karma_webpack_/node_modules/zone.js/dist/zone-evergreen.js:123:1)
    at http://localhost:9876/_karma_webpack_/node_modules/zone.js/dist/zone-evergreen.js:857:1
    at ZoneDelegate.invokeTask (http://localhost:9876/_karma_webpack_/node_modules/zone.js/dist/zone-evergreen.js:399:1)
    at ProxyZoneSpec.push../node_modules/zone.js/dist/zone-testing.js.ProxyZoneSpec.onInvokeTask (http://localhost:9876/_karma_webpack_/node_modules/zone.js/dist/zone-testing.js:323:1)
    at ZoneDelegate.invokeTask (http://localhost:9876/_karma_webpack_/node_modules/zone.js/dist/zone-evergreen.js:398:1)
    at resolvePromise (http://localhost:9876/_karma_webpack_/node_modules/zone.js/dist/zone-evergreen.js:798:1)
    at http://localhost:9876/_karma_webpack_/node_modules/zone.js/dist/zone-evergreen.js:864:1
    at ZoneDelegate.invokeTask (http://localhost:9876/_karma_webpack_/node_modules/zone.js/dist/zone-evergreen.js:399:1)
    at ProxyZoneSpec.push../node_modules/zone.js/dist/zone-testing.js.ProxyZoneSpec.onInvokeTask (http://localhost:9876/_karma_webpack_/node_modules/zone.js/dist/zone-testing.js:323:1)
    at ZoneDelegate.invokeTask (http://localhost:9876/_karma_webpack_/node_modules/zone.js/dist/zone-evergreen.js:398:1)
    at Zone.runTask (http://localhost:9876/_karma_webpack_/node_modules/zone.js/dist/zone-evergreen.js:167:1)
    at invokeTask (http://localhost:9876/_karma_webpack_/node_modules/zone.js/dist/zone-evergreen.js:480:1)
    at ZoneTask.invoke (http://localhost:9876/_karma_webpack_/node_modules/zone.js/dist/zone-evergreen.js:469:1)
    at FakeAsyncTestZoneSpec.push../node_modules/zone.js/dist/zone-testing.js.FakeAsyncTestZoneSpec.flushMicrotasks (http://localhost:9876/_karma_webpack_/node_modules/zone.js/dist/zone-testing.js:1546:1)
    at flushMicrotasks (http://localhost:9876/_karma_webpack_/node_modules/zone.js/dist/zone-testing.js:1821:37)
</failure>
  </testcase>
  <testcase name="ViewPatientComponent should call scheduleAppointment method of DataService with appointment details" time="0.013" classname=".ViewPatientComponent">
    <failure type="">Error: Uncaught (in promise): TypeError: Cannot read properties of null (reading 'click')
TypeError: Cannot read properties of null (reading 'click')
    at http://localhost:9876/_karma_webpack_/src/app/component/view-patient/view-patient.component.spec.ts:237:63
    at ZoneDelegate.invoke (http://localhost:9876/_karma_webpack_/node_modules/zone.js/dist/zone-evergreen.js:364:1)
    at FakeAsyncTestZoneSpec.push../node_modules/zone.js/dist/zone-testing.js.FakeAsyncTestZoneSpec.onInvoke (http://localhost:9876/_karma_webpack_/node_modules/zone.js/dist/zone-testing.js:1652:1)
    at ProxyZoneSpec.push../node_modules/zone.js/dist/zone-testing.js.ProxyZoneSpec.onInvoke (http://localhost:9876/_karma_webpack_/node_modules/zone.js/dist/zone-testing.js:289:1)
    at ZoneDelegate.invoke (http://localhost:9876/_karma_webpack_/node_modules/zone.js/dist/zone-evergreen.js:363:1)
    at Zone.run (http://localhost:9876/_karma_webpack_/node_modules/zone.js/dist/zone-evergreen.js:123:1)
    at http://localhost:9876/_karma_webpack_/node_modules/zone.js/dist/zone-evergreen.js:857:1
    at ZoneDelegate.invokeTask (http://localhost:9876/_karma_webpack_/node_modules/zone.js/dist/zone-evergreen.js:399:1)
    at ProxyZoneSpec.push../node_modules/zone.js/dist/zone-testing.js.ProxyZoneSpec.onInvokeTask (http://localhost:9876/_karma_webpack_/node_modules/zone.js/dist/zone-testing.js:323:1)
    at ZoneDelegate.invokeTask (http://localhost:9876/_karma_webpack_/node_modules/zone.js/dist/zone-evergreen.js:398:1)
error properties: Object({ rejection: TypeError: Cannot read properties of null (reading 'click'), promise: [object Promise], zone: Zone({ _parent: Zone({ _parent: null, _name: '&lt;root&gt;', _properties: Object({  }), _zoneDelegate: ZoneDelegate({ _taskCounts: Object({ microTask: 0, macroTask: 0, eventTask: 0 }), zone: &lt;circular reference: Object&gt;, _parentDelegate: null, _forkZS: null, _forkDlgt: null, _forkCurrZone: null, _interceptZS: null, _interceptDlgt: null, _interceptCurrZone: null, _invokeZS: null, _invokeDlgt: null, _invokeCurrZone: null, _handleErrorZS: null, _handleErrorDlgt: null, _handleErrorCurrZone: null, _scheduleTaskZS: null, _scheduleTaskDlgt: null, _scheduleTaskCurrZone: null, _invokeTaskZS: null, _invokeTaskDlgt: null, _invokeTaskCurrZone: null, _cancelTaskZS: null, _cancelTaskDlgt: null, _cancelTaskCurrZone: null, _hasTaskZS: null, _hasTaskDlgt: null, _hasTaskDlgtOwner: null, _hasTaskCurrZone: null }) }), _name: 'ProxyZone', _properties: Object({ ProxyZoneSpec: ProxyZoneSpec({ defau ...
Error: Uncaught (in promise): TypeError: Cannot read properties of null (reading 'click')
TypeError: Cannot read properties of null (reading 'click')
    at http://localhost:9876/_karma_webpack_/src/app/component/view-patient/view-patient.component.spec.ts:237:63
    at ZoneDelegate.invoke (http://localhost:9876/_karma_webpack_/node_modules/zone.js/dist/zone-evergreen.js:364:1)
    at FakeAsyncTestZoneSpec.push../node_modules/zone.js/dist/zone-testing.js.FakeAsyncTestZoneSpec.onInvoke (http://localhost:9876/_karma_webpack_/node_modules/zone.js/dist/zone-testing.js:1652:1)
    at ProxyZoneSpec.push../node_modules/zone.js/dist/zone-testing.js.ProxyZoneSpec.onInvoke (http://localhost:9876/_karma_webpack_/node_modules/zone.js/dist/zone-testing.js:289:1)
    at ZoneDelegate.invoke (http://localhost:9876/_karma_webpack_/node_modules/zone.js/dist/zone-evergreen.js:363:1)
    at Zone.run (http://localhost:9876/_karma_webpack_/node_modules/zone.js/dist/zone-evergreen.js:123:1)
    at http://localhost:9876/_karma_webpack_/node_modules/zone.js/dist/zone-evergreen.js:857:1
    at ZoneDelegate.invokeTask (http://localhost:9876/_karma_webpack_/node_modules/zone.js/dist/zone-evergreen.js:399:1)
    at ProxyZoneSpec.push../node_modules/zone.js/dist/zone-testing.js.ProxyZoneSpec.onInvokeTask (http://localhost:9876/_karma_webpack_/node_modules/zone.js/dist/zone-testing.js:323:1)
    at ZoneDelegate.invokeTask (http://localhost:9876/_karma_webpack_/node_modules/zone.js/dist/zone-evergreen.js:398:1)
    at resolvePromise (http://localhost:9876/_karma_webpack_/node_modules/zone.js/dist/zone-evergreen.js:798:1)
    at http://localhost:9876/_karma_webpack_/node_modules/zone.js/dist/zone-evergreen.js:864:1
    at ZoneDelegate.invokeTask (http://localhost:9876/_karma_webpack_/node_modules/zone.js/dist/zone-evergreen.js:399:1)
    at ProxyZoneSpec.push../node_modules/zone.js/dist/zone-testing.js.ProxyZoneSpec.onInvokeTask (http://localhost:9876/_karma_webpack_/node_modules/zone.js/dist/zone-testing.js:323:1)
    at ZoneDelegate.invokeTask (http://localhost:9876/_karma_webpack_/node_modules/zone.js/dist/zone-evergreen.js:398:1)
    at Zone.runTask (http://localhost:9876/_karma_webpack_/node_modules/zone.js/dist/zone-evergreen.js:167:1)
    at invokeTask (http://localhost:9876/_karma_webpack_/node_modules/zone.js/dist/zone-evergreen.js:480:1)
    at ZoneTask.invoke (http://localhost:9876/_karma_webpack_/node_modules/zone.js/dist/zone-evergreen.js:469:1)
    at FakeAsyncTestZoneSpec.push../node_modules/zone.js/dist/zone-testing.js.FakeAsyncTestZoneSpec.flushMicrotasks (http://localhost:9876/_karma_webpack_/node_modules/zone.js/dist/zone-testing.js:1546:1)
    at flushMicrotasks (http://localhost:9876/_karma_webpack_/node_modules/zone.js/dist/zone-testing.js:1821:37)
</failure>
  </testcase>
  <testcase name="ViewPatientComponent should get particular patient appointments when clicking on &quot;scheduled Appointment&quot; button" time="0.011" classname=".ViewPatientComponent">
    <failure type="">Error: Uncaught (in promise): TypeError: Cannot read properties of null (reading 'click')
TypeError: Cannot read properties of null (reading 'click')
    at http://localhost:9876/_karma_webpack_/src/app/component/view-patient/view-patient.component.spec.ts:321:68
    at ZoneDelegate.invoke (http://localhost:9876/_karma_webpack_/node_modules/zone.js/dist/zone-evergreen.js:364:1)
    at FakeAsyncTestZoneSpec.push../node_modules/zone.js/dist/zone-testing.js.FakeAsyncTestZoneSpec.onInvoke (http://localhost:9876/_karma_webpack_/node_modules/zone.js/dist/zone-testing.js:1652:1)
    at ProxyZoneSpec.push../node_modules/zone.js/dist/zone-testing.js.ProxyZoneSpec.onInvoke (http://localhost:9876/_karma_webpack_/node_modules/zone.js/dist/zone-testing.js:289:1)
    at ZoneDelegate.invoke (http://localhost:9876/_karma_webpack_/node_modules/zone.js/dist/zone-evergreen.js:363:1)
    at Zone.run (http://localhost:9876/_karma_webpack_/node_modules/zone.js/dist/zone-evergreen.js:123:1)
    at http://localhost:9876/_karma_webpack_/node_modules/zone.js/dist/zone-evergreen.js:857:1
    at ZoneDelegate.invokeTask (http://localhost:9876/_karma_webpack_/node_modules/zone.js/dist/zone-evergreen.js:399:1)
    at ProxyZoneSpec.push../node_modules/zone.js/dist/zone-testing.js.ProxyZoneSpec.onInvokeTask (http://localhost:9876/_karma_webpack_/node_modules/zone.js/dist/zone-testing.js:323:1)
    at ZoneDelegate.invokeTask (http://localhost:9876/_karma_webpack_/node_modules/zone.js/dist/zone-evergreen.js:398:1)
error properties: Object({ rejection: TypeError: Cannot read properties of null (reading 'click'), promise: [object Promise], zone: Zone({ _parent: Zone({ _parent: null, _name: '&lt;root&gt;', _properties: Object({  }), _zoneDelegate: ZoneDelegate({ _taskCounts: Object({ microTask: 0, macroTask: 0, eventTask: 0 }), zone: &lt;circular reference: Object&gt;, _parentDelegate: null, _forkZS: null, _forkDlgt: null, _forkCurrZone: null, _interceptZS: null, _interceptDlgt: null, _interceptCurrZone: null, _invokeZS: null, _invokeDlgt: null, _invokeCurrZone: null, _handleErrorZS: null, _handleErrorDlgt: null, _handleErrorCurrZone: null, _scheduleTaskZS: null, _scheduleTaskDlgt: null, _scheduleTaskCurrZone: null, _invokeTaskZS: null, _invokeTaskDlgt: null, _invokeTaskCurrZone: null, _cancelTaskZS: null, _cancelTaskDlgt: null, _cancelTaskCurrZone: null, _hasTaskZS: null, _hasTaskDlgt: null, _hasTaskDlgtOwner: null, _hasTaskCurrZone: null }) }), _name: 'ProxyZone', _properties: Object({ ProxyZoneSpec: ProxyZoneSpec({ defau ...
Error: Uncaught (in promise): TypeError: Cannot read properties of null (reading 'click')
TypeError: Cannot read properties of null (reading 'click')
    at http://localhost:9876/_karma_webpack_/src/app/component/view-patient/view-patient.component.spec.ts:321:68
    at ZoneDelegate.invoke (http://localhost:9876/_karma_webpack_/node_modules/zone.js/dist/zone-evergreen.js:364:1)
    at FakeAsyncTestZoneSpec.push../node_modules/zone.js/dist/zone-testing.js.FakeAsyncTestZoneSpec.onInvoke (http://localhost:9876/_karma_webpack_/node_modules/zone.js/dist/zone-testing.js:1652:1)
    at ProxyZoneSpec.push../node_modules/zone.js/dist/zone-testing.js.ProxyZoneSpec.onInvoke (http://localhost:9876/_karma_webpack_/node_modules/zone.js/dist/zone-testing.js:289:1)
    at ZoneDelegate.invoke (http://localhost:9876/_karma_webpack_/node_modules/zone.js/dist/zone-evergreen.js:363:1)
    at Zone.run (http://localhost:9876/_karma_webpack_/node_modules/zone.js/dist/zone-evergreen.js:123:1)
    at http://localhost:9876/_karma_webpack_/node_modules/zone.js/dist/zone-evergreen.js:857:1
    at ZoneDelegate.invokeTask (http://localhost:9876/_karma_webpack_/node_modules/zone.js/dist/zone-evergreen.js:399:1)
    at ProxyZoneSpec.push../node_modules/zone.js/dist/zone-testing.js.ProxyZoneSpec.onInvokeTask (http://localhost:9876/_karma_webpack_/node_modules/zone.js/dist/zone-testing.js:323:1)
    at ZoneDelegate.invokeTask (http://localhost:9876/_karma_webpack_/node_modules/zone.js/dist/zone-evergreen.js:398:1)
    at resolvePromise (http://localhost:9876/_karma_webpack_/node_modules/zone.js/dist/zone-evergreen.js:798:1)
    at http://localhost:9876/_karma_webpack_/node_modules/zone.js/dist/zone-evergreen.js:864:1
    at ZoneDelegate.invokeTask (http://localhost:9876/_karma_webpack_/node_modules/zone.js/dist/zone-evergreen.js:399:1)
    at ProxyZoneSpec.push../node_modules/zone.js/dist/zone-testing.js.ProxyZoneSpec.onInvokeTask (http://localhost:9876/_karma_webpack_/node_modules/zone.js/dist/zone-testing.js:323:1)
    at ZoneDelegate.invokeTask (http://localhost:9876/_karma_webpack_/node_modules/zone.js/dist/zone-evergreen.js:398:1)
    at Zone.runTask (http://localhost:9876/_karma_webpack_/node_modules/zone.js/dist/zone-evergreen.js:167:1)
    at invokeTask (http://localhost:9876/_karma_webpack_/node_modules/zone.js/dist/zone-evergreen.js:480:1)
    at ZoneTask.invoke (http://localhost:9876/_karma_webpack_/node_modules/zone.js/dist/zone-evergreen.js:469:1)
    at FakeAsyncTestZoneSpec.push../node_modules/zone.js/dist/zone-testing.js.FakeAsyncTestZoneSpec.flushMicrotasks (http://localhost:9876/_karma_webpack_/node_modules/zone.js/dist/zone-testing.js:1546:1)
    at flushMicrotasks (http://localhost:9876/_karma_webpack_/node_modules/zone.js/dist/zone-testing.js:1821:37)
</failure>
  </testcase>
  <testcase name="ViewPatientComponent &quot;Book Appointment&quot; button should be disabled after clicking on &quot;Scheduled Appointment&quot;" time="0.015" classname=".ViewPatientComponent">
    <failure type="">Error: Uncaught (in promise): TypeError: Cannot read properties of null (reading 'click')
TypeError: Cannot read properties of null (reading 'click')
    at http://localhost:9876/_karma_webpack_/src/app/component/view-patient/view-patient.component.spec.ts:188:68
    at ZoneDelegate.invoke (http://localhost:9876/_karma_webpack_/node_modules/zone.js/dist/zone-evergreen.js:364:1)
    at FakeAsyncTestZoneSpec.push../node_modules/zone.js/dist/zone-testing.js.FakeAsyncTestZoneSpec.onInvoke (http://localhost:9876/_karma_webpack_/node_modules/zone.js/dist/zone-testing.js:1652:1)
    at ProxyZoneSpec.push../node_modules/zone.js/dist/zone-testing.js.ProxyZoneSpec.onInvoke (http://localhost:9876/_karma_webpack_/node_modules/zone.js/dist/zone-testing.js:289:1)
    at ZoneDelegate.invoke (http://localhost:9876/_karma_webpack_/node_modules/zone.js/dist/zone-evergreen.js:363:1)
    at Zone.run (http://localhost:9876/_karma_webpack_/node_modules/zone.js/dist/zone-evergreen.js:123:1)
    at http://localhost:9876/_karma_webpack_/node_modules/zone.js/dist/zone-evergreen.js:857:1
    at ZoneDelegate.invokeTask (http://localhost:9876/_karma_webpack_/node_modules/zone.js/dist/zone-evergreen.js:399:1)
    at ProxyZoneSpec.push../node_modules/zone.js/dist/zone-testing.js.ProxyZoneSpec.onInvokeTask (http://localhost:9876/_karma_webpack_/node_modules/zone.js/dist/zone-testing.js:323:1)
    at ZoneDelegate.invokeTask (http://localhost:9876/_karma_webpack_/node_modules/zone.js/dist/zone-evergreen.js:398:1)
error properties: Object({ rejection: TypeError: Cannot read properties of null (reading 'click'), promise: [object Promise], zone: Zone({ _parent: Zone({ _parent: null, _name: '&lt;root&gt;', _properties: Object({  }), _zoneDelegate: ZoneDelegate({ _taskCounts: Object({ microTask: 0, macroTask: 0, eventTask: 0 }), zone: &lt;circular reference: Object&gt;, _parentDelegate: null, _forkZS: null, _forkDlgt: null, _forkCurrZone: null, _interceptZS: null, _interceptDlgt: null, _interceptCurrZone: null, _invokeZS: null, _invokeDlgt: null, _invokeCurrZone: null, _handleErrorZS: null, _handleErrorDlgt: null, _handleErrorCurrZone: null, _scheduleTaskZS: null, _scheduleTaskDlgt: null, _scheduleTaskCurrZone: null, _invokeTaskZS: null, _invokeTaskDlgt: null, _invokeTaskCurrZone: null, _cancelTaskZS: null, _cancelTaskDlgt: null, _cancelTaskCurrZone: null, _hasTaskZS: null, _hasTaskDlgt: null, _hasTaskDlgtOwner: null, _hasTaskCurrZone: null }) }), _name: 'ProxyZone', _properties: Object({ ProxyZoneSpec: ProxyZoneSpec({ defau ...
Error: Uncaught (in promise): TypeError: Cannot read properties of null (reading 'click')
TypeError: Cannot read properties of null (reading 'click')
    at http://localhost:9876/_karma_webpack_/src/app/component/view-patient/view-patient.component.spec.ts:188:68
    at ZoneDelegate.invoke (http://localhost:9876/_karma_webpack_/node_modules/zone.js/dist/zone-evergreen.js:364:1)
    at FakeAsyncTestZoneSpec.push../node_modules/zone.js/dist/zone-testing.js.FakeAsyncTestZoneSpec.onInvoke (http://localhost:9876/_karma_webpack_/node_modules/zone.js/dist/zone-testing.js:1652:1)
    at ProxyZoneSpec.push../node_modules/zone.js/dist/zone-testing.js.ProxyZoneSpec.onInvoke (http://localhost:9876/_karma_webpack_/node_modules/zone.js/dist/zone-testing.js:289:1)
    at ZoneDelegate.invoke (http://localhost:9876/_karma_webpack_/node_modules/zone.js/dist/zone-evergreen.js:363:1)
    at Zone.run (http://localhost:9876/_karma_webpack_/node_modules/zone.js/dist/zone-evergreen.js:123:1)
    at http://localhost:9876/_karma_webpack_/node_modules/zone.js/dist/zone-evergreen.js:857:1
    at ZoneDelegate.invokeTask (http://localhost:9876/_karma_webpack_/node_modules/zone.js/dist/zone-evergreen.js:399:1)
    at ProxyZoneSpec.push../node_modules/zone.js/dist/zone-testing.js.ProxyZoneSpec.onInvokeTask (http://localhost:9876/_karma_webpack_/node_modules/zone.js/dist/zone-testing.js:323:1)
    at ZoneDelegate.invokeTask (http://localhost:9876/_karma_webpack_/node_modules/zone.js/dist/zone-evergreen.js:398:1)
    at resolvePromise (http://localhost:9876/_karma_webpack_/node_modules/zone.js/dist/zone-evergreen.js:798:1)
    at http://localhost:9876/_karma_webpack_/node_modules/zone.js/dist/zone-evergreen.js:864:1
    at ZoneDelegate.invokeTask (http://localhost:9876/_karma_webpack_/node_modules/zone.js/dist/zone-evergreen.js:399:1)
    at ProxyZoneSpec.push../node_modules/zone.js/dist/zone-testing.js.ProxyZoneSpec.onInvokeTask (http://localhost:9876/_karma_webpack_/node_modules/zone.js/dist/zone-testing.js:323:1)
    at ZoneDelegate.invokeTask (http://localhost:9876/_karma_webpack_/node_modules/zone.js/dist/zone-evergreen.js:398:1)
    at Zone.runTask (http://localhost:9876/_karma_webpack_/node_modules/zone.js/dist/zone-evergreen.js:167:1)
    at invokeTask (http://localhost:9876/_karma_webpack_/node_modules/zone.js/dist/zone-evergreen.js:480:1)
    at ZoneTask.invoke (http://localhost:9876/_karma_webpack_/node_modules/zone.js/dist/zone-evergreen.js:469:1)
    at FakeAsyncTestZoneSpec.push../node_modules/zone.js/dist/zone-testing.js.FakeAsyncTestZoneSpec.flushMicrotasks (http://localhost:9876/_karma_webpack_/node_modules/zone.js/dist/zone-testing.js:1546:1)
    at flushMicrotasks (http://localhost:9876/_karma_webpack_/node_modules/zone.js/dist/zone-testing.js:1821:37)
</failure>
  </testcase>
  <testcase name="ViewPatientComponent should call scheduleded method after deleting an appointment" time="0.008" classname=".ViewPatientComponent">
    <failure type="">Error: Uncaught (in promise): TypeError: Cannot read properties of null (reading 'click')
TypeError: Cannot read properties of null (reading 'click')
    at http://localhost:9876/_karma_webpack_/src/app/component/view-patient/view-patient.component.spec.ts:305:68
    at ZoneDelegate.invoke (http://localhost:9876/_karma_webpack_/node_modules/zone.js/dist/zone-evergreen.js:364:1)
    at FakeAsyncTestZoneSpec.push../node_modules/zone.js/dist/zone-testing.js.FakeAsyncTestZoneSpec.onInvoke (http://localhost:9876/_karma_webpack_/node_modules/zone.js/dist/zone-testing.js:1652:1)
    at ProxyZoneSpec.push../node_modules/zone.js/dist/zone-testing.js.ProxyZoneSpec.onInvoke (http://localhost:9876/_karma_webpack_/node_modules/zone.js/dist/zone-testing.js:289:1)
    at ZoneDelegate.invoke (http://localhost:9876/_karma_webpack_/node_modules/zone.js/dist/zone-evergreen.js:363:1)
    at Zone.run (http://localhost:9876/_karma_webpack_/node_modules/zone.js/dist/zone-evergreen.js:123:1)
    at http://localhost:9876/_karma_webpack_/node_modules/zone.js/dist/zone-evergreen.js:857:1
    at ZoneDelegate.invokeTask (http://localhost:9876/_karma_webpack_/node_modules/zone.js/dist/zone-evergreen.js:399:1)
    at ProxyZoneSpec.push../node_modules/zone.js/dist/zone-testing.js.ProxyZoneSpec.onInvokeTask (http://localhost:9876/_karma_webpack_/node_modules/zone.js/dist/zone-testing.js:323:1)
    at ZoneDelegate.invokeTask (http://localhost:9876/_karma_webpack_/node_modules/zone.js/dist/zone-evergreen.js:398:1)
error properties: Object({ rejection: TypeError: Cannot read properties of null (reading 'click'), promise: [object Promise], zone: Zone({ _parent: Zone({ _parent: null, _name: '&lt;root&gt;', _properties: Object({  }), _zoneDelegate: ZoneDelegate({ _taskCounts: Object({ microTask: 0, macroTask: 0, eventTask: 0 }), zone: &lt;circular reference: Object&gt;, _parentDelegate: null, _forkZS: null, _forkDlgt: null, _forkCurrZone: null, _interceptZS: null, _interceptDlgt: null, _interceptCurrZone: null, _invokeZS: null, _invokeDlgt: null, _invokeCurrZone: null, _handleErrorZS: null, _handleErrorDlgt: null, _handleErrorCurrZone: null, _scheduleTaskZS: null, _scheduleTaskDlgt: null, _scheduleTaskCurrZone: null, _invokeTaskZS: null, _invokeTaskDlgt: null, _invokeTaskCurrZone: null, _cancelTaskZS: null, _cancelTaskDlgt: null, _cancelTaskCurrZone: null, _hasTaskZS: null, _hasTaskDlgt: null, _hasTaskDlgtOwner: null, _hasTaskCurrZone: null }) }), _name: 'ProxyZone', _properties: Object({ ProxyZoneSpec: ProxyZoneSpec({ defau ...
Error: Uncaught (in promise): TypeError: Cannot read properties of null (reading 'click')
TypeError: Cannot read properties of null (reading 'click')
    at http://localhost:9876/_karma_webpack_/src/app/component/view-patient/view-patient.component.spec.ts:305:68
    at ZoneDelegate.invoke (http://localhost:9876/_karma_webpack_/node_modules/zone.js/dist/zone-evergreen.js:364:1)
    at FakeAsyncTestZoneSpec.push../node_modules/zone.js/dist/zone-testing.js.FakeAsyncTestZoneSpec.onInvoke (http://localhost:9876/_karma_webpack_/node_modules/zone.js/dist/zone-testing.js:1652:1)
    at ProxyZoneSpec.push../node_modules/zone.js/dist/zone-testing.js.ProxyZoneSpec.onInvoke (http://localhost:9876/_karma_webpack_/node_modules/zone.js/dist/zone-testing.js:289:1)
    at ZoneDelegate.invoke (http://localhost:9876/_karma_webpack_/node_modules/zone.js/dist/zone-evergreen.js:363:1)
    at Zone.run (http://localhost:9876/_karma_webpack_/node_modules/zone.js/dist/zone-evergreen.js:123:1)
    at http://localhost:9876/_karma_webpack_/node_modules/zone.js/dist/zone-evergreen.js:857:1
    at ZoneDelegate.invokeTask (http://localhost:9876/_karma_webpack_/node_modules/zone.js/dist/zone-evergreen.js:399:1)
    at ProxyZoneSpec.push../node_modules/zone.js/dist/zone-testing.js.ProxyZoneSpec.onInvokeTask (http://localhost:9876/_karma_webpack_/node_modules/zone.js/dist/zone-testing.js:323:1)
    at ZoneDelegate.invokeTask (http://localhost:9876/_karma_webpack_/node_modules/zone.js/dist/zone-evergreen.js:398:1)
    at resolvePromise (http://localhost:9876/_karma_webpack_/node_modules/zone.js/dist/zone-evergreen.js:798:1)
    at http://localhost:9876/_karma_webpack_/node_modules/zone.js/dist/zone-evergreen.js:864:1
    at ZoneDelegate.invokeTask (http://localhost:9876/_karma_webpack_/node_modules/zone.js/dist/zone-evergreen.js:399:1)
    at ProxyZoneSpec.push../node_modules/zone.js/dist/zone-testing.js.ProxyZoneSpec.onInvokeTask (http://localhost:9876/_karma_webpack_/node_modules/zone.js/dist/zone-testing.js:323:1)
    at ZoneDelegate.invokeTask (http://localhost:9876/_karma_webpack_/node_modules/zone.js/dist/zone-evergreen.js:398:1)
    at Zone.runTask (http://localhost:9876/_karma_webpack_/node_modules/zone.js/dist/zone-evergreen.js:167:1)
    at invokeTask (http://localhost:9876/_karma_webpack_/node_modules/zone.js/dist/zone-evergreen.js:480:1)
    at ZoneTask.invoke (http://localhost:9876/_karma_webpack_/node_modules/zone.js/dist/zone-evergreen.js:469:1)
    at FakeAsyncTestZoneSpec.push../node_modules/zone.js/dist/zone-testing.js.FakeAsyncTestZoneSpec.flushMicrotasks (http://localhost:9876/_karma_webpack_/node_modules/zone.js/dist/zone-testing.js:1546:1)
    at flushMicrotasks (http://localhost:9876/_karma_webpack_/node_modules/zone.js/dist/zone-testing.js:1821:37)
</failure>
  </testcase>
  <testcase name="ViewPatientComponent &quot;Scheduled Appointment&quot; button should be disabled after clicking on &quot;Scheduled Appointment&quot;" time="0.007" classname=".ViewPatientComponent">
    <failure type="">Error: Uncaught (in promise): TypeError: Cannot read properties of null (reading 'click')
TypeError: Cannot read properties of null (reading 'click')
    at http://localhost:9876/_karma_webpack_/src/app/component/view-patient/view-patient.component.spec.ts:175:63
    at ZoneDelegate.invoke (http://localhost:9876/_karma_webpack_/node_modules/zone.js/dist/zone-evergreen.js:364:1)
    at FakeAsyncTestZoneSpec.push../node_modules/zone.js/dist/zone-testing.js.FakeAsyncTestZoneSpec.onInvoke (http://localhost:9876/_karma_webpack_/node_modules/zone.js/dist/zone-testing.js:1652:1)
    at ProxyZoneSpec.push../node_modules/zone.js/dist/zone-testing.js.ProxyZoneSpec.onInvoke (http://localhost:9876/_karma_webpack_/node_modules/zone.js/dist/zone-testing.js:289:1)
    at ZoneDelegate.invoke (http://localhost:9876/_karma_webpack_/node_modules/zone.js/dist/zone-evergreen.js:363:1)
    at Zone.run (http://localhost:9876/_karma_webpack_/node_modules/zone.js/dist/zone-evergreen.js:123:1)
    at http://localhost:9876/_karma_webpack_/node_modules/zone.js/dist/zone-evergreen.js:857:1
    at ZoneDelegate.invokeTask (http://localhost:9876/_karma_webpack_/node_modules/zone.js/dist/zone-evergreen.js:399:1)
    at ProxyZoneSpec.push../node_modules/zone.js/dist/zone-testing.js.ProxyZoneSpec.onInvokeTask (http://localhost:9876/_karma_webpack_/node_modules/zone.js/dist/zone-testing.js:323:1)
    at ZoneDelegate.invokeTask (http://localhost:9876/_karma_webpack_/node_modules/zone.js/dist/zone-evergreen.js:398:1)
error properties: Object({ rejection: TypeError: Cannot read properties of null (reading 'click'), promise: [object Promise], zone: Zone({ _parent: Zone({ _parent: null, _name: '&lt;root&gt;', _properties: Object({  }), _zoneDelegate: ZoneDelegate({ _taskCounts: Object({ microTask: 0, macroTask: 0, eventTask: 0 }), zone: &lt;circular reference: Object&gt;, _parentDelegate: null, _forkZS: null, _forkDlgt: null, _forkCurrZone: null, _interceptZS: null, _interceptDlgt: null, _interceptCurrZone: null, _invokeZS: null, _invokeDlgt: null, _invokeCurrZone: null, _handleErrorZS: null, _handleErrorDlgt: null, _handleErrorCurrZone: null, _scheduleTaskZS: null, _scheduleTaskDlgt: null, _scheduleTaskCurrZone: null, _invokeTaskZS: null, _invokeTaskDlgt: null, _invokeTaskCurrZone: null, _cancelTaskZS: null, _cancelTaskDlgt: null, _cancelTaskCurrZone: null, _hasTaskZS: null, _hasTaskDlgt: null, _hasTaskDlgtOwner: null, _hasTaskCurrZone: null }) }), _name: 'ProxyZone', _properties: Object({ ProxyZoneSpec: ProxyZoneSpec({ defau ...
Error: Uncaught (in promise): TypeError: Cannot read properties of null (reading 'click')
TypeError: Cannot read properties of null (reading 'click')
    at http://localhost:9876/_karma_webpack_/src/app/component/view-patient/view-patient.component.spec.ts:175:63
    at ZoneDelegate.invoke (http://localhost:9876/_karma_webpack_/node_modules/zone.js/dist/zone-evergreen.js:364:1)
    at FakeAsyncTestZoneSpec.push../node_modules/zone.js/dist/zone-testing.js.FakeAsyncTestZoneSpec.onInvoke (http://localhost:9876/_karma_webpack_/node_modules/zone.js/dist/zone-testing.js:1652:1)
    at ProxyZoneSpec.push../node_modules/zone.js/dist/zone-testing.js.ProxyZoneSpec.onInvoke (http://localhost:9876/_karma_webpack_/node_modules/zone.js/dist/zone-testing.js:289:1)
    at ZoneDelegate.invoke (http://localhost:9876/_karma_webpack_/node_modules/zone.js/dist/zone-evergreen.js:363:1)
    at Zone.run (http://localhost:9876/_karma_webpack_/node_modules/zone.js/dist/zone-evergreen.js:123:1)
    at http://localhost:9876/_karma_webpack_/node_modules/zone.js/dist/zone-evergreen.js:857:1
    at ZoneDelegate.invokeTask (http://localhost:9876/_karma_webpack_/node_modules/zone.js/dist/zone-evergreen.js:399:1)
    at ProxyZoneSpec.push../node_modules/zone.js/dist/zone-testing.js.ProxyZoneSpec.onInvokeTask (http://localhost:9876/_karma_webpack_/node_modules/zone.js/dist/zone-testing.js:323:1)
    at ZoneDelegate.invokeTask (http://localhost:9876/_karma_webpack_/node_modules/zone.js/dist/zone-evergreen.js:398:1)
    at resolvePromise (http://localhost:9876/_karma_webpack_/node_modules/zone.js/dist/zone-evergreen.js:798:1)
    at http://localhost:9876/_karma_webpack_/node_modules/zone.js/dist/zone-evergreen.js:864:1
    at ZoneDelegate.invokeTask (http://localhost:9876/_karma_webpack_/node_modules/zone.js/dist/zone-evergreen.js:399:1)
    at ProxyZoneSpec.push../node_modules/zone.js/dist/zone-testing.js.ProxyZoneSpec.onInvokeTask (http://localhost:9876/_karma_webpack_/node_modules/zone.js/dist/zone-testing.js:323:1)
    at ZoneDelegate.invokeTask (http://localhost:9876/_karma_webpack_/node_modules/zone.js/dist/zone-evergreen.js:398:1)
    at Zone.runTask (http://localhost:9876/_karma_webpack_/node_modules/zone.js/dist/zone-evergreen.js:167:1)
    at invokeTask (http://localhost:9876/_karma_webpack_/node_modules/zone.js/dist/zone-evergreen.js:480:1)
    at ZoneTask.invoke (http://localhost:9876/_karma_webpack_/node_modules/zone.js/dist/zone-evergreen.js:469:1)
    at FakeAsyncTestZoneSpec.push../node_modules/zone.js/dist/zone-testing.js.FakeAsyncTestZoneSpec.flushMicrotasks (http://localhost:9876/_karma_webpack_/node_modules/zone.js/dist/zone-testing.js:1546:1)
    at flushMicrotasks (http://localhost:9876/_karma_webpack_/node_modules/zone.js/dist/zone-testing.js:1821:37)
</failure>
  </testcase>
  <testcase name="ViewPatientComponent Book Appointment &amp; Scheduled Appointment should be enabled by default" time="0.01" classname=".ViewPatientComponent">
    <failure type="">TypeError: Cannot read properties of null (reading 'disabled')
    at &lt;Jasmine&gt;
    at UserContext.&lt;anonymous&gt; (http://localhost:9876/_karma_webpack_/src/app/component/view-patient/view-patient.component.spec.ts:167:81)
    at UserContext.&lt;anonymous&gt; (http://localhost:9876/_karma_webpack_/node_modules/zone.js/dist/zone-testing.js:1749:1)
    at ZoneDelegate.invoke (http://localhost:9876/_karma_webpack_/node_modules/zone.js/dist/zone-evergreen.js:364:1)
    at ProxyZoneSpec.push../node_modules/zone.js/dist/zone-testing.js.ProxyZoneSpec.onInvoke (http://localhost:9876/_karma_webpack_/node_modules/zone.js/dist/zone-testing.js:292:1)
    at ZoneDelegate.invoke (http://localhost:9876/_karma_webpack_/node_modules/zone.js/dist/zone-evergreen.js:363:1)
    at Zone.run (http://localhost:9876/_karma_webpack_/node_modules/zone.js/dist/zone-evergreen.js:123:1)
    at runInTestZone (http://localhost:9876/_karma_webpack_/node_modules/zone.js/dist/zone-testing.js:545:1)
    at UserContext.&lt;anonymous&gt; (http://localhost:9876/_karma_webpack_/node_modules/zone.js/dist/zone-testing.js:560:1)
    at &lt;Jasmine&gt;
</failure>
  </testcase>
  <system-out>
    <![CDATA[Chrome Headless 96.0.4664.45 (Windows 10) WARN: 'Navigation triggered outside Angular zone, did you forget to call 'ngZone.run()'?'
,Chrome Headless 96.0.4664.45 (Windows 10) WARN: 'Navigation triggered outside Angular zone, did you forget to call 'ngZone.run()'?'
,Chrome Headless 96.0.4664.45 (Windows 10) WARN: 'Navigation triggered outside Angular zone, did you forget to call 'ngZone.run()'?'
,Chrome Headless 96.0.4664.45 (Windows 10) ERROR: 'ERROR', Error: The requested path contains undefined segment at index 1
Error: The requested path contains undefined segment at index 1
    at validateCommands (http://localhost:9876/_karma_webpack_/node_modules/@angular/router/fesm2015/router.js:8018:1)
    at Router.navigate (http://localhost:9876/_karma_webpack_/node_modules/@angular/router/fesm2015/router.js:7622:1)
    at AllPatientsListComponent.view (http://localhost:9876/_karma_webpack_/src/app/component/all-patients-list/all-patients-list.component.ts:30:16)
    at SpyStrategy.exec (http://localhost:9876/base/node_modules/jasmine-core/lib/jasmine-core/jasmine.js?fbc7eaf339ea249d8c912b258548d4e7b4dc180c:7496:22)
    at SpyStrategyDispatcher.exec (http://localhost:9876/base/node_modules/jasmine-core/lib/jasmine-core/jasmine.js?fbc7eaf339ea249d8c912b258548d4e7b4dc180c:7062:23)
    at AllPatientsListComponent.spy (http://localhost:9876/base/node_modules/jasmine-core/lib/jasmine-core/jasmine.js?fbc7eaf339ea249d8c912b258548d4e7b4dc180c:6942:46)
    at AllPatientsListComponent.<anonymous> (http://localhost:9876/base/node_modules/jasmine-core/lib/jasmine-core/jasmine.js?fbc7eaf339ea249d8c912b258548d4e7b4dc180c:6916:20)
    at AllPatientsListComponent.view (http://localhost:9876/base/node_modules/jasmine-core/lib/jasmine-core/jasmine.js?fbc7eaf339ea249d8c912b258548d4e7b4dc180c:6952:23)
    at AllPatientsListComponent_tr_24_Template_a_click_20_listener (ng:///AllPatientsListComponent.js:40:21)
    at executeListenerWithErrorHandling (http://localhost:9876/_karma_webpack_/node_modules/@angular/core/fesm2015/core.js:21815:1)
,Chrome Headless 96.0.4664.45 (Windows 10) ERROR: 'ERROR', Error: The requested path contains undefined segment at index 1
Error: The requested path contains undefined segment at index 1
    at validateCommands (http://localhost:9876/_karma_webpack_/node_modules/@angular/router/fesm2015/router.js:8018:1)
    at Router.navigate (http://localhost:9876/_karma_webpack_/node_modules/@angular/router/fesm2015/router.js:7622:1)
    at AllPatientsListComponent.view (http://localhost:9876/_karma_webpack_/src/app/component/all-patients-list/all-patients-list.component.ts:30:16)
    at SpyStrategy.exec (http://localhost:9876/base/node_modules/jasmine-core/lib/jasmine-core/jasmine.js?fbc7eaf339ea249d8c912b258548d4e7b4dc180c:7496:22)
    at SpyStrategyDispatcher.exec (http://localhost:9876/base/node_modules/jasmine-core/lib/jasmine-core/jasmine.js?fbc7eaf339ea249d8c912b258548d4e7b4dc180c:7062:23)
    at AllPatientsListComponent.spy (http://localhost:9876/base/node_modules/jasmine-core/lib/jasmine-core/jasmine.js?fbc7eaf339ea249d8c912b258548d4e7b4dc180c:6942:46)
    at AllPatientsListComponent.<anonymous> (http://localhost:9876/base/node_modules/jasmine-core/lib/jasmine-core/jasmine.js?fbc7eaf339ea249d8c912b258548d4e7b4dc180c:6916:20)
    at AllPatientsListComponent.view (http://localhost:9876/base/node_modules/jasmine-core/lib/jasmine-core/jasmine.js?fbc7eaf339ea249d8c912b258548d4e7b4dc180c:6952:23)
    at AllPatientsListComponent_tr_24_Template_a_click_20_listener (ng:///AllPatientsListComponent.js:40:21)
    at executeListenerWithErrorHandling (http://localhost:9876/_karma_webpack_/node_modules/@angular/core/fesm2015/core.js:21815:1)
,Chrome Headless 96.0.4664.45 (Windows 10) ERROR: 'ERROR', Error: The requested path contains undefined segment at index 1
Error: The requested path contains undefined segment at index 1
    at validateCommands (http://localhost:9876/_karma_webpack_/node_modules/@angular/router/fesm2015/router.js:8018:1)
    at Router.navigate (http://localhost:9876/_karma_webpack_/node_modules/@angular/router/fesm2015/router.js:7622:1)
    at AllPatientsListComponent.view (http://localhost:9876/_karma_webpack_/src/app/component/all-patients-list/all-patients-list.component.ts:30:16)
    at SpyStrategy.exec (http://localhost:9876/base/node_modules/jasmine-core/lib/jasmine-core/jasmine.js?fbc7eaf339ea249d8c912b258548d4e7b4dc180c:7496:22)
    at SpyStrategyDispatcher.exec (http://localhost:9876/base/node_modules/jasmine-core/lib/jasmine-core/jasmine.js?fbc7eaf339ea249d8c912b258548d4e7b4dc180c:7062:23)
    at AllPatientsListComponent.spy (http://localhost:9876/base/node_modules/jasmine-core/lib/jasmine-core/jasmine.js?fbc7eaf339ea249d8c912b258548d4e7b4dc180c:6942:46)
    at AllPatientsListComponent.<anonymous> (http://localhost:9876/base/node_modules/jasmine-core/lib/jasmine-core/jasmine.js?fbc7eaf339ea249d8c912b258548d4e7b4dc180c:6916:20)
    at AllPatientsListComponent.view (http://localhost:9876/base/node_modules/jasmine-core/lib/jasmine-core/jasmine.js?fbc7eaf339ea249d8c912b258548d4e7b4dc180c:6952:23)
    at AllPatientsListComponent_tr_24_Template_a_click_20_listener (ng:///AllPatientsListComponent.js:40:21)
    at executeListenerWithErrorHandling (http://localhost:9876/_karma_webpack_/node_modules/@angular/core/fesm2015/core.js:21815:1)

]]>
  </system-out>
  <system-err/>
</testsuite>