<?xml version="1.0" encoding="UTF-8"?>
<coverage generated="1623900422720" clover="3.2.0">
	<project timestamp="1623900422720"  name="All Files" >
		<metrics statements="244"  coveredstatements="197"  conditionals="158"  coveredconditionals="82"  methods="69"  coveredmethods="63"  elements="471"  coveredelements="342"  complexity="0"  packages="3"  files="26"  classes="26"  loc="787"  ncloc="787" />
		<package name="api.controllers" >
			<metrics statements="210"  coveredstatements="163"  conditionals="154"  coveredconditionals="78"  methods="65"  coveredmethods="59" />
			<file name="AccessoriesController.js"  path="/projects/challenge/api/controllers/AccessoriesController.js" >
				<metrics statements="46"  coveredstatements="29"  conditionals="34"  coveredconditionals="11"  methods="13"  coveredmethods="11" />
				<line num="8"  count="1"  type="stmt" />
				<line num="11"  count="1"  type="stmt" />
				<line num="14"  count="1"  type="cond"  truecount="1"  falsecount="1" />
				<line num="15"  count="1"  type="stmt" />
				<line num="20"  count="3"  type="stmt" />
				<line num="21"  count="3"  type="stmt" />
				<line num="23"  count="3"  type="cond"  truecount="2"  falsecount="0" />
				<line num="24"  count="1"  type="stmt" />
				<line num="25"  count="1"  type="stmt" />
				<line num="27"  count="2"  type="stmt" />
				<line num="32"  count="1"  type="stmt" />
				<line num="33"  count="1"  type="cond"  truecount="1"  falsecount="1" />
				<line num="34"  count="0"  type="stmt" />
				<line num="36"  count="1"  type="stmt" />
				<line num="37"  count="1"  type="stmt" />
				<line num="38"  count="1"  type="stmt" />
				<line num="39"  count="1"  type="cond"  truecount="1"  falsecount="1" />
				<line num="42"  count="1"  type="cond"  truecount="1"  falsecount="1" />
				<line num="43"  count="1"  type="stmt" />
				<line num="48"  count="1"  type="stmt" />
				<line num="49"  count="1"  type="cond"  truecount="1"  falsecount="1" />
				<line num="50"  count="0"  type="stmt" />
				<line num="54"  count="1"  type="stmt" />
				<line num="57"  count="1"  type="cond"  truecount="1"  falsecount="1" />
				<line num="58"  count="1"  type="cond"  truecount="1"  falsecount="1" />
				<line num="61"  count="1"  type="stmt" />
				<line num="62"  count="1"  type="cond"  truecount="1"  falsecount="1" />
				<line num="63"  count="1"  type="stmt" />
				<line num="69"  count="1"  type="stmt" />
				<line num="71"  count="1"  type="cond"  truecount="1"  falsecount="1" />
				<line num="72"  count="1"  type="stmt" />
				<line num="76"  count="0"  type="stmt" />
				<line num="77"  count="0"  type="stmt" />
				<line num="79"  count="0"  type="cond"  truecount="0"  falsecount="4" />
				<line num="80"  count="0"  type="stmt" />
				<line num="81"  count="0"  type="cond"  truecount="0"  falsecount="2" />
				<line num="82"  count="0"  type="stmt" />
				<line num="83"  count="0"  type="cond"  truecount="0"  falsecount="2" />
				<line num="84"  count="0"  type="stmt" />
				<line num="85"  count="0"  type="cond"  truecount="0"  falsecount="2" />
				<line num="86"  count="0"  type="stmt" />
				<line num="88"  count="0"  type="stmt" />
				<line num="90"  count="0"  type="cond"  truecount="0"  falsecount="2" />
				<line num="91"  count="0"  type="cond"  truecount="0"  falsecount="2" />
				<line num="92"  count="0"  type="stmt" />
				<line num="94"  count="0"  type="stmt" />
			</file>
			<file name="CarsController.js"  path="/projects/challenge/api/controllers/CarsController.js" >
				<metrics statements="46"  coveredstatements="31"  conditionals="34"  coveredconditionals="15"  methods="13"  coveredmethods="11" />
				<line num="6"  count="1"  type="stmt" />
				<line num="9"  count="1"  type="stmt" />
				<line num="12"  count="1"  type="cond"  truecount="1"  falsecount="1" />
				<line num="13"  count="1"  type="stmt" />
				<line num="18"  count="4"  type="stmt" />
				<line num="19"  count="4"  type="stmt" />
				<line num="21"  count="4"  type="cond"  truecount="2"  falsecount="0" />
				<line num="22"  count="3"  type="stmt" />
				<line num="23"  count="3"  type="stmt" />
				<line num="25"  count="1"  type="stmt" />
				<line num="31"  count="3"  type="stmt" />
				<line num="32"  count="3"  type="cond"  truecount="2"  falsecount="0" />
				<line num="33"  count="1"  type="stmt" />
				<line num="35"  count="2"  type="stmt" />
				<line num="36"  count="2"  type="stmt" />
				<line num="37"  count="2"  type="stmt" />
				<line num="38"  count="2"  type="cond"  truecount="2"  falsecount="0" />
				<line num="41"  count="1"  type="cond"  truecount="1"  falsecount="1" />
				<line num="42"  count="1"  type="stmt" />
				<line num="47"  count="3"  type="stmt" />
				<line num="48"  count="3"  type="cond"  truecount="2"  falsecount="0" />
				<line num="49"  count="1"  type="stmt" />
				<line num="53"  count="2"  type="stmt" />
				<line num="56"  count="2"  type="cond"  truecount="1"  falsecount="1" />
				<line num="57"  count="2"  type="cond"  truecount="2"  falsecount="0" />
				<line num="60"  count="1"  type="stmt" />
				<line num="61"  count="1"  type="cond"  truecount="1"  falsecount="1" />
				<line num="62"  count="1"  type="stmt" />
				<line num="68"  count="1"  type="stmt" />
				<line num="70"  count="1"  type="cond"  truecount="1"  falsecount="1" />
				<line num="71"  count="1"  type="stmt" />
				<line num="75"  count="0"  type="stmt" />
				<line num="76"  count="0"  type="stmt" />
				<line num="78"  count="0"  type="cond"  truecount="0"  falsecount="4" />
				<line num="79"  count="0"  type="stmt" />
				<line num="80"  count="0"  type="cond"  truecount="0"  falsecount="2" />
				<line num="81"  count="0"  type="stmt" />
				<line num="82"  count="0"  type="cond"  truecount="0"  falsecount="2" />
				<line num="83"  count="0"  type="stmt" />
				<line num="84"  count="0"  type="cond"  truecount="0"  falsecount="2" />
				<line num="85"  count="0"  type="stmt" />
				<line num="87"  count="0"  type="stmt" />
				<line num="89"  count="0"  type="cond"  truecount="0"  falsecount="2" />
				<line num="90"  count="0"  type="cond"  truecount="0"  falsecount="2" />
				<line num="91"  count="0"  type="stmt" />
				<line num="93"  count="0"  type="stmt" />
			</file>
			<file name="ManufacturerController.js"  path="/projects/challenge/api/controllers/ManufacturerController.js" >
				<metrics statements="36"  coveredstatements="36"  conditionals="26"  coveredconditionals="18"  methods="13"  coveredmethods="13" />
				<line num="6"  count="1"  type="stmt" />
				<line num="9"  count="1"  type="stmt" />
				<line num="12"  count="1"  type="cond"  truecount="1"  falsecount="1" />
				<line num="13"  count="1"  type="stmt" />
				<line num="18"  count="2"  type="stmt" />
				<line num="19"  count="2"  type="stmt" />
				<line num="21"  count="2"  type="cond"  truecount="1"  falsecount="1" />
				<line num="22"  count="2"  type="stmt" />
				<line num="27"  count="3"  type="stmt" />
				<line num="28"  count="3"  type="cond"  truecount="2"  falsecount="0" />
				<line num="29"  count="1"  type="stmt" />
				<line num="31"  count="2"  type="stmt" />
				<line num="36"  count="2"  type="cond"  truecount="2"  falsecount="0" />
				<line num="39"  count="1"  type="cond"  truecount="1"  falsecount="1" />
				<line num="40"  count="1"  type="stmt" />
				<line num="45"  count="3"  type="stmt" />
				<line num="46"  count="3"  type="cond"  truecount="2"  falsecount="0" />
				<line num="47"  count="1"  type="stmt" />
				<line num="49"  count="2"  type="stmt" />
				<line num="50"  count="2"  type="stmt" />
				<line num="51"  count="2"  type="stmt" />
				<line num="52"  count="2"  type="cond"  truecount="2"  falsecount="0" />
				<line num="55"  count="1"  type="cond"  truecount="1"  falsecount="1" />
				<line num="56"  count="1"  type="stmt" />
				<line num="61"  count="2"  type="stmt" />
				<line num="62"  count="2"  type="cond"  truecount="2"  falsecount="0" />
				<line num="63"  count="1"  type="stmt" />
				<line num="67"  count="1"  type="stmt" />
				<line num="70"  count="1"  type="cond"  truecount="1"  falsecount="1" />
				<line num="71"  count="1"  type="cond"  truecount="1"  falsecount="1" />
				<line num="74"  count="1"  type="stmt" />
				<line num="75"  count="1"  type="cond"  truecount="1"  falsecount="1" />
				<line num="76"  count="1"  type="stmt" />
				<line num="82"  count="1"  type="stmt" />
				<line num="84"  count="1"  type="cond"  truecount="1"  falsecount="1" />
				<line num="85"  count="1"  type="stmt" />
			</file>
			<file name="SegmentController.js"  path="/projects/challenge/api/controllers/SegmentController.js" >
				<metrics statements="36"  coveredstatements="36"  conditionals="26"  coveredconditionals="19"  methods="13"  coveredmethods="13" />
				<line num="7"  count="1"  type="stmt" />
				<line num="10"  count="2"  type="stmt" />
				<line num="13"  count="2"  type="cond"  truecount="1"  falsecount="1" />
				<line num="14"  count="2"  type="stmt" />
				<line num="19"  count="2"  type="stmt" />
				<line num="20"  count="2"  type="stmt" />
				<line num="22"  count="2"  type="cond"  truecount="1"  falsecount="1" />
				<line num="23"  count="2"  type="stmt" />
				<line num="28"  count="3"  type="stmt" />
				<line num="29"  count="3"  type="cond"  truecount="2"  falsecount="0" />
				<line num="30"  count="1"  type="stmt" />
				<line num="32"  count="2"  type="stmt" />
				<line num="37"  count="2"  type="cond"  truecount="2"  falsecount="0" />
				<line num="40"  count="1"  type="cond"  truecount="1"  falsecount="1" />
				<line num="41"  count="1"  type="stmt" />
				<line num="46"  count="3"  type="stmt" />
				<line num="47"  count="3"  type="cond"  truecount="2"  falsecount="0" />
				<line num="48"  count="1"  type="stmt" />
				<line num="50"  count="2"  type="stmt" />
				<line num="51"  count="2"  type="stmt" />
				<line num="52"  count="2"  type="stmt" />
				<line num="53"  count="2"  type="cond"  truecount="2"  falsecount="0" />
				<line num="56"  count="1"  type="cond"  truecount="1"  falsecount="1" />
				<line num="57"  count="1"  type="stmt" />
				<line num="62"  count="3"  type="stmt" />
				<line num="63"  count="3"  type="cond"  truecount="2"  falsecount="0" />
				<line num="64"  count="1"  type="stmt" />
				<line num="68"  count="2"  type="stmt" />
				<line num="69"  count="2"  type="cond"  truecount="1"  falsecount="1" />
				<line num="70"  count="2"  type="cond"  truecount="2"  falsecount="0" />
				<line num="73"  count="1"  type="stmt" />
				<line num="74"  count="1"  type="cond"  truecount="1"  falsecount="1" />
				<line num="75"  count="1"  type="stmt" />
				<line num="80"  count="1"  type="stmt" />
				<line num="82"  count="1"  type="cond"  truecount="1"  falsecount="1" />
				<line num="83"  count="1"  type="stmt" />
			</file>
			<file name="VariantController.js"  path="/projects/challenge/api/controllers/VariantController.js" >
				<metrics statements="46"  coveredstatements="31"  conditionals="34"  coveredconditionals="15"  methods="13"  coveredmethods="11" />
				<line num="8"  count="1"  type="stmt" />
				<line num="10"  count="1"  type="stmt" />
				<line num="13"  count="1"  type="cond"  truecount="1"  falsecount="1" />
				<line num="14"  count="1"  type="stmt" />
				<line num="19"  count="3"  type="stmt" />
				<line num="20"  count="3"  type="stmt" />
				<line num="22"  count="3"  type="cond"  truecount="2"  falsecount="0" />
				<line num="23"  count="1"  type="stmt" />
				<line num="24"  count="1"  type="stmt" />
				<line num="26"  count="2"  type="stmt" />
				<line num="31"  count="3"  type="stmt" />
				<line num="32"  count="3"  type="cond"  truecount="2"  falsecount="0" />
				<line num="33"  count="1"  type="stmt" />
				<line num="35"  count="2"  type="stmt" />
				<line num="36"  count="2"  type="stmt" />
				<line num="37"  count="2"  type="stmt" />
				<line num="38"  count="2"  type="cond"  truecount="2"  falsecount="0" />
				<line num="41"  count="1"  type="cond"  truecount="1"  falsecount="1" />
				<line num="42"  count="1"  type="stmt" />
				<line num="47"  count="3"  type="stmt" />
				<line num="48"  count="3"  type="cond"  truecount="2"  falsecount="0" />
				<line num="49"  count="1"  type="stmt" />
				<line num="53"  count="2"  type="stmt" />
				<line num="56"  count="2"  type="cond"  truecount="1"  falsecount="1" />
				<line num="57"  count="2"  type="cond"  truecount="2"  falsecount="0" />
				<line num="60"  count="1"  type="stmt" />
				<line num="61"  count="1"  type="cond"  truecount="1"  falsecount="1" />
				<line num="62"  count="1"  type="stmt" />
				<line num="68"  count="1"  type="stmt" />
				<line num="70"  count="1"  type="cond"  truecount="1"  falsecount="1" />
				<line num="71"  count="1"  type="stmt" />
				<line num="75"  count="0"  type="stmt" />
				<line num="76"  count="0"  type="stmt" />
				<line num="78"  count="0"  type="cond"  truecount="0"  falsecount="4" />
				<line num="79"  count="0"  type="stmt" />
				<line num="80"  count="0"  type="cond"  truecount="0"  falsecount="2" />
				<line num="81"  count="0"  type="stmt" />
				<line num="82"  count="0"  type="cond"  truecount="0"  falsecount="2" />
				<line num="83"  count="0"  type="stmt" />
				<line num="84"  count="0"  type="cond"  truecount="0"  falsecount="2" />
				<line num="85"  count="0"  type="stmt" />
				<line num="87"  count="0"  type="stmt" />
				<line num="89"  count="0"  type="cond"  truecount="0"  falsecount="2" />
				<line num="90"  count="0"  type="cond"  truecount="0"  falsecount="2" />
				<line num="91"  count="0"  type="stmt" />
				<line num="93"  count="0"  type="stmt" />
			</file>
		</package>
		<package name="api.models" >
			<metrics statements="18"  coveredstatements="18"  conditionals="4"  coveredconditionals="4"  methods="3"  coveredmethods="3" />
			<file name="Accessories.js"  path="/projects/challenge/api/models/Accessories.js" >
				<metrics statements="1"  coveredstatements="1"  conditionals="0"  coveredconditionals="0"  methods="0"  coveredmethods="0" />
				<line num="1"  count="1"  type="stmt" />
			</file>
			<file name="Cars.js"  path="/projects/challenge/api/models/Cars.js" >
				<metrics statements="14"  coveredstatements="14"  conditionals="4"  coveredconditionals="4"  methods="3"  coveredmethods="3" />
				<line num="1"  count="1"  type="stmt" />
				<line num="34"  count="4"  type="stmt" />
				<line num="38"  count="4"  type="cond"  truecount="2"  falsecount="0" />
				<line num="39"  count="1"  type="stmt" />
				<line num="40"  count="1"  type="stmt" />
				<line num="41"  count="1"  type="stmt" />
				<line num="42"  count="1"  type="stmt" />
				<line num="44"  count="3"  type="stmt" />
				<line num="48"  count="3"  type="cond"  truecount="2"  falsecount="0" />
				<line num="49"  count="1"  type="stmt" />
				<line num="50"  count="1"  type="stmt" />
				<line num="51"  count="1"  type="stmt" />
				<line num="52"  count="1"  type="stmt" />
				<line num="54"  count="2"  type="stmt" />
			</file>
			<file name="Manufacturer.js"  path="/projects/challenge/api/models/Manufacturer.js" >
				<metrics statements="1"  coveredstatements="1"  conditionals="0"  coveredconditionals="0"  methods="0"  coveredmethods="0" />
				<line num="1"  count="1"  type="stmt" />
			</file>
			<file name="Segment.js"  path="/projects/challenge/api/models/Segment.js" >
				<metrics statements="1"  coveredstatements="1"  conditionals="0"  coveredconditionals="0"  methods="0"  coveredmethods="0" />
				<line num="1"  count="1"  type="stmt" />
			</file>
			<file name="Variant.js"  path="/projects/challenge/api/models/Variant.js" >
				<metrics statements="1"  coveredstatements="1"  conditionals="0"  coveredconditionals="0"  methods="0"  coveredmethods="0" />
				<line num="1"  count="1"  type="stmt" />
			</file>
		</package>
		<package name="config" >
			<metrics statements="16"  coveredstatements="16"  conditionals="0"  coveredconditionals="0"  methods="1"  coveredmethods="1" />
			<file name="blueprints.js"  path="/projects/challenge/config/blueprints.js" >
				<metrics statements="1"  coveredstatements="1"  conditionals="0"  coveredconditionals="0"  methods="0"  coveredmethods="0" />
				<line num="26"  count="1"  type="stmt" />
			</file>
			<file name="bootstrap.js"  path="/projects/challenge/config/bootstrap.js" >
				<metrics statements="2"  coveredstatements="2"  conditionals="0"  coveredconditionals="0"  methods="1"  coveredmethods="1" />
				<line num="12"  count="1"  type="stmt" />
				<line num="16"  count="1"  type="stmt" />
			</file>
			<file name="connections.js"  path="/projects/challenge/config/connections.js" >
				<metrics statements="1"  coveredstatements="1"  conditionals="0"  coveredconditionals="0"  methods="0"  coveredmethods="0" />
				<line num="22"  count="1"  type="stmt" />
			</file>
			<file name="cors.js"  path="/projects/challenge/config/cors.js" >
				<metrics statements="1"  coveredstatements="1"  conditionals="0"  coveredconditionals="0"  methods="0"  coveredmethods="0" />
				<line num="29"  count="1"  type="stmt" />
			</file>
			<file name="csrf.js"  path="/projects/challenge/config/csrf.js" >
				<metrics statements="0"  coveredstatements="0"  conditionals="0"  coveredconditionals="0"  methods="0"  coveredmethods="0" />
			</file>
			<file name="globals.js"  path="/projects/challenge/config/globals.js" >
				<metrics statements="1"  coveredstatements="1"  conditionals="0"  coveredconditionals="0"  methods="0"  coveredmethods="0" />
				<line num="11"  count="1"  type="stmt" />
			</file>
			<file name="http.js"  path="/projects/challenge/config/http.js" >
				<metrics statements="1"  coveredstatements="1"  conditionals="0"  coveredconditionals="0"  methods="0"  coveredmethods="0" />
				<line num="12"  count="1"  type="stmt" />
			</file>
			<file name="i18n.js"  path="/projects/challenge/config/i18n.js" >
				<metrics statements="1"  coveredstatements="1"  conditionals="0"  coveredconditionals="0"  methods="0"  coveredmethods="0" />
				<line num="18"  count="1"  type="stmt" />
			</file>
			<file name="local.js"  path="/projects/challenge/config/local.js" >
				<metrics statements="1"  coveredstatements="1"  conditionals="0"  coveredconditionals="0"  methods="0"  coveredmethods="0" />
				<line num="30"  count="1"  type="stmt" />
			</file>
			<file name="log.js"  path="/projects/challenge/config/log.js" >
				<metrics statements="1"  coveredstatements="1"  conditionals="0"  coveredconditionals="0"  methods="0"  coveredmethods="0" />
				<line num="13"  count="1"  type="stmt" />
			</file>
			<file name="models.js"  path="/projects/challenge/config/models.js" >
				<metrics statements="1"  coveredstatements="1"  conditionals="0"  coveredconditionals="0"  methods="0"  coveredmethods="0" />
				<line num="12"  count="1"  type="stmt" />
			</file>
			<file name="policies.js"  path="/projects/challenge/config/policies.js" >
				<metrics statements="1"  coveredstatements="1"  conditionals="0"  coveredconditionals="0"  methods="0"  coveredmethods="0" />
				<line num="20"  count="1"  type="stmt" />
			</file>
			<file name="routes.js"  path="/projects/challenge/config/routes.js" >
				<metrics statements="1"  coveredstatements="1"  conditionals="0"  coveredconditionals="0"  methods="0"  coveredmethods="0" />
				<line num="1"  count="1"  type="stmt" />
			</file>
			<file name="session.js"  path="/projects/challenge/config/session.js" >
				<metrics statements="1"  coveredstatements="1"  conditionals="0"  coveredconditionals="0"  methods="0"  coveredmethods="0" />
				<line num="15"  count="1"  type="stmt" />
			</file>
			<file name="sockets.js"  path="/projects/challenge/config/sockets.js" >
				<metrics statements="1"  coveredstatements="1"  conditionals="0"  coveredconditionals="0"  methods="0"  coveredmethods="0" />
				<line num="13"  count="1"  type="stmt" />
			</file>
			<file name="views.js"  path="/projects/challenge/config/views.js" >
				<metrics statements="1"  coveredstatements="1"  conditionals="0"  coveredconditionals="0"  methods="0"  coveredmethods="0" />
				<line num="14"  count="1"  type="stmt" />
			</file>
		</package>
	</project>
</coverage>
